#-----------------------------------------------------------
# updatemem v2022.2 (64-bit)
# SW Build 3671981 on Fri Oct 14 05:00:03 MDT 2022
# 
# Start of session at: Mon Mar  6 23:23:15 2023
# Process ID: 20736
# Current directory: D:/Tony/Downloads/RainbowGhost/Code/mircoBlaze_VC707_PCIeV3
# Command line: updatemem.exe -mode batch -source D:/Xilinx/Vitis/2022.2/scripts/updatemem/main.tcl -notrace -tclargs -meminfo D:/Tony/Downloads/RainbowGhost/Code/mircoBlaze_VC707_PCIeV3/VitisV3/xaxipcie_rc_enumerate_example_1/_ide/bitstream/mb_preset_wrapper.mmi -data D:/Xilinx/Vitis/2022.2/data/embeddedsw/lib/microblaze/mb_bootloop_le.elf -proc mb_preset_i/microblaze_0 -bit D:/Tony/Downloads/RainbowGhost/Code/mircoBlaze_VC707_PCIeV3/VitisV3/xaxipcie_rc_enumerate_example_1/_ide/bitstream/mb_preset_wrapper.bit -out D:/Tony/Downloads/RainbowGhost/Code/mircoBlaze_VC707_PCIeV3/VitisV3/xaxipcie_rc_enumerate_example_1/_ide/bitstream/download.bit -force
# Log file: D:/Tony/Downloads/RainbowGhost/Code/mircoBlaze_VC707_PCIeV3/updatemem.log
# Journal file: D:/Tony/Downloads/RainbowGhost/Code/mircoBlaze_VC707_PCIeV3\updatemem.jou
# Running On: Tony-VPI4CJD, OS: Windows, CPU Frequency: 2208 MHz, CPU Physical cores: 6, Host memory: 34140 MB
#-----------------------------------------------------------
source D:/Xilinx/Vitis/2022.2/scripts/updatemem/main.tcl -notrace
Command: update_mem -meminfo D:/Tony/Downloads/RainbowGhost/Code/mircoBlaze_VC707_PCIeV3/VitisV3/xaxipcie_rc_enumerate_example_1/_ide/bitstream/mb_preset_wrapper.mmi -data D:/Xilinx/Vitis/2022.2/data/embeddedsw/lib/microblaze/mb_bootloop_le.elf -proc mb_preset_i/microblaze_0 -bit D:/Tony/Downloads/RainbowGhost/Code/mircoBlaze_VC707_PCIeV3/VitisV3/xaxipcie_rc_enumerate_example_1/_ide/bitstream/mb_preset_wrapper.bit -out D:/Tony/Downloads/RainbowGhost/Code/mircoBlaze_VC707_PCIeV3/VitisV3/xaxipcie_rc_enumerate_example_1/_ide/bitstream/download.bit -force
Loading bitfile D:/Tony/Downloads/RainbowGhost/Code/mircoBlaze_VC707_PCIeV3/VitisV3/xaxipcie_rc_enumerate_example_1/_ide/bitstream/mb_preset_wrapper.bit
Loading data files...
Updating memory content...
Creating bitstream...
Writing bitstream D:/Tony/Downloads/RainbowGhost/Code/mircoBlaze_VC707_PCIeV3/VitisV3/xaxipcie_rc_enumerate_example_1/_ide/bitstream/download.bit...
0 Infos, 0 Warnings, 0 Critical Warnings and 0 Errors encountered.
update_mem completed successfully
update_mem: Time (s): cpu = 00:00:25 ; elapsed = 00:00:28 . Memory (MB): peak = 1647.148 ; gain = 1558.801
INFO: [Common 17-206] Exiting updatemem at Mon Mar  6 23:23:44 2023...
