Vivado Simulator v2022.2
Copyright 1986-1999, 2001-2022 Xilinx, Inc. All Rights Reserved.
Running: C:/Xilinx/Vivado/2022.2/bin/unwrapped/win64.o/xelab.exe --incr --debug typical --relax --mt 2 -L xil_defaultlib -L secureip --snapshot lab5_top_behav xil_defaultlib.lab5_top -log elaborate.log 
Using 2 slave threads.
Starting static elaboration
Completed static elaboration
Starting simulation data flow analysis
Completed simulation data flow analysis
Time Resolution for simulation is 1ps
Compiling package std.standard
Compiling package std.textio
Compiling package ieee.std_logic_1164
Compiling package ieee.std_logic_arith
Compiling package ieee.std_logic_unsigned
Compiling package ieee.numeric_std
Compiling architecture behavioral of entity xil_defaultlib.vga_controller [vga_controller_default]
Compiling architecture behavioral of entity xil_defaultlib.SwitchDebouncer [switchdebouncer_default]
Compiling architecture behavior of entity xil_defaultlib.display_generator [display_generator_default]
Compiling architecture logic of entity xil_defaultlib.spi_controller [\spi_controller(d_width=8)\]
Compiling architecture behavior of entity xil_defaultlib.accelerometer_adxl362 [\accelerometer_adxl362(clk_freq=...]
Compiling architecture behavioral of entity xil_defaultlib.seg7_hex [seg7_hex_default]
Compiling architecture behavior of entity xil_defaultlib.display_segement [display_segement_default]
Compiling architecture behavioral of entity xil_defaultlib.lab5_top
Built simulation snapshot lab5_top_behav
