23:15:58 DEBUG : Logs will be stored at 'D:/Tony/Downloads/RainbowGhost/Code/mircoBlaze_VC707_PCIeV3/VitisV3/IDE.log'.
23:16:02 INFO  : Launching XSCT server: xsct.bat -n  -interactive D:\Tony\Downloads\RainbowGhost\Code\mircoBlaze_VC707_PCIeV3\VitisV3\temp_xsdb_launch_script.tcl
23:16:02 INFO  : Registering command handlers for Vitis TCF services
23:16:03 INFO  : Platform repository initialization has completed.
23:16:05 INFO  : XSCT server has started successfully.
23:16:05 INFO  : Successfully done setting XSCT server connection channel  
23:16:05 INFO  : plnx-install-location is set to ''
23:16:05 INFO  : Successfully done setting workspace for the tool. 
23:16:05 INFO  : Successfully done query RDI_DATADIR 
23:17:46 INFO  : Result from executing command 'getProjects': VC707_PCIEV3_vitisV3
23:17:46 INFO  : Result from executing command 'getPlatforms': xilinx_zcu102_base_202220_1|D:/Xilinx/Vitis/2022.2/base_platforms/xilinx_zcu102_base_202220_1/xilinx_zcu102_base_202220_1.xpfm;xilinx_zcu102_base_dfx_202220_1|D:/Xilinx/Vitis/2022.2/base_platforms/xilinx_zcu102_base_dfx_202220_1/xilinx_zcu102_base_dfx_202220_1.xpfm;xilinx_zcu104_base_202220_1|D:/Xilinx/Vitis/2022.2/base_platforms/xilinx_zcu104_base_202220_1/xilinx_zcu104_base_202220_1.xpfm
23:18:25 INFO  : Example project xaxipcie_rc_enumerate_example_1 has been created successfully.
23:19:34 INFO  : Result from executing command 'getProjects': VC707_PCIEV3_vitisV3
23:19:34 INFO  : Result from executing command 'getPlatforms': VC707_PCIEV3_vitisV3|D:/Tony/Downloads/RainbowGhost/Code/mircoBlaze_VC707_PCIeV3/VitisV3/VC707_PCIEV3_vitisV3/export/VC707_PCIEV3_vitisV3/VC707_PCIEV3_vitisV3.xpfm;xilinx_zcu102_base_202220_1|D:/Xilinx/Vitis/2022.2/base_platforms/xilinx_zcu102_base_202220_1/xilinx_zcu102_base_202220_1.xpfm;xilinx_zcu102_base_dfx_202220_1|D:/Xilinx/Vitis/2022.2/base_platforms/xilinx_zcu102_base_dfx_202220_1/xilinx_zcu102_base_dfx_202220_1.xpfm;xilinx_zcu104_base_202220_1|D:/Xilinx/Vitis/2022.2/base_platforms/xilinx_zcu104_base_202220_1/xilinx_zcu104_base_202220_1.xpfm
23:19:35 INFO  : Checking for BSP changes to sync application flags for project 'xaxipcie_rc_enumerate_example_1'...
23:20:19 INFO  : Bit file 'D:/Tony/Downloads/RainbowGhost/Code/mircoBlaze_VC707_PCIeV3/VitisV3/xaxipcie_rc_enumerate_example_1/_ide/bitstream/download.bit' is generated.
23:20:21 INFO  : Connected to target on host '127.0.0.1' and port '3121'.
23:20:27 INFO  : 'targets -set -filter {jtag_cable_name =~ "Digilent JTAG-SMT1 210203AF5A38A" && level==0 && jtag_device_ctx=="jsn-JTAG-SMT1-210203AF5A38A-33687093-0"}' command is executed.
23:20:39 INFO  : Device configured successfully with "D:/Tony/Downloads/RainbowGhost/Code/mircoBlaze_VC707_PCIeV3/VitisV3/xaxipcie_rc_enumerate_example_1/_ide/bitstream/download.bit"
23:21:35 INFO  : Connected to target on host '127.0.0.1' and port '3121'.
23:21:50 INFO  : Jtag cable 'Digilent JTAG-SMT1 210203AF5A38A' is selected.
23:21:50 INFO  : 'jtag frequency' command is executed.
23:21:53 INFO  : 'targets -set -filter {jtag_cable_name =~ "Digilent JTAG-SMT1 210203AF5A38A" && level==0 && jtag_device_ctx=="jsn-JTAG-SMT1-210203AF5A38A-33687093-0"}' command is executed.
23:22:05 INFO  : Device configured successfully with "D:/Tony/Downloads/RainbowGhost/Code/mircoBlaze_VC707_PCIeV3/VitisV3/xaxipcie_rc_enumerate_example_1/_ide/bitstream/download.bit"
23:22:05 INFO  : Context for processor 'microblaze_0' is selected.
23:22:05 INFO  : Hardware design and registers information is loaded from 'D:/Tony/Downloads/RainbowGhost/Code/mircoBlaze_VC707_PCIeV3/VitisV3/VC707_PCIEV3_vitisV3/export/VC707_PCIEV3_vitisV3/hw/mb_preset_wrapper.xsa'.
23:22:05 INFO  : 'configparams mdm-detect-bscan-mask 2' command is executed.
23:22:05 INFO  : Context for processor 'microblaze_0' is selected.
23:22:05 INFO  : System reset is completed.
23:22:08 INFO  : 'after 3000' command is executed.
23:22:08 INFO  : Context for processor 'microblaze_0' is selected.
23:22:08 INFO  : The application 'D:/Tony/Downloads/RainbowGhost/Code/mircoBlaze_VC707_PCIeV3/VitisV3/xaxipcie_rc_enumerate_example_1/Debug/xaxipcie_rc_enumerate_example_1.elf' is downloaded to processor 'microblaze_0'.
23:22:08 INFO  : ----------------XSDB Script----------------
connect -url tcp:127.0.0.1:3121
targets -set -filter {jtag_cable_name =~ "Digilent JTAG-SMT1 210203AF5A38A" && level==0 && jtag_device_ctx=="jsn-JTAG-SMT1-210203AF5A38A-33687093-0"}
fpga -file D:/Tony/Downloads/RainbowGhost/Code/mircoBlaze_VC707_PCIeV3/VitisV3/xaxipcie_rc_enumerate_example_1/_ide/bitstream/download.bit
targets -set -nocase -filter {name =~ "*microblaze*#0" && bscan=="USER2" }
loadhw -hw D:/Tony/Downloads/RainbowGhost/Code/mircoBlaze_VC707_PCIeV3/VitisV3/VC707_PCIEV3_vitisV3/export/VC707_PCIEV3_vitisV3/hw/mb_preset_wrapper.xsa -regs
configparams mdm-detect-bscan-mask 2
targets -set -nocase -filter {name =~ "*microblaze*#0" && bscan=="USER2" }
rst -system
after 3000
targets -set -nocase -filter {name =~ "*microblaze*#0" && bscan=="USER2" }
dow D:/Tony/Downloads/RainbowGhost/Code/mircoBlaze_VC707_PCIeV3/VitisV3/xaxipcie_rc_enumerate_example_1/Debug/xaxipcie_rc_enumerate_example_1.elf
----------------End of Script----------------

23:22:08 INFO  : Context for processor 'microblaze_0' is selected.
23:22:08 INFO  : 'con' command is executed.
23:22:08 INFO  : ----------------XSDB Script (After Launch)----------------
targets -set -nocase -filter {name =~ "*microblaze*#0" && bscan=="USER2" }
con
----------------End of Script----------------

23:22:08 INFO  : Launch script is exported to file 'D:\Tony\Downloads\RainbowGhost\Code\mircoBlaze_VC707_PCIeV3\VitisV3\xaxipcie_rc_enumerate_example_1_system\_ide\scripts\debugger_xaxipcie_rc_enumerate_example_1-default.tcl'
23:23:07 INFO  : Checking for BSP changes to sync application flags for project 'xaxipcie_rc_enumerate_example_1'...
23:23:44 INFO  : Bit file 'D:/Tony/Downloads/RainbowGhost/Code/mircoBlaze_VC707_PCIeV3/VitisV3/xaxipcie_rc_enumerate_example_1/_ide/bitstream/download.bit' is generated.
23:23:44 INFO  : Connected to target on host '127.0.0.1' and port '3121'.
23:23:47 INFO  : 'targets -set -filter {jtag_cable_name =~ "Digilent JTAG-SMT1 210203AF5A38A" && level==0 && jtag_device_ctx=="jsn-JTAG-SMT1-210203AF5A38A-33687093-0"}' command is executed.
23:23:58 INFO  : Device configured successfully with "D:/Tony/Downloads/RainbowGhost/Code/mircoBlaze_VC707_PCIeV3/VitisV3/xaxipcie_rc_enumerate_example_1/_ide/bitstream/download.bit"
23:25:12 INFO  : Result from executing command 'getProjects': VC707_PCIEV3_vitisV3;mb_preset_wrapper
23:25:12 INFO  : Result from executing command 'getPlatforms': VC707_PCIEV3_vitisV3|D:/Tony/Downloads/RainbowGhost/Code/mircoBlaze_VC707_PCIeV3/VitisV3/VC707_PCIEV3_vitisV3/export/VC707_PCIEV3_vitisV3/VC707_PCIEV3_vitisV3.xpfm;xilinx_zcu102_base_202220_1|D:/Xilinx/Vitis/2022.2/base_platforms/xilinx_zcu102_base_202220_1/xilinx_zcu102_base_202220_1.xpfm;xilinx_zcu102_base_dfx_202220_1|D:/Xilinx/Vitis/2022.2/base_platforms/xilinx_zcu102_base_dfx_202220_1/xilinx_zcu102_base_dfx_202220_1.xpfm;xilinx_zcu104_base_202220_1|D:/Xilinx/Vitis/2022.2/base_platforms/xilinx_zcu104_base_202220_1/xilinx_zcu104_base_202220_1.xpfm
23:25:13 INFO  : Platform 'mb_preset_wrapper' is added to custom repositories.
23:25:16 INFO  : Platform 'mb_preset_wrapper' is added to custom repositories.
23:25:56 INFO  : Result from executing command 'getProjects': VC707_PCIEV3_vitisV3;mb_preset_wrapper
23:25:56 INFO  : Result from executing command 'getPlatforms': xilinx_zcu102_base_202220_1|D:/Xilinx/Vitis/2022.2/base_platforms/xilinx_zcu102_base_202220_1/xilinx_zcu102_base_202220_1.xpfm;xilinx_zcu102_base_dfx_202220_1|D:/Xilinx/Vitis/2022.2/base_platforms/xilinx_zcu102_base_dfx_202220_1/xilinx_zcu102_base_dfx_202220_1.xpfm;xilinx_zcu104_base_202220_1|D:/Xilinx/Vitis/2022.2/base_platforms/xilinx_zcu104_base_202220_1/xilinx_zcu104_base_202220_1.xpfm
23:25:56 INFO  : Checking for BSP changes to sync application flags for project 'helloworld'...
23:26:36 INFO  : Bit file 'D:/Tony/Downloads/RainbowGhost/Code/mircoBlaze_VC707_PCIeV3/VitisV3/helloworld/_ide/bitstream/download.bit' is generated.
23:26:36 INFO  : Connected to target on host '127.0.0.1' and port '3121'.
23:26:39 INFO  : 'targets -set -filter {jtag_cable_name =~ "Digilent JTAG-SMT1 210203AF5A38A" && level==0 && jtag_device_ctx=="jsn-JTAG-SMT1-210203AF5A38A-33687093-0"}' command is executed.
23:26:51 INFO  : Device configured successfully with "D:/Tony/Downloads/RainbowGhost/Code/mircoBlaze_VC707_PCIeV3/VitisV3/helloworld/_ide/bitstream/download.bit"
23:27:06 INFO  : Disconnected from the channel tcfchan#2.
23:27:07 INFO  : Connected to target on host '127.0.0.1' and port '3121'.
23:27:23 INFO  : Jtag cable 'Digilent JTAG-SMT1 210203AF5A38A' is selected.
23:27:23 INFO  : 'jtag frequency' command is executed.
23:27:26 INFO  : 'targets -set -filter {jtag_cable_name =~ "Digilent JTAG-SMT1 210203AF5A38A" && level==0 && jtag_device_ctx=="jsn-JTAG-SMT1-210203AF5A38A-33687093-0"}' command is executed.
23:27:37 INFO  : Device configured successfully with "D:/Tony/Downloads/RainbowGhost/Code/mircoBlaze_VC707_PCIeV3/VitisV3/helloworld/_ide/bitstream/download.bit"
23:27:37 INFO  : Context for processor 'microblaze_0' is selected.
23:27:38 INFO  : Hardware design and registers information is loaded from 'D:/Tony/Downloads/RainbowGhost/Code/mircoBlaze_VC707_PCIeV3/VitisV3/mb_preset_wrapper/export/mb_preset_wrapper/hw/mb_preset_wrapper.xsa'.
23:27:38 INFO  : 'configparams mdm-detect-bscan-mask 2' command is executed.
23:27:38 INFO  : Context for processor 'microblaze_0' is selected.
23:27:38 INFO  : System reset is completed.
23:27:41 INFO  : 'after 3000' command is executed.
23:27:41 INFO  : Context for processor 'microblaze_0' is selected.
23:27:41 INFO  : The application 'D:/Tony/Downloads/RainbowGhost/Code/mircoBlaze_VC707_PCIeV3/VitisV3/helloworld/Debug/helloworld.elf' is downloaded to processor 'microblaze_0'.
23:27:41 INFO  : ----------------XSDB Script----------------
connect -url tcp:127.0.0.1:3121
targets -set -filter {jtag_cable_name =~ "Digilent JTAG-SMT1 210203AF5A38A" && level==0 && jtag_device_ctx=="jsn-JTAG-SMT1-210203AF5A38A-33687093-0"}
fpga -file D:/Tony/Downloads/RainbowGhost/Code/mircoBlaze_VC707_PCIeV3/VitisV3/helloworld/_ide/bitstream/download.bit
targets -set -nocase -filter {name =~ "*microblaze*#0" && bscan=="USER2" }
loadhw -hw D:/Tony/Downloads/RainbowGhost/Code/mircoBlaze_VC707_PCIeV3/VitisV3/mb_preset_wrapper/export/mb_preset_wrapper/hw/mb_preset_wrapper.xsa -regs
configparams mdm-detect-bscan-mask 2
targets -set -nocase -filter {name =~ "*microblaze*#0" && bscan=="USER2" }
rst -system
after 3000
targets -set -nocase -filter {name =~ "*microblaze*#0" && bscan=="USER2" }
dow D:/Tony/Downloads/RainbowGhost/Code/mircoBlaze_VC707_PCIeV3/VitisV3/helloworld/Debug/helloworld.elf
----------------End of Script----------------

23:27:41 INFO  : Context for processor 'microblaze_0' is selected.
23:27:41 INFO  : 'con' command is executed.
23:27:41 INFO  : ----------------XSDB Script (After Launch)----------------
targets -set -nocase -filter {name =~ "*microblaze*#0" && bscan=="USER2" }
con
----------------End of Script----------------

23:27:41 INFO  : Launch script is exported to file 'D:\Tony\Downloads\RainbowGhost\Code\mircoBlaze_VC707_PCIeV3\VitisV3\helloworld_system\_ide\scripts\debugger_helloworld-default.tcl'
23:28:57 INFO  : Checking for BSP changes to sync application flags for project 'xaxipcie_rc_enumerate_example_1'...
23:29:36 INFO  : Bit file 'D:/Tony/Downloads/RainbowGhost/Code/mircoBlaze_VC707_PCIeV3/VitisV3/xaxipcie_rc_enumerate_example_1/_ide/bitstream/download.bit' is generated.
23:29:36 INFO  : Connected to target on host '127.0.0.1' and port '3121'.
23:29:39 INFO  : 'targets -set -filter {jtag_cable_name =~ "Digilent JTAG-SMT1 210203AF5A38A" && level==0 && jtag_device_ctx=="jsn-JTAG-SMT1-210203AF5A38A-33687093-0"}' command is executed.
23:29:51 INFO  : Device configured successfully with "D:/Tony/Downloads/RainbowGhost/Code/mircoBlaze_VC707_PCIeV3/VitisV3/xaxipcie_rc_enumerate_example_1/_ide/bitstream/download.bit"
23:30:04 INFO  : Disconnected from the channel tcfchan#4.
23:30:05 INFO  : Connected to target on host '127.0.0.1' and port '3121'.
23:30:23 INFO  : ----------------XSDB Script----------------
connect -url tcp:127.0.0.1:3121
----------------End of Script----------------

23:30:23 ERROR : Could not find FPGA device on the board for connection 'Local'.


Troubleshooting hints:
1. Check whether board is connected to system properly.
2. In case of zynq board, check whether Digilent/Xilinx cable switch settings are correct.
3. If you are using Xilinx Platform Cable USB, ensure that status LED is green.
23:30:42 INFO  : Checking for BSP changes to sync application flags for project 'xaxipcie_rc_enumerate_example_1'...
23:31:24 INFO  : Bit file 'D:/Tony/Downloads/RainbowGhost/Code/mircoBlaze_VC707_PCIeV3/VitisV3/xaxipcie_rc_enumerate_example_1/_ide/bitstream/download.bit' is generated.
23:31:24 INFO  : Connected to target on host '127.0.0.1' and port '3121'.
23:31:27 INFO  : 'targets -set -filter {jtag_cable_name =~ "Digilent JTAG-SMT1 210203AF5A38A" && level==0 && jtag_device_ctx=="jsn-JTAG-SMT1-210203AF5A38A-33687093-0"}' command is executed.
23:31:39 INFO  : Device configured successfully with "D:/Tony/Downloads/RainbowGhost/Code/mircoBlaze_VC707_PCIeV3/VitisV3/xaxipcie_rc_enumerate_example_1/_ide/bitstream/download.bit"
23:32:04 INFO  : Connected to target on host '127.0.0.1' and port '3121'.
23:32:20 INFO  : Jtag cable 'Digilent JTAG-SMT1 210203AF5A38A' is selected.
23:32:20 INFO  : 'jtag frequency' command is executed.
23:32:23 INFO  : 'targets -set -filter {jtag_cable_name =~ "Digilent JTAG-SMT1 210203AF5A38A" && level==0 && jtag_device_ctx=="jsn-JTAG-SMT1-210203AF5A38A-33687093-0"}' command is executed.
23:32:34 INFO  : Device configured successfully with "D:/Tony/Downloads/RainbowGhost/Code/mircoBlaze_VC707_PCIeV3/VitisV3/xaxipcie_rc_enumerate_example_1/_ide/bitstream/download.bit"
23:32:34 INFO  : Context for processor 'microblaze_0' is selected.
23:32:34 INFO  : Hardware design and registers information is loaded from 'D:/Tony/Downloads/RainbowGhost/Code/mircoBlaze_VC707_PCIeV3/VitisV3/VC707_PCIEV3_vitisV3/export/VC707_PCIEV3_vitisV3/hw/mb_preset_wrapper.xsa'.
23:32:34 INFO  : 'configparams mdm-detect-bscan-mask 2' command is executed.
23:32:34 INFO  : Context for processor 'microblaze_0' is selected.
23:32:34 INFO  : System reset is completed.
23:32:37 INFO  : 'after 3000' command is executed.
23:32:37 INFO  : Context for processor 'microblaze_0' is selected.
23:32:38 INFO  : The application 'D:/Tony/Downloads/RainbowGhost/Code/mircoBlaze_VC707_PCIeV3/VitisV3/xaxipcie_rc_enumerate_example_1/Debug/xaxipcie_rc_enumerate_example_1.elf' is downloaded to processor 'microblaze_0'.
23:32:38 INFO  : ----------------XSDB Script----------------
connect -url tcp:127.0.0.1:3121
targets -set -filter {jtag_cable_name =~ "Digilent JTAG-SMT1 210203AF5A38A" && level==0 && jtag_device_ctx=="jsn-JTAG-SMT1-210203AF5A38A-33687093-0"}
fpga -file D:/Tony/Downloads/RainbowGhost/Code/mircoBlaze_VC707_PCIeV3/VitisV3/xaxipcie_rc_enumerate_example_1/_ide/bitstream/download.bit
targets -set -nocase -filter {name =~ "*microblaze*#0" && bscan=="USER2" }
loadhw -hw D:/Tony/Downloads/RainbowGhost/Code/mircoBlaze_VC707_PCIeV3/VitisV3/VC707_PCIEV3_vitisV3/export/VC707_PCIEV3_vitisV3/hw/mb_preset_wrapper.xsa -regs
configparams mdm-detect-bscan-mask 2
targets -set -nocase -filter {name =~ "*microblaze*#0" && bscan=="USER2" }
rst -system
after 3000
targets -set -nocase -filter {name =~ "*microblaze*#0" && bscan=="USER2" }
dow D:/Tony/Downloads/RainbowGhost/Code/mircoBlaze_VC707_PCIeV3/VitisV3/xaxipcie_rc_enumerate_example_1/Debug/xaxipcie_rc_enumerate_example_1.elf
----------------End of Script----------------

23:32:38 INFO  : Context for processor 'microblaze_0' is selected.
23:32:38 INFO  : 'con' command is executed.
23:32:38 INFO  : ----------------XSDB Script (After Launch)----------------
targets -set -nocase -filter {name =~ "*microblaze*#0" && bscan=="USER2" }
con
----------------End of Script----------------

23:32:38 INFO  : Launch script is exported to file 'D:\Tony\Downloads\RainbowGhost\Code\mircoBlaze_VC707_PCIeV3\VitisV3\xaxipcie_rc_enumerate_example_1_system\_ide\scripts\debugger_xaxipcie_rc_enumerate_example_1-default.tcl'
23:32:51 INFO  : Disconnected from the channel tcfchan#5.
