
*** Running vivado
    with args -log mb_preset_auto_cc_1.vds -m64 -product Vivado -mode batch -messageDb vivado.pb -notrace -source mb_preset_auto_cc_1.tcl



****** Vivado v2022.2 (64-bit)
  **** SW Build 3671981 on Fri Oct 14 05:00:03 MDT 2022
  **** IP Build 3669848 on Fri Oct 14 08:30:02 MDT 2022
    ** Copyright 1986-2022 Xilinx, Inc. All Rights Reserved.

source mb_preset_auto_cc_1.tcl -notrace
create_project: Time (s): cpu = 00:00:14 ; elapsed = 00:00:16 . Memory (MB): peak = 433.934 ; gain = 95.719
INFO: [IP_Flow 19-6924] IPCACHE: Running cache check for IP inst: mb_preset_auto_cc_1
Command: synth_design -top mb_preset_auto_cc_1 -part xc7vx485tffg1761-2 -incremental_mode off -mode out_of_context
Starting synth_design
Attempting to get a license for feature 'Synthesis' and/or device 'xc7vx485t'
INFO: [Common 17-349] Got license for feature 'Synthesis' and/or device 'xc7vx485t'
INFO: [Common 17-86] Your Synthesis license expires in 17 day(s)
INFO: [Device 21-403] Loading part xc7vx485tffg1761-2
INFO: [Synth 8-7079] Multithreading enabled for synth_design using a maximum of 2 processes.
INFO: [Synth 8-7078] Launching helper process for spawning children vivado processes
INFO: [Synth 8-7075] Helper process launched with PID 9104
INFO: [Synth 8-11241] undeclared symbol 'REGCCE', assumed default net type 'wire' [D:/Xilinx/Vivado/2022.2/data/verilog/src/unimacro/BRAM_SINGLE_MACRO.v:2170]
---------------------------------------------------------------------------------
Starting RTL Elaboration : Time (s): cpu = 00:00:12 ; elapsed = 00:00:17 . Memory (MB): peak = 1429.504 ; gain = 407.055
---------------------------------------------------------------------------------
INFO: [Synth 8-6157] synthesizing module 'mb_preset_auto_cc_1' [d:/Tony/Downloads/RainbowGhost/Code/mircoBlaze_VC707_PCIeV2/mircoBlaze_VC707_PCIeV2.gen/sources_1/bd/mb_preset/ip/mb_preset_auto_cc_1/synth/mb_preset_auto_cc_1.v:53]
INFO: [Synth 8-6157] synthesizing module 'axi_clock_converter_v2_1_26_axi_clock_converter' [d:/Tony/Downloads/RainbowGhost/Code/mircoBlaze_VC707_PCIeV2/mircoBlaze_VC707_PCIeV2.gen/sources_1/bd/mb_preset/ipshared/b8be/hdl/axi_clock_converter_v2_1_vl_rfs.v:653]
INFO: [Synth 8-6157] synthesizing module 'axi_infrastructure_v1_1_0_axi2vector' [d:/Tony/Downloads/RainbowGhost/Code/mircoBlaze_VC707_PCIeV2/mircoBlaze_VC707_PCIeV2.gen/sources_1/bd/mb_preset/ipshared/ec67/hdl/axi_infrastructure_v1_1_vl_rfs.v:59]
INFO: [Synth 8-6155] done synthesizing module 'axi_infrastructure_v1_1_0_axi2vector' (0#1) [d:/Tony/Downloads/RainbowGhost/Code/mircoBlaze_VC707_PCIeV2/mircoBlaze_VC707_PCIeV2.gen/sources_1/bd/mb_preset/ipshared/ec67/hdl/axi_infrastructure_v1_1_vl_rfs.v:59]
INFO: [Synth 8-6157] synthesizing module 'axi_clock_converter_v2_1_26_lite_async' [d:/Tony/Downloads/RainbowGhost/Code/mircoBlaze_VC707_PCIeV2/mircoBlaze_VC707_PCIeV2.gen/sources_1/bd/mb_preset/ipshared/b8be/hdl/axi_clock_converter_v2_1_vl_rfs.v:516]
INFO: [Synth 8-6157] synthesizing module 'xpm_cdc_handshake' [D:/Xilinx/Vivado/2022.2/data/ip/xpm/xpm_cdc/hdl/xpm_cdc.sv:468]
INFO: [Synth 8-6157] synthesizing module 'xpm_cdc_single' [D:/Xilinx/Vivado/2022.2/data/ip/xpm/xpm_cdc/hdl/xpm_cdc.sv:152]
INFO: [Synth 8-6155] done synthesizing module 'xpm_cdc_single' (0#1) [D:/Xilinx/Vivado/2022.2/data/ip/xpm/xpm_cdc/hdl/xpm_cdc.sv:152]
INFO: [Synth 8-6155] done synthesizing module 'xpm_cdc_handshake' (0#1) [D:/Xilinx/Vivado/2022.2/data/ip/xpm/xpm_cdc/hdl/xpm_cdc.sv:468]
INFO: [Synth 8-6155] done synthesizing module 'axi_clock_converter_v2_1_26_lite_async' (0#1) [d:/Tony/Downloads/RainbowGhost/Code/mircoBlaze_VC707_PCIeV2/mircoBlaze_VC707_PCIeV2.gen/sources_1/bd/mb_preset/ipshared/b8be/hdl/axi_clock_converter_v2_1_vl_rfs.v:516]
INFO: [Synth 8-6157] synthesizing module 'axi_clock_converter_v2_1_26_lite_async__parameterized0' [d:/Tony/Downloads/RainbowGhost/Code/mircoBlaze_VC707_PCIeV2/mircoBlaze_VC707_PCIeV2.gen/sources_1/bd/mb_preset/ipshared/b8be/hdl/axi_clock_converter_v2_1_vl_rfs.v:516]
INFO: [Synth 8-6157] synthesizing module 'xpm_cdc_handshake__parameterized0' [D:/Xilinx/Vivado/2022.2/data/ip/xpm/xpm_cdc/hdl/xpm_cdc.sv:468]
INFO: [Synth 8-6155] done synthesizing module 'xpm_cdc_handshake__parameterized0' (0#1) [D:/Xilinx/Vivado/2022.2/data/ip/xpm/xpm_cdc/hdl/xpm_cdc.sv:468]
INFO: [Synth 8-6155] done synthesizing module 'axi_clock_converter_v2_1_26_lite_async__parameterized0' (0#1) [d:/Tony/Downloads/RainbowGhost/Code/mircoBlaze_VC707_PCIeV2/mircoBlaze_VC707_PCIeV2.gen/sources_1/bd/mb_preset/ipshared/b8be/hdl/axi_clock_converter_v2_1_vl_rfs.v:516]
INFO: [Synth 8-6157] synthesizing module 'axi_clock_converter_v2_1_26_lite_async__parameterized1' [d:/Tony/Downloads/RainbowGhost/Code/mircoBlaze_VC707_PCIeV2/mircoBlaze_VC707_PCIeV2.gen/sources_1/bd/mb_preset/ipshared/b8be/hdl/axi_clock_converter_v2_1_vl_rfs.v:516]
INFO: [Synth 8-6157] synthesizing module 'xpm_cdc_handshake__parameterized1' [D:/Xilinx/Vivado/2022.2/data/ip/xpm/xpm_cdc/hdl/xpm_cdc.sv:468]
INFO: [Synth 8-6155] done synthesizing module 'xpm_cdc_handshake__parameterized1' (0#1) [D:/Xilinx/Vivado/2022.2/data/ip/xpm/xpm_cdc/hdl/xpm_cdc.sv:468]
INFO: [Synth 8-6155] done synthesizing module 'axi_clock_converter_v2_1_26_lite_async__parameterized1' (0#1) [d:/Tony/Downloads/RainbowGhost/Code/mircoBlaze_VC707_PCIeV2/mircoBlaze_VC707_PCIeV2.gen/sources_1/bd/mb_preset/ipshared/b8be/hdl/axi_clock_converter_v2_1_vl_rfs.v:516]
INFO: [Synth 8-6157] synthesizing module 'axi_clock_converter_v2_1_26_lite_async__parameterized2' [d:/Tony/Downloads/RainbowGhost/Code/mircoBlaze_VC707_PCIeV2/mircoBlaze_VC707_PCIeV2.gen/sources_1/bd/mb_preset/ipshared/b8be/hdl/axi_clock_converter_v2_1_vl_rfs.v:516]
INFO: [Synth 8-6157] synthesizing module 'xpm_cdc_handshake__parameterized2' [D:/Xilinx/Vivado/2022.2/data/ip/xpm/xpm_cdc/hdl/xpm_cdc.sv:468]
INFO: [Synth 8-6155] done synthesizing module 'xpm_cdc_handshake__parameterized2' (0#1) [D:/Xilinx/Vivado/2022.2/data/ip/xpm/xpm_cdc/hdl/xpm_cdc.sv:468]
INFO: [Synth 8-6155] done synthesizing module 'axi_clock_converter_v2_1_26_lite_async__parameterized2' (0#1) [d:/Tony/Downloads/RainbowGhost/Code/mircoBlaze_VC707_PCIeV2/mircoBlaze_VC707_PCIeV2.gen/sources_1/bd/mb_preset/ipshared/b8be/hdl/axi_clock_converter_v2_1_vl_rfs.v:516]
INFO: [Synth 8-6157] synthesizing module 'axi_infrastructure_v1_1_0_vector2axi' [d:/Tony/Downloads/RainbowGhost/Code/mircoBlaze_VC707_PCIeV2/mircoBlaze_VC707_PCIeV2.gen/sources_1/bd/mb_preset/ipshared/ec67/hdl/axi_infrastructure_v1_1_vl_rfs.v:473]
INFO: [Synth 8-6155] done synthesizing module 'axi_infrastructure_v1_1_0_vector2axi' (0#1) [d:/Tony/Downloads/RainbowGhost/Code/mircoBlaze_VC707_PCIeV2/mircoBlaze_VC707_PCIeV2.gen/sources_1/bd/mb_preset/ipshared/ec67/hdl/axi_infrastructure_v1_1_vl_rfs.v:473]
INFO: [Synth 8-6155] done synthesizing module 'axi_clock_converter_v2_1_26_axi_clock_converter' (0#1) [d:/Tony/Downloads/RainbowGhost/Code/mircoBlaze_VC707_PCIeV2/mircoBlaze_VC707_PCIeV2.gen/sources_1/bd/mb_preset/ipshared/b8be/hdl/axi_clock_converter_v2_1_vl_rfs.v:653]
INFO: [Synth 8-6155] done synthesizing module 'mb_preset_auto_cc_1' (0#1) [d:/Tony/Downloads/RainbowGhost/Code/mircoBlaze_VC707_PCIeV2/mircoBlaze_VC707_PCIeV2.gen/sources_1/bd/mb_preset/ip/mb_preset_auto_cc_1/synth/mb_preset_auto_cc_1.v:53]
WARNING: [Synth 8-6014] Unused sequential element dest_req_ext_ff_reg was removed.  [D:/Xilinx/Vivado/2022.2/data/ip/xpm/xpm_cdc/hdl/xpm_cdc.sv:623]
WARNING: [Synth 8-6014] Unused sequential element dest_req_ext_ff_reg was removed.  [D:/Xilinx/Vivado/2022.2/data/ip/xpm/xpm_cdc/hdl/xpm_cdc.sv:623]
WARNING: [Synth 8-6014] Unused sequential element dest_req_ext_ff_reg was removed.  [D:/Xilinx/Vivado/2022.2/data/ip/xpm/xpm_cdc/hdl/xpm_cdc.sv:623]
WARNING: [Synth 8-6014] Unused sequential element dest_req_ext_ff_reg was removed.  [D:/Xilinx/Vivado/2022.2/data/ip/xpm/xpm_cdc/hdl/xpm_cdc.sv:623]
WARNING: [Synth 8-7129] Port m_axi_bid[0] in module axi_infrastructure_v1_1_0_vector2axi is either unconnected or has no load
WARNING: [Synth 8-7129] Port m_axi_buser[0] in module axi_infrastructure_v1_1_0_vector2axi is either unconnected or has no load
WARNING: [Synth 8-7129] Port m_axi_rid[0] in module axi_infrastructure_v1_1_0_vector2axi is either unconnected or has no load
WARNING: [Synth 8-7129] Port m_axi_rlast in module axi_infrastructure_v1_1_0_vector2axi is either unconnected or has no load
WARNING: [Synth 8-7129] Port m_axi_ruser[0] in module axi_infrastructure_v1_1_0_vector2axi is either unconnected or has no load
WARNING: [Synth 8-7129] Port src_clk in module xpm_cdc_single is either unconnected or has no load
WARNING: [Synth 8-7129] Port s_axi_awid[0] in module axi_infrastructure_v1_1_0_axi2vector is either unconnected or has no load
WARNING: [Synth 8-7129] Port s_axi_awlen[7] in module axi_infrastructure_v1_1_0_axi2vector is either unconnected or has no load
WARNING: [Synth 8-7129] Port s_axi_awlen[6] in module axi_infrastructure_v1_1_0_axi2vector is either unconnected or has no load
WARNING: [Synth 8-7129] Port s_axi_awlen[5] in module axi_infrastructure_v1_1_0_axi2vector is either unconnected or has no load
WARNING: [Synth 8-7129] Port s_axi_awlen[4] in module axi_infrastructure_v1_1_0_axi2vector is either unconnected or has no load
WARNING: [Synth 8-7129] Port s_axi_awlen[3] in module axi_infrastructure_v1_1_0_axi2vector is either unconnected or has no load
WARNING: [Synth 8-7129] Port s_axi_awlen[2] in module axi_infrastructure_v1_1_0_axi2vector is either unconnected or has no load
WARNING: [Synth 8-7129] Port s_axi_awlen[1] in module axi_infrastructure_v1_1_0_axi2vector is either unconnected or has no load
WARNING: [Synth 8-7129] Port s_axi_awlen[0] in module axi_infrastructure_v1_1_0_axi2vector is either unconnected or has no load
WARNING: [Synth 8-7129] Port s_axi_awsize[2] in module axi_infrastructure_v1_1_0_axi2vector is either unconnected or has no load
WARNING: [Synth 8-7129] Port s_axi_awsize[1] in module axi_infrastructure_v1_1_0_axi2vector is either unconnected or has no load
WARNING: [Synth 8-7129] Port s_axi_awsize[0] in module axi_infrastructure_v1_1_0_axi2vector is either unconnected or has no load
WARNING: [Synth 8-7129] Port s_axi_awburst[1] in module axi_infrastructure_v1_1_0_axi2vector is either unconnected or has no load
WARNING: [Synth 8-7129] Port s_axi_awburst[0] in module axi_infrastructure_v1_1_0_axi2vector is either unconnected or has no load
WARNING: [Synth 8-7129] Port s_axi_awlock[0] in module axi_infrastructure_v1_1_0_axi2vector is either unconnected or has no load
WARNING: [Synth 8-7129] Port s_axi_awcache[3] in module axi_infrastructure_v1_1_0_axi2vector is either unconnected or has no load
WARNING: [Synth 8-7129] Port s_axi_awcache[2] in module axi_infrastructure_v1_1_0_axi2vector is either unconnected or has no load
WARNING: [Synth 8-7129] Port s_axi_awcache[1] in module axi_infrastructure_v1_1_0_axi2vector is either unconnected or has no load
WARNING: [Synth 8-7129] Port s_axi_awcache[0] in module axi_infrastructure_v1_1_0_axi2vector is either unconnected or has no load
WARNING: [Synth 8-7129] Port s_axi_awregion[3] in module axi_infrastructure_v1_1_0_axi2vector is either unconnected or has no load
WARNING: [Synth 8-7129] Port s_axi_awregion[2] in module axi_infrastructure_v1_1_0_axi2vector is either unconnected or has no load
WARNING: [Synth 8-7129] Port s_axi_awregion[1] in module axi_infrastructure_v1_1_0_axi2vector is either unconnected or has no load
WARNING: [Synth 8-7129] Port s_axi_awregion[0] in module axi_infrastructure_v1_1_0_axi2vector is either unconnected or has no load
WARNING: [Synth 8-7129] Port s_axi_awqos[3] in module axi_infrastructure_v1_1_0_axi2vector is either unconnected or has no load
WARNING: [Synth 8-7129] Port s_axi_awqos[2] in module axi_infrastructure_v1_1_0_axi2vector is either unconnected or has no load
WARNING: [Synth 8-7129] Port s_axi_awqos[1] in module axi_infrastructure_v1_1_0_axi2vector is either unconnected or has no load
WARNING: [Synth 8-7129] Port s_axi_awqos[0] in module axi_infrastructure_v1_1_0_axi2vector is either unconnected or has no load
WARNING: [Synth 8-7129] Port s_axi_awuser[0] in module axi_infrastructure_v1_1_0_axi2vector is either unconnected or has no load
WARNING: [Synth 8-7129] Port s_axi_wid[0] in module axi_infrastructure_v1_1_0_axi2vector is either unconnected or has no load
WARNING: [Synth 8-7129] Port s_axi_wlast in module axi_infrastructure_v1_1_0_axi2vector is either unconnected or has no load
WARNING: [Synth 8-7129] Port s_axi_wuser[0] in module axi_infrastructure_v1_1_0_axi2vector is either unconnected or has no load
WARNING: [Synth 8-7129] Port s_axi_arid[0] in module axi_infrastructure_v1_1_0_axi2vector is either unconnected or has no load
WARNING: [Synth 8-7129] Port s_axi_arlen[7] in module axi_infrastructure_v1_1_0_axi2vector is either unconnected or has no load
WARNING: [Synth 8-7129] Port s_axi_arlen[6] in module axi_infrastructure_v1_1_0_axi2vector is either unconnected or has no load
WARNING: [Synth 8-7129] Port s_axi_arlen[5] in module axi_infrastructure_v1_1_0_axi2vector is either unconnected or has no load
WARNING: [Synth 8-7129] Port s_axi_arlen[4] in module axi_infrastructure_v1_1_0_axi2vector is either unconnected or has no load
WARNING: [Synth 8-7129] Port s_axi_arlen[3] in module axi_infrastructure_v1_1_0_axi2vector is either unconnected or has no load
WARNING: [Synth 8-7129] Port s_axi_arlen[2] in module axi_infrastructure_v1_1_0_axi2vector is either unconnected or has no load
WARNING: [Synth 8-7129] Port s_axi_arlen[1] in module axi_infrastructure_v1_1_0_axi2vector is either unconnected or has no load
WARNING: [Synth 8-7129] Port s_axi_arlen[0] in module axi_infrastructure_v1_1_0_axi2vector is either unconnected or has no load
WARNING: [Synth 8-7129] Port s_axi_arsize[2] in module axi_infrastructure_v1_1_0_axi2vector is either unconnected or has no load
WARNING: [Synth 8-7129] Port s_axi_arsize[1] in module axi_infrastructure_v1_1_0_axi2vector is either unconnected or has no load
WARNING: [Synth 8-7129] Port s_axi_arsize[0] in module axi_infrastructure_v1_1_0_axi2vector is either unconnected or has no load
WARNING: [Synth 8-7129] Port s_axi_arburst[1] in module axi_infrastructure_v1_1_0_axi2vector is either unconnected or has no load
WARNING: [Synth 8-7129] Port s_axi_arburst[0] in module axi_infrastructure_v1_1_0_axi2vector is either unconnected or has no load
WARNING: [Synth 8-7129] Port s_axi_arlock[0] in module axi_infrastructure_v1_1_0_axi2vector is either unconnected or has no load
WARNING: [Synth 8-7129] Port s_axi_arcache[3] in module axi_infrastructure_v1_1_0_axi2vector is either unconnected or has no load
WARNING: [Synth 8-7129] Port s_axi_arcache[2] in module axi_infrastructure_v1_1_0_axi2vector is either unconnected or has no load
WARNING: [Synth 8-7129] Port s_axi_arcache[1] in module axi_infrastructure_v1_1_0_axi2vector is either unconnected or has no load
WARNING: [Synth 8-7129] Port s_axi_arcache[0] in module axi_infrastructure_v1_1_0_axi2vector is either unconnected or has no load
WARNING: [Synth 8-7129] Port s_axi_arregion[3] in module axi_infrastructure_v1_1_0_axi2vector is either unconnected or has no load
WARNING: [Synth 8-7129] Port s_axi_arregion[2] in module axi_infrastructure_v1_1_0_axi2vector is either unconnected or has no load
WARNING: [Synth 8-7129] Port s_axi_arregion[1] in module axi_infrastructure_v1_1_0_axi2vector is either unconnected or has no load
WARNING: [Synth 8-7129] Port s_axi_arregion[0] in module axi_infrastructure_v1_1_0_axi2vector is either unconnected or has no load
WARNING: [Synth 8-7129] Port s_axi_arqos[3] in module axi_infrastructure_v1_1_0_axi2vector is either unconnected or has no load
WARNING: [Synth 8-7129] Port s_axi_arqos[2] in module axi_infrastructure_v1_1_0_axi2vector is either unconnected or has no load
WARNING: [Synth 8-7129] Port s_axi_arqos[1] in module axi_infrastructure_v1_1_0_axi2vector is either unconnected or has no load
WARNING: [Synth 8-7129] Port s_axi_arqos[0] in module axi_infrastructure_v1_1_0_axi2vector is either unconnected or has no load
WARNING: [Synth 8-7129] Port s_axi_aruser[0] in module axi_infrastructure_v1_1_0_axi2vector is either unconnected or has no load
WARNING: [Synth 8-7129] Port s_axi_awid[0] in module axi_clock_converter_v2_1_26_axi_clock_converter is either unconnected or has no load
WARNING: [Synth 8-7129] Port s_axi_awsize[2] in module axi_clock_converter_v2_1_26_axi_clock_converter is either unconnected or has no load
WARNING: [Synth 8-7129] Port s_axi_awsize[1] in module axi_clock_converter_v2_1_26_axi_clock_converter is either unconnected or has no load
WARNING: [Synth 8-7129] Port s_axi_awsize[0] in module axi_clock_converter_v2_1_26_axi_clock_converter is either unconnected or has no load
WARNING: [Synth 8-7129] Port s_axi_awburst[1] in module axi_clock_converter_v2_1_26_axi_clock_converter is either unconnected or has no load
WARNING: [Synth 8-7129] Port s_axi_awburst[0] in module axi_clock_converter_v2_1_26_axi_clock_converter is either unconnected or has no load
WARNING: [Synth 8-7129] Port s_axi_awcache[3] in module axi_clock_converter_v2_1_26_axi_clock_converter is either unconnected or has no load
WARNING: [Synth 8-7129] Port s_axi_awcache[2] in module axi_clock_converter_v2_1_26_axi_clock_converter is either unconnected or has no load
WARNING: [Synth 8-7129] Port s_axi_awcache[1] in module axi_clock_converter_v2_1_26_axi_clock_converter is either unconnected or has no load
WARNING: [Synth 8-7129] Port s_axi_awcache[0] in module axi_clock_converter_v2_1_26_axi_clock_converter is either unconnected or has no load
WARNING: [Synth 8-7129] Port s_axi_awregion[3] in module axi_clock_converter_v2_1_26_axi_clock_converter is either unconnected or has no load
WARNING: [Synth 8-7129] Port s_axi_awregion[2] in module axi_clock_converter_v2_1_26_axi_clock_converter is either unconnected or has no load
WARNING: [Synth 8-7129] Port s_axi_awregion[1] in module axi_clock_converter_v2_1_26_axi_clock_converter is either unconnected or has no load
WARNING: [Synth 8-7129] Port s_axi_awregion[0] in module axi_clock_converter_v2_1_26_axi_clock_converter is either unconnected or has no load
WARNING: [Synth 8-7129] Port s_axi_awqos[3] in module axi_clock_converter_v2_1_26_axi_clock_converter is either unconnected or has no load
WARNING: [Synth 8-7129] Port s_axi_awqos[2] in module axi_clock_converter_v2_1_26_axi_clock_converter is either unconnected or has no load
WARNING: [Synth 8-7129] Port s_axi_awqos[1] in module axi_clock_converter_v2_1_26_axi_clock_converter is either unconnected or has no load
WARNING: [Synth 8-7129] Port s_axi_awqos[0] in module axi_clock_converter_v2_1_26_axi_clock_converter is either unconnected or has no load
WARNING: [Synth 8-7129] Port s_axi_awuser[0] in module axi_clock_converter_v2_1_26_axi_clock_converter is either unconnected or has no load
WARNING: [Synth 8-7129] Port s_axi_wid[0] in module axi_clock_converter_v2_1_26_axi_clock_converter is either unconnected or has no load
WARNING: [Synth 8-7129] Port s_axi_wlast in module axi_clock_converter_v2_1_26_axi_clock_converter is either unconnected or has no load
WARNING: [Synth 8-7129] Port s_axi_wuser[0] in module axi_clock_converter_v2_1_26_axi_clock_converter is either unconnected or has no load
WARNING: [Synth 8-7129] Port s_axi_arid[0] in module axi_clock_converter_v2_1_26_axi_clock_converter is either unconnected or has no load
WARNING: [Synth 8-7129] Port s_axi_arsize[2] in module axi_clock_converter_v2_1_26_axi_clock_converter is either unconnected or has no load
WARNING: [Synth 8-7129] Port s_axi_arsize[1] in module axi_clock_converter_v2_1_26_axi_clock_converter is either unconnected or has no load
WARNING: [Synth 8-7129] Port s_axi_arsize[0] in module axi_clock_converter_v2_1_26_axi_clock_converter is either unconnected or has no load
WARNING: [Synth 8-7129] Port s_axi_arburst[1] in module axi_clock_converter_v2_1_26_axi_clock_converter is either unconnected or has no load
WARNING: [Synth 8-7129] Port s_axi_arburst[0] in module axi_clock_converter_v2_1_26_axi_clock_converter is either unconnected or has no load
WARNING: [Synth 8-7129] Port s_axi_arcache[3] in module axi_clock_converter_v2_1_26_axi_clock_converter is either unconnected or has no load
WARNING: [Synth 8-7129] Port s_axi_arcache[2] in module axi_clock_converter_v2_1_26_axi_clock_converter is either unconnected or has no load
WARNING: [Synth 8-7129] Port s_axi_arcache[1] in module axi_clock_converter_v2_1_26_axi_clock_converter is either unconnected or has no load
WARNING: [Synth 8-7129] Port s_axi_arcache[0] in module axi_clock_converter_v2_1_26_axi_clock_converter is either unconnected or has no load
WARNING: [Synth 8-7129] Port s_axi_arregion[3] in module axi_clock_converter_v2_1_26_axi_clock_converter is either unconnected or has no load
WARNING: [Synth 8-7129] Port s_axi_arregion[2] in module axi_clock_converter_v2_1_26_axi_clock_converter is either unconnected or has no load
WARNING: [Synth 8-7129] Port s_axi_arregion[1] in module axi_clock_converter_v2_1_26_axi_clock_converter is either unconnected or has no load
INFO: [Common 17-14] Message 'Synth 8-7129' appears 100 times and further instances of the messages will be disabled. Use the Tcl command set_msg_config to change the current settings.
---------------------------------------------------------------------------------
Finished RTL Elaboration : Time (s): cpu = 00:00:21 ; elapsed = 00:00:29 . Memory (MB): peak = 1650.469 ; gain = 628.020
---------------------------------------------------------------------------------
---------------------------------------------------------------------------------
Start Handling Custom Attributes
---------------------------------------------------------------------------------
---------------------------------------------------------------------------------
Finished Handling Custom Attributes : Time (s): cpu = 00:00:21 ; elapsed = 00:00:30 . Memory (MB): peak = 1650.469 ; gain = 628.020
---------------------------------------------------------------------------------
---------------------------------------------------------------------------------
Finished RTL Optimization Phase 1 : Time (s): cpu = 00:00:21 ; elapsed = 00:00:30 . Memory (MB): peak = 1650.469 ; gain = 628.020
---------------------------------------------------------------------------------
Netlist sorting complete. Time (s): cpu = 00:00:00 ; elapsed = 00:00:00.042 . Memory (MB): peak = 1650.469 ; gain = 0.000
INFO: [Project 1-570] Preparing netlist for logic optimization

Processing XDC Constraints
Initializing timing engine
Parsing XDC File [d:/Tony/Downloads/RainbowGhost/Code/mircoBlaze_VC707_PCIeV2/mircoBlaze_VC707_PCIeV2.gen/sources_1/bd/mb_preset/ip/mb_preset_auto_cc_1/mb_preset_auto_cc_1_ooc.xdc] for cell 'inst'
Finished Parsing XDC File [d:/Tony/Downloads/RainbowGhost/Code/mircoBlaze_VC707_PCIeV2/mircoBlaze_VC707_PCIeV2.gen/sources_1/bd/mb_preset/ip/mb_preset_auto_cc_1/mb_preset_auto_cc_1_ooc.xdc] for cell 'inst'
Parsing XDC File [D:/Tony/Downloads/RainbowGhost/Code/mircoBlaze_VC707_PCIeV2/mircoBlaze_VC707_PCIeV2.runs/mb_preset_auto_cc_1_synth_1/dont_touch.xdc]
Finished Parsing XDC File [D:/Tony/Downloads/RainbowGhost/Code/mircoBlaze_VC707_PCIeV2/mircoBlaze_VC707_PCIeV2.runs/mb_preset_auto_cc_1_synth_1/dont_touch.xdc]
INFO: [Project 1-236] Implementation specific constraints were found while reading constraint file [D:/Xilinx/Vivado/2022.2/data/ip/xpm/xpm_cdc/tcl/xpm_cdc_handshake.tcl]. These constraints will be ignored for synthesis but will be used in implementation. Impacted constraints are listed in the file [.Xil/mb_preset_auto_cc_1_propImpl.xdc].
Resolution: To avoid this warning, move constraints listed in [.Xil/mb_preset_auto_cc_1_propImpl.xdc] to another XDC file and exclude this new file from synthesis with the used_in_synthesis property (File Properties dialog in GUI) and re-run elaboration/synthesis.
INFO: [Project 1-236] Implementation specific constraints were found while reading constraint file [D:/Xilinx/Vivado/2022.2/data/ip/xpm/xpm_cdc/tcl/xpm_cdc_single.tcl]. These constraints will be ignored for synthesis but will be used in implementation. Impacted constraints are listed in the file [.Xil/mb_preset_auto_cc_1_propImpl.xdc].
Resolution: To avoid this warning, move constraints listed in [.Xil/mb_preset_auto_cc_1_propImpl.xdc] to another XDC file and exclude this new file from synthesis with the used_in_synthesis property (File Properties dialog in GUI) and re-run elaboration/synthesis.
INFO: [Project 1-1714] 15 XPM XDC files have been applied to the design.
Completed Processing XDC Constraints

Netlist sorting complete. Time (s): cpu = 00:00:00 ; elapsed = 00:00:00 . Memory (MB): peak = 1701.980 ; gain = 0.000
INFO: [Project 1-111] Unisim Transformation Summary:
No Unisim elements were transformed.

Constraint Validation Runtime : Time (s): cpu = 00:00:00 ; elapsed = 00:00:00.050 . Memory (MB): peak = 1705.246 ; gain = 3.266
INFO: [Designutils 20-5008] Incremental synthesis strategy off
INFO: [Synth 8-11241] undeclared symbol 'REGCCE', assumed default net type 'wire' [D:/Xilinx/Vivado/2022.2/data/verilog/src/unimacro/BRAM_SINGLE_MACRO.v:2170]
---------------------------------------------------------------------------------
Finished Constraint Validation : Time (s): cpu = 00:00:35 ; elapsed = 00:00:49 . Memory (MB): peak = 1705.246 ; gain = 682.797
---------------------------------------------------------------------------------
---------------------------------------------------------------------------------
Start Loading Part and Timing Information
---------------------------------------------------------------------------------
Loading part: xc7vx485tffg1761-2
---------------------------------------------------------------------------------
Finished Loading Part and Timing Information : Time (s): cpu = 00:00:35 ; elapsed = 00:00:49 . Memory (MB): peak = 1705.246 ; gain = 682.797
---------------------------------------------------------------------------------
---------------------------------------------------------------------------------
Start Applying 'set_property' XDC Constraints
---------------------------------------------------------------------------------
Applied set_property KEEP_HIERARCHY = SOFT for inst. (constraint file  D:/Tony/Downloads/RainbowGhost/Code/mircoBlaze_VC707_PCIeV2/mircoBlaze_VC707_PCIeV2.runs/mb_preset_auto_cc_1_synth_1/dont_touch.xdc, line 9).
Applied set_property KEEP_HIERARCHY = SOFT for inst/\gen_clock_conv.gen_async_lite_conv.clock_conv_lite_fwd_aw /handshake. (constraint file  auto generated constraint).
Applied set_property KEEP_HIERARCHY = SOFT for inst/\gen_clock_conv.gen_async_lite_conv.clock_conv_lite_fwd_ar /handshake. (constraint file  auto generated constraint).
Applied set_property KEEP_HIERARCHY = SOFT for inst/\gen_clock_conv.gen_async_lite_conv.clock_conv_lite_fwd_w /handshake. (constraint file  auto generated constraint).
Applied set_property KEEP_HIERARCHY = SOFT for inst/\gen_clock_conv.gen_async_lite_conv.clock_conv_lite_resp_b /handshake. (constraint file  auto generated constraint).
Applied set_property KEEP_HIERARCHY = SOFT for inst/\gen_clock_conv.gen_async_lite_conv.clock_conv_lite_resp_r /handshake. (constraint file  auto generated constraint).
Applied set_property KEEP_HIERARCHY = SOFT for inst/\gen_clock_conv.gen_async_lite_conv.clock_conv_lite_fwd_aw /handshake/xpm_cdc_single_dest2src_inst. (constraint file  auto generated constraint).
Applied set_property KEEP_HIERARCHY = SOFT for inst/\gen_clock_conv.gen_async_lite_conv.clock_conv_lite_fwd_ar /handshake/xpm_cdc_single_dest2src_inst. (constraint file  auto generated constraint).
Applied set_property KEEP_HIERARCHY = SOFT for inst/\gen_clock_conv.gen_async_lite_conv.clock_conv_lite_fwd_w /handshake/xpm_cdc_single_dest2src_inst. (constraint file  auto generated constraint).
Applied set_property KEEP_HIERARCHY = SOFT for inst/\gen_clock_conv.gen_async_lite_conv.clock_conv_lite_resp_b /handshake/xpm_cdc_single_dest2src_inst. (constraint file  auto generated constraint).
Applied set_property KEEP_HIERARCHY = SOFT for inst/\gen_clock_conv.gen_async_lite_conv.clock_conv_lite_resp_r /handshake/xpm_cdc_single_dest2src_inst. (constraint file  auto generated constraint).
Applied set_property KEEP_HIERARCHY = SOFT for inst/\gen_clock_conv.gen_async_lite_conv.clock_conv_lite_fwd_aw /handshake/xpm_cdc_single_src2dest_inst. (constraint file  auto generated constraint).
Applied set_property KEEP_HIERARCHY = SOFT for inst/\gen_clock_conv.gen_async_lite_conv.clock_conv_lite_fwd_ar /handshake/xpm_cdc_single_src2dest_inst. (constraint file  auto generated constraint).
Applied set_property KEEP_HIERARCHY = SOFT for inst/\gen_clock_conv.gen_async_lite_conv.clock_conv_lite_fwd_w /handshake/xpm_cdc_single_src2dest_inst. (constraint file  auto generated constraint).
Applied set_property KEEP_HIERARCHY = SOFT for inst/\gen_clock_conv.gen_async_lite_conv.clock_conv_lite_resp_b /handshake/xpm_cdc_single_src2dest_inst. (constraint file  auto generated constraint).
Applied set_property KEEP_HIERARCHY = SOFT for inst/\gen_clock_conv.gen_async_lite_conv.clock_conv_lite_resp_r /handshake/xpm_cdc_single_src2dest_inst. (constraint file  auto generated constraint).
---------------------------------------------------------------------------------
Finished applying 'set_property' XDC Constraints : Time (s): cpu = 00:00:35 ; elapsed = 00:00:49 . Memory (MB): peak = 1705.246 ; gain = 682.797
---------------------------------------------------------------------------------
INFO: [Synth 8-802] inferred FSM for state register 'src_state_reg' in module 'axi_clock_converter_v2_1_26_lite_async__xdcDup__1'
INFO: [Synth 8-802] inferred FSM for state register 'dest_state_reg' in module 'axi_clock_converter_v2_1_26_lite_async__xdcDup__1'
INFO: [Synth 8-802] inferred FSM for state register 'src_state_reg' in module 'axi_clock_converter_v2_1_26_lite_async'
INFO: [Synth 8-802] inferred FSM for state register 'dest_state_reg' in module 'axi_clock_converter_v2_1_26_lite_async'
INFO: [Synth 8-802] inferred FSM for state register 'src_state_reg' in module 'axi_clock_converter_v2_1_26_lite_async__parameterized0'
INFO: [Synth 8-802] inferred FSM for state register 'dest_state_reg' in module 'axi_clock_converter_v2_1_26_lite_async__parameterized0'
INFO: [Synth 8-802] inferred FSM for state register 'src_state_reg' in module 'axi_clock_converter_v2_1_26_lite_async__parameterized1'
INFO: [Synth 8-802] inferred FSM for state register 'dest_state_reg' in module 'axi_clock_converter_v2_1_26_lite_async__parameterized1'
INFO: [Synth 8-802] inferred FSM for state register 'src_state_reg' in module 'axi_clock_converter_v2_1_26_lite_async__parameterized2'
INFO: [Synth 8-802] inferred FSM for state register 'dest_state_reg' in module 'axi_clock_converter_v2_1_26_lite_async__parameterized2'
---------------------------------------------------------------------------------------------------
                   State |                     New Encoding |                Previous Encoding 
---------------------------------------------------------------------------------------------------
                SRC_IDLE |                               00 |                               00
            SRC_DRV_SEND |                               01 |                               01
       SRC_WAIT_RCV_DONE |                               10 |                               10
                  iSTATE |                               11 |                               11
*
---------------------------------------------------------------------------------------------------
INFO: [Synth 8-3354] encoded FSM with state register 'src_state_reg' using encoding 'sequential' in module 'axi_clock_converter_v2_1_26_lite_async__xdcDup__1'
---------------------------------------------------------------------------------------------------
                   State |                     New Encoding |                Previous Encoding 
---------------------------------------------------------------------------------------------------
               DEST_IDLE |                               00 |                               00
          DEST_DRV_VALID |                               01 |                               01
            DEST_DRV_ACK |                               10 |                               10
                  iSTATE |                               11 |                               11
*
---------------------------------------------------------------------------------------------------
INFO: [Synth 8-3354] encoded FSM with state register 'dest_state_reg' using encoding 'sequential' in module 'axi_clock_converter_v2_1_26_lite_async__xdcDup__1'
---------------------------------------------------------------------------------------------------
                   State |                     New Encoding |                Previous Encoding 
---------------------------------------------------------------------------------------------------
                SRC_IDLE |                               00 |                               00
            SRC_DRV_SEND |                               01 |                               01
       SRC_WAIT_RCV_DONE |                               10 |                               10
                  iSTATE |                               11 |                               11
*
---------------------------------------------------------------------------------------------------
INFO: [Synth 8-3354] encoded FSM with state register 'src_state_reg' using encoding 'sequential' in module 'axi_clock_converter_v2_1_26_lite_async'
---------------------------------------------------------------------------------------------------
                   State |                     New Encoding |                Previous Encoding 
---------------------------------------------------------------------------------------------------
               DEST_IDLE |                               00 |                               00
          DEST_DRV_VALID |                               01 |                               01
            DEST_DRV_ACK |                               10 |                               10
                  iSTATE |                               11 |                               11
*
---------------------------------------------------------------------------------------------------
INFO: [Synth 8-3354] encoded FSM with state register 'dest_state_reg' using encoding 'sequential' in module 'axi_clock_converter_v2_1_26_lite_async'
---------------------------------------------------------------------------------------------------
                   State |                     New Encoding |                Previous Encoding 
---------------------------------------------------------------------------------------------------
                SRC_IDLE |                               00 |                               00
            SRC_DRV_SEND |                               01 |                               01
       SRC_WAIT_RCV_DONE |                               10 |                               10
                  iSTATE |                               11 |                               11
*
---------------------------------------------------------------------------------------------------
INFO: [Synth 8-3354] encoded FSM with state register 'src_state_reg' using encoding 'sequential' in module 'axi_clock_converter_v2_1_26_lite_async__parameterized0'
---------------------------------------------------------------------------------------------------
                   State |                     New Encoding |                Previous Encoding 
---------------------------------------------------------------------------------------------------
               DEST_IDLE |                               00 |                               00
          DEST_DRV_VALID |                               01 |                               01
            DEST_DRV_ACK |                               10 |                               10
                  iSTATE |                               11 |                               11
*
---------------------------------------------------------------------------------------------------
INFO: [Synth 8-3354] encoded FSM with state register 'dest_state_reg' using encoding 'sequential' in module 'axi_clock_converter_v2_1_26_lite_async__parameterized0'
---------------------------------------------------------------------------------------------------
                   State |                     New Encoding |                Previous Encoding 
---------------------------------------------------------------------------------------------------
                SRC_IDLE |                               00 |                               00
            SRC_DRV_SEND |                               01 |                               01
       SRC_WAIT_RCV_DONE |                               10 |                               10
                  iSTATE |                               11 |                               11
*
---------------------------------------------------------------------------------------------------
INFO: [Synth 8-3354] encoded FSM with state register 'src_state_reg' using encoding 'sequential' in module 'axi_clock_converter_v2_1_26_lite_async__parameterized1'
---------------------------------------------------------------------------------------------------
                   State |                     New Encoding |                Previous Encoding 
---------------------------------------------------------------------------------------------------
               DEST_IDLE |                               00 |                               00
          DEST_DRV_VALID |                               01 |                               01
            DEST_DRV_ACK |                               10 |                               10
                  iSTATE |                               11 |                               11
*
---------------------------------------------------------------------------------------------------
INFO: [Synth 8-3354] encoded FSM with state register 'dest_state_reg' using encoding 'sequential' in module 'axi_clock_converter_v2_1_26_lite_async__parameterized1'
---------------------------------------------------------------------------------------------------
                   State |                     New Encoding |                Previous Encoding 
---------------------------------------------------------------------------------------------------
                SRC_IDLE |                               00 |                               00
            SRC_DRV_SEND |                               01 |                               01
       SRC_WAIT_RCV_DONE |                               10 |                               10
                  iSTATE |                               11 |                               11
*
---------------------------------------------------------------------------------------------------
INFO: [Synth 8-3354] encoded FSM with state register 'src_state_reg' using encoding 'sequential' in module 'axi_clock_converter_v2_1_26_lite_async__parameterized2'
---------------------------------------------------------------------------------------------------
                   State |                     New Encoding |                Previous Encoding 
---------------------------------------------------------------------------------------------------
               DEST_IDLE |                               00 |                               00
          DEST_DRV_VALID |                               01 |                               01
            DEST_DRV_ACK |                               10 |                               10
                  iSTATE |                               11 |                               11
*
---------------------------------------------------------------------------------------------------
INFO: [Synth 8-3354] encoded FSM with state register 'dest_state_reg' using encoding 'sequential' in module 'axi_clock_converter_v2_1_26_lite_async__parameterized2'
---------------------------------------------------------------------------------
Finished RTL Optimization Phase 2 : Time (s): cpu = 00:00:36 ; elapsed = 00:00:50 . Memory (MB): peak = 1705.246 ; gain = 682.797
---------------------------------------------------------------------------------
---------------------------------------------------------------------------------
Start RTL Component Statistics 
---------------------------------------------------------------------------------
Detailed RTL Component Info : 
+---Registers : 
	               72 Bit    Registers := 2     
	               66 Bit    Registers := 2     
	               35 Bit    Registers := 4     
	                4 Bit    Registers := 10    
	                3 Bit    Registers := 10    
	                2 Bit    Registers := 2     
	                1 Bit    Registers := 30    
+---Muxes : 
	   4 Input    2 Bit        Muxes := 10    
	   2 Input    2 Bit        Muxes := 15    
	   2 Input    1 Bit        Muxes := 5     
	   4 Input    1 Bit        Muxes := 50    
---------------------------------------------------------------------------------
Finished RTL Component Statistics 
---------------------------------------------------------------------------------
---------------------------------------------------------------------------------
Start Part Resource Summary
---------------------------------------------------------------------------------
Part Resources:
DSPs: 2800 (col length:140)
BRAMs: 2060 (col length: RAMB18 140 RAMB36 70)
---------------------------------------------------------------------------------
Finished Part Resource Summary
---------------------------------------------------------------------------------
---------------------------------------------------------------------------------
Start Cross Boundary and Area Optimization
---------------------------------------------------------------------------------
WARNING: [Synth 8-7080] Parallel synthesis criteria is not met
---------------------------------------------------------------------------------
Finished Cross Boundary and Area Optimization : Time (s): cpu = 00:00:39 ; elapsed = 00:00:54 . Memory (MB): peak = 1705.246 ; gain = 682.797
---------------------------------------------------------------------------------
---------------------------------------------------------------------------------
Start Applying XDC Timing Constraints
---------------------------------------------------------------------------------
---------------------------------------------------------------------------------
Finished Applying XDC Timing Constraints : Time (s): cpu = 00:00:47 ; elapsed = 00:01:04 . Memory (MB): peak = 1705.246 ; gain = 682.797
---------------------------------------------------------------------------------
---------------------------------------------------------------------------------
Start Timing Optimization
---------------------------------------------------------------------------------
---------------------------------------------------------------------------------
Finished Timing Optimization : Time (s): cpu = 00:00:47 ; elapsed = 00:01:04 . Memory (MB): peak = 1705.246 ; gain = 682.797
---------------------------------------------------------------------------------
---------------------------------------------------------------------------------
Start Technology Mapping
---------------------------------------------------------------------------------
---------------------------------------------------------------------------------
Finished Technology Mapping : Time (s): cpu = 00:00:47 ; elapsed = 00:01:05 . Memory (MB): peak = 1705.246 ; gain = 682.797
---------------------------------------------------------------------------------
---------------------------------------------------------------------------------
Start IO Insertion
---------------------------------------------------------------------------------
---------------------------------------------------------------------------------
Start Flattening Before IO Insertion
---------------------------------------------------------------------------------
---------------------------------------------------------------------------------
Finished Flattening Before IO Insertion
---------------------------------------------------------------------------------
---------------------------------------------------------------------------------
Start Final Netlist Cleanup
---------------------------------------------------------------------------------
---------------------------------------------------------------------------------
Finished Final Netlist Cleanup
---------------------------------------------------------------------------------
---------------------------------------------------------------------------------
Finished IO Insertion : Time (s): cpu = 00:00:55 ; elapsed = 00:01:15 . Memory (MB): peak = 1705.246 ; gain = 682.797
---------------------------------------------------------------------------------
---------------------------------------------------------------------------------
Start Renaming Generated Instances
---------------------------------------------------------------------------------
---------------------------------------------------------------------------------
Finished Renaming Generated Instances : Time (s): cpu = 00:00:55 ; elapsed = 00:01:15 . Memory (MB): peak = 1705.246 ; gain = 682.797
---------------------------------------------------------------------------------
---------------------------------------------------------------------------------
Start Rebuilding User Hierarchy
---------------------------------------------------------------------------------
---------------------------------------------------------------------------------
Finished Rebuilding User Hierarchy : Time (s): cpu = 00:00:55 ; elapsed = 00:01:15 . Memory (MB): peak = 1705.246 ; gain = 682.797
---------------------------------------------------------------------------------
---------------------------------------------------------------------------------
Start Renaming Generated Ports
---------------------------------------------------------------------------------
---------------------------------------------------------------------------------
Finished Renaming Generated Ports : Time (s): cpu = 00:00:55 ; elapsed = 00:01:15 . Memory (MB): peak = 1705.246 ; gain = 682.797
---------------------------------------------------------------------------------
---------------------------------------------------------------------------------
Start Handling Custom Attributes
---------------------------------------------------------------------------------
---------------------------------------------------------------------------------
Finished Handling Custom Attributes : Time (s): cpu = 00:00:55 ; elapsed = 00:01:15 . Memory (MB): peak = 1705.246 ; gain = 682.797
---------------------------------------------------------------------------------
---------------------------------------------------------------------------------
Start Renaming Generated Nets
---------------------------------------------------------------------------------
---------------------------------------------------------------------------------
Finished Renaming Generated Nets : Time (s): cpu = 00:00:55 ; elapsed = 00:01:15 . Memory (MB): peak = 1705.246 ; gain = 682.797
---------------------------------------------------------------------------------
---------------------------------------------------------------------------------
Start Writing Synthesis Report
---------------------------------------------------------------------------------

Report BlackBoxes: 
+-+--------------+----------+
| |BlackBox name |Instances |
+-+--------------+----------+
+-+--------------+----------+

Report Cell Usage: 
+------+-----+------+
|      |Cell |Count |
+------+-----+------+
|1     |LUT1 |     6|
|2     |LUT2 |    11|
|3     |LUT3 |     7|
|4     |LUT4 |    10|
|5     |LUT5 |    20|
|6     |LUT6 |     5|
|7     |FDRE |   508|
+------+-----+------+
---------------------------------------------------------------------------------
Finished Writing Synthesis Report : Time (s): cpu = 00:00:55 ; elapsed = 00:01:15 . Memory (MB): peak = 1705.246 ; gain = 682.797
---------------------------------------------------------------------------------
Synthesis finished with 0 errors, 0 critical warnings and 66 warnings.
Synthesis Optimization Runtime : Time (s): cpu = 00:00:30 ; elapsed = 00:01:09 . Memory (MB): peak = 1705.246 ; gain = 628.020
Synthesis Optimization Complete : Time (s): cpu = 00:00:55 ; elapsed = 00:01:15 . Memory (MB): peak = 1705.246 ; gain = 682.797
INFO: [Project 1-571] Translating synthesized netlist
Netlist sorting complete. Time (s): cpu = 00:00:00 ; elapsed = 00:00:00.029 . Memory (MB): peak = 1705.246 ; gain = 0.000
INFO: [Project 1-570] Preparing netlist for logic optimization
INFO: [Opt 31-138] Pushed 0 inverter(s) to 0 load pin(s).
Netlist sorting complete. Time (s): cpu = 00:00:00 ; elapsed = 00:00:00.001 . Memory (MB): peak = 1705.246 ; gain = 0.000
INFO: [Project 1-111] Unisim Transformation Summary:
No Unisim elements were transformed.

Synth Design complete, checksum: 22c685dd
INFO: [Common 17-83] Releasing license: Synthesis
67 Infos, 105 Warnings, 0 Critical Warnings and 0 Errors encountered.
synth_design completed successfully
synth_design: Time (s): cpu = 00:01:09 ; elapsed = 00:01:36 . Memory (MB): peak = 1705.246 ; gain = 1238.148
INFO: [Common 17-1381] The checkpoint 'D:/Tony/Downloads/RainbowGhost/Code/mircoBlaze_VC707_PCIeV2/mircoBlaze_VC707_PCIeV2.runs/mb_preset_auto_cc_1_synth_1/mb_preset_auto_cc_1.dcp' has been generated.
INFO: [Coretcl 2-1648] Added synthesis output to IP cache for IP mb_preset_auto_cc_1, cache-ID = b1948f4f77efe997
INFO: [Coretcl 2-1174] Renamed 21 cell refs.
INFO: [Common 17-1381] The checkpoint 'D:/Tony/Downloads/RainbowGhost/Code/mircoBlaze_VC707_PCIeV2/mircoBlaze_VC707_PCIeV2.runs/mb_preset_auto_cc_1_synth_1/mb_preset_auto_cc_1.dcp' has been generated.
INFO: [runtcl-4] Executing : report_utilization -file mb_preset_auto_cc_1_utilization_synth.rpt -pb mb_preset_auto_cc_1_utilization_synth.pb
INFO: [Common 17-206] Exiting Vivado at Sat Feb 18 02:15:25 2023...
