
*** Running vivado
    with args -log mb_preset_auto_us_0.vds -m64 -product Vivado -mode batch -messageDb vivado.pb -notrace -source mb_preset_auto_us_0.tcl



****** Vivado v2022.2 (64-bit)
  **** SW Build 3671981 on Fri Oct 14 05:00:03 MDT 2022
  **** IP Build 3669848 on Fri Oct 14 08:30:02 MDT 2022
    ** Copyright 1986-2022 Xilinx, Inc. All Rights Reserved.

source mb_preset_auto_us_0.tcl -notrace
create_project: Time (s): cpu = 00:00:14 ; elapsed = 00:00:17 . Memory (MB): peak = 434.305 ; gain = 107.809
INFO: [IP_Flow 19-6924] IPCACHE: Running cache check for IP inst: mb_preset_auto_us_0
Command: synth_design -top mb_preset_auto_us_0 -part xc7vx485tffg1761-2 -incremental_mode off -mode out_of_context
Starting synth_design
Attempting to get a license for feature 'Synthesis' and/or device 'xc7vx485t'
INFO: [Common 17-349] Got license for feature 'Synthesis' and/or device 'xc7vx485t'
INFO: [Common 17-86] Your Synthesis license expires in 17 day(s)
INFO: [Device 21-403] Loading part xc7vx485tffg1761-2
INFO: [Synth 8-7079] Multithreading enabled for synth_design using a maximum of 2 processes.
INFO: [Synth 8-7078] Launching helper process for spawning children vivado processes
INFO: [Synth 8-7075] Helper process launched with PID 796
INFO: [Synth 8-11241] undeclared symbol 'REGCCE', assumed default net type 'wire' [D:/Xilinx/Vivado/2022.2/data/verilog/src/unimacro/BRAM_SINGLE_MACRO.v:2170]
---------------------------------------------------------------------------------
Starting RTL Elaboration : Time (s): cpu = 00:00:12 ; elapsed = 00:00:17 . Memory (MB): peak = 1431.340 ; gain = 407.773
---------------------------------------------------------------------------------
INFO: [Synth 8-6157] synthesizing module 'mb_preset_auto_us_0' [d:/Tony/Downloads/RainbowGhost/Code/mircoBlaze_VC707_PCIeV2/mircoBlaze_VC707_PCIeV2.gen/sources_1/bd/mb_preset/ip/mb_preset_auto_us_0/synth/mb_preset_auto_us_0.v:53]
INFO: [Synth 8-6157] synthesizing module 'axi_dwidth_converter_v2_1_27_top' [d:/Tony/Downloads/RainbowGhost/Code/mircoBlaze_VC707_PCIeV2/mircoBlaze_VC707_PCIeV2.gen/sources_1/bd/mb_preset/ipshared/4675/hdl/axi_dwidth_converter_v2_1_vlsyn_rfs.v:14461]
INFO: [Synth 8-6157] synthesizing module 'axi_dwidth_converter_v2_1_27_axi_upsizer' [d:/Tony/Downloads/RainbowGhost/Code/mircoBlaze_VC707_PCIeV2/mircoBlaze_VC707_PCIeV2.gen/sources_1/bd/mb_preset/ipshared/4675/hdl/axi_dwidth_converter_v2_1_vlsyn_rfs.v:7037]
INFO: [Synth 8-6157] synthesizing module 'axi_dwidth_converter_v2_1_27_w_upsizer' [d:/Tony/Downloads/RainbowGhost/Code/mircoBlaze_VC707_PCIeV2/mircoBlaze_VC707_PCIeV2.gen/sources_1/bd/mb_preset/ipshared/4675/hdl/axi_dwidth_converter_v2_1_vlsyn_rfs.v:5562]
INFO: [Synth 8-6155] done synthesizing module 'axi_dwidth_converter_v2_1_27_w_upsizer' (0#1) [d:/Tony/Downloads/RainbowGhost/Code/mircoBlaze_VC707_PCIeV2/mircoBlaze_VC707_PCIeV2.gen/sources_1/bd/mb_preset/ipshared/4675/hdl/axi_dwidth_converter_v2_1_vlsyn_rfs.v:5562]
INFO: [Synth 8-6157] synthesizing module 'axi_dwidth_converter_v2_1_27_a_upsizer' [d:/Tony/Downloads/RainbowGhost/Code/mircoBlaze_VC707_PCIeV2/mircoBlaze_VC707_PCIeV2.gen/sources_1/bd/mb_preset/ipshared/4675/hdl/axi_dwidth_converter_v2_1_vlsyn_rfs.v:3602]
INFO: [Synth 8-6157] synthesizing module 'generic_baseblocks_v2_1_0_command_fifo' [d:/Tony/Downloads/RainbowGhost/Code/mircoBlaze_VC707_PCIeV2/mircoBlaze_VC707_PCIeV2.gen/sources_1/bd/mb_preset/ipshared/b752/hdl/generic_baseblocks_v2_1_vl_rfs.v:654]
INFO: [Synth 8-6155] done synthesizing module 'generic_baseblocks_v2_1_0_command_fifo' (0#1) [d:/Tony/Downloads/RainbowGhost/Code/mircoBlaze_VC707_PCIeV2/mircoBlaze_VC707_PCIeV2.gen/sources_1/bd/mb_preset/ipshared/b752/hdl/generic_baseblocks_v2_1_vl_rfs.v:654]
INFO: [Synth 8-6155] done synthesizing module 'axi_dwidth_converter_v2_1_27_a_upsizer' (0#1) [d:/Tony/Downloads/RainbowGhost/Code/mircoBlaze_VC707_PCIeV2/mircoBlaze_VC707_PCIeV2.gen/sources_1/bd/mb_preset/ipshared/4675/hdl/axi_dwidth_converter_v2_1_vlsyn_rfs.v:3602]
INFO: [Synth 8-6157] synthesizing module 'axi_dwidth_converter_v2_1_27_r_upsizer' [d:/Tony/Downloads/RainbowGhost/Code/mircoBlaze_VC707_PCIeV2/mircoBlaze_VC707_PCIeV2.gen/sources_1/bd/mb_preset/ipshared/4675/hdl/axi_dwidth_converter_v2_1_vlsyn_rfs.v:4652]
INFO: [Synth 8-6155] done synthesizing module 'axi_dwidth_converter_v2_1_27_r_upsizer' (0#1) [d:/Tony/Downloads/RainbowGhost/Code/mircoBlaze_VC707_PCIeV2/mircoBlaze_VC707_PCIeV2.gen/sources_1/bd/mb_preset/ipshared/4675/hdl/axi_dwidth_converter_v2_1_vlsyn_rfs.v:4652]
INFO: [Synth 8-6157] synthesizing module 'axi_register_slice_v2_1_27_axi_register_slice' [d:/Tony/Downloads/RainbowGhost/Code/mircoBlaze_VC707_PCIeV2/mircoBlaze_VC707_PCIeV2.gen/sources_1/bd/mb_preset/ipshared/f0b4/hdl/axi_register_slice_v2_1_vl_rfs.v:3725]
INFO: [Synth 8-6157] synthesizing module 'axi_infrastructure_v1_1_0_axi2vector' [d:/Tony/Downloads/RainbowGhost/Code/mircoBlaze_VC707_PCIeV2/mircoBlaze_VC707_PCIeV2.gen/sources_1/bd/mb_preset/ipshared/ec67/hdl/axi_infrastructure_v1_1_vl_rfs.v:59]
INFO: [Synth 8-6155] done synthesizing module 'axi_infrastructure_v1_1_0_axi2vector' (0#1) [d:/Tony/Downloads/RainbowGhost/Code/mircoBlaze_VC707_PCIeV2/mircoBlaze_VC707_PCIeV2.gen/sources_1/bd/mb_preset/ipshared/ec67/hdl/axi_infrastructure_v1_1_vl_rfs.v:59]
INFO: [Synth 8-6157] synthesizing module 'axi_infrastructure_v1_1_0_vector2axi' [d:/Tony/Downloads/RainbowGhost/Code/mircoBlaze_VC707_PCIeV2/mircoBlaze_VC707_PCIeV2.gen/sources_1/bd/mb_preset/ipshared/ec67/hdl/axi_infrastructure_v1_1_vl_rfs.v:473]
INFO: [Synth 8-6155] done synthesizing module 'axi_infrastructure_v1_1_0_vector2axi' (0#1) [d:/Tony/Downloads/RainbowGhost/Code/mircoBlaze_VC707_PCIeV2/mircoBlaze_VC707_PCIeV2.gen/sources_1/bd/mb_preset/ipshared/ec67/hdl/axi_infrastructure_v1_1_vl_rfs.v:473]
INFO: [Synth 8-6157] synthesizing module 'axi_register_slice_v2_1_27_axic_register_slice' [d:/Tony/Downloads/RainbowGhost/Code/mircoBlaze_VC707_PCIeV2/mircoBlaze_VC707_PCIeV2.gen/sources_1/bd/mb_preset/ipshared/f0b4/hdl/axi_register_slice_v2_1_vl_rfs.v:1497]
INFO: [Synth 8-6155] done synthesizing module 'axi_register_slice_v2_1_27_axic_register_slice' (0#1) [d:/Tony/Downloads/RainbowGhost/Code/mircoBlaze_VC707_PCIeV2/mircoBlaze_VC707_PCIeV2.gen/sources_1/bd/mb_preset/ipshared/f0b4/hdl/axi_register_slice_v2_1_vl_rfs.v:1497]
INFO: [Synth 8-6157] synthesizing module 'axi_register_slice_v2_1_27_axic_register_slice__parameterized0' [d:/Tony/Downloads/RainbowGhost/Code/mircoBlaze_VC707_PCIeV2/mircoBlaze_VC707_PCIeV2.gen/sources_1/bd/mb_preset/ipshared/f0b4/hdl/axi_register_slice_v2_1_vl_rfs.v:1497]
INFO: [Synth 8-6155] done synthesizing module 'axi_register_slice_v2_1_27_axic_register_slice__parameterized0' (0#1) [d:/Tony/Downloads/RainbowGhost/Code/mircoBlaze_VC707_PCIeV2/mircoBlaze_VC707_PCIeV2.gen/sources_1/bd/mb_preset/ipshared/f0b4/hdl/axi_register_slice_v2_1_vl_rfs.v:1497]
INFO: [Synth 8-6157] synthesizing module 'axi_register_slice_v2_1_27_axic_register_slice__parameterized1' [d:/Tony/Downloads/RainbowGhost/Code/mircoBlaze_VC707_PCIeV2/mircoBlaze_VC707_PCIeV2.gen/sources_1/bd/mb_preset/ipshared/f0b4/hdl/axi_register_slice_v2_1_vl_rfs.v:1497]
INFO: [Synth 8-6155] done synthesizing module 'axi_register_slice_v2_1_27_axic_register_slice__parameterized1' (0#1) [d:/Tony/Downloads/RainbowGhost/Code/mircoBlaze_VC707_PCIeV2/mircoBlaze_VC707_PCIeV2.gen/sources_1/bd/mb_preset/ipshared/f0b4/hdl/axi_register_slice_v2_1_vl_rfs.v:1497]
INFO: [Synth 8-6157] synthesizing module 'axi_register_slice_v2_1_27_axic_register_slice__parameterized2' [d:/Tony/Downloads/RainbowGhost/Code/mircoBlaze_VC707_PCIeV2/mircoBlaze_VC707_PCIeV2.gen/sources_1/bd/mb_preset/ipshared/f0b4/hdl/axi_register_slice_v2_1_vl_rfs.v:1497]
INFO: [Synth 8-6155] done synthesizing module 'axi_register_slice_v2_1_27_axic_register_slice__parameterized2' (0#1) [d:/Tony/Downloads/RainbowGhost/Code/mircoBlaze_VC707_PCIeV2/mircoBlaze_VC707_PCIeV2.gen/sources_1/bd/mb_preset/ipshared/f0b4/hdl/axi_register_slice_v2_1_vl_rfs.v:1497]
INFO: [Synth 8-6155] done synthesizing module 'axi_register_slice_v2_1_27_axi_register_slice' (0#1) [d:/Tony/Downloads/RainbowGhost/Code/mircoBlaze_VC707_PCIeV2/mircoBlaze_VC707_PCIeV2.gen/sources_1/bd/mb_preset/ipshared/f0b4/hdl/axi_register_slice_v2_1_vl_rfs.v:3725]
WARNING: [Synth 8-7071] port 'aclk2x' of module 'axi_register_slice_v2_1_27_axi_register_slice' is unconnected for instance 'mi_register_slice_inst' [d:/Tony/Downloads/RainbowGhost/Code/mircoBlaze_VC707_PCIeV2/mircoBlaze_VC707_PCIeV2.gen/sources_1/bd/mb_preset/ipshared/4675/hdl/axi_dwidth_converter_v2_1_vlsyn_rfs.v:8475]
WARNING: [Synth 8-7023] instance 'mi_register_slice_inst' of module 'axi_register_slice_v2_1_27_axi_register_slice' has 93 connections declared, but only 92 given [d:/Tony/Downloads/RainbowGhost/Code/mircoBlaze_VC707_PCIeV2/mircoBlaze_VC707_PCIeV2.gen/sources_1/bd/mb_preset/ipshared/4675/hdl/axi_dwidth_converter_v2_1_vlsyn_rfs.v:8475]
INFO: [Synth 8-6157] synthesizing module 'axi_dwidth_converter_v2_1_27_a_upsizer__parameterized0' [d:/Tony/Downloads/RainbowGhost/Code/mircoBlaze_VC707_PCIeV2/mircoBlaze_VC707_PCIeV2.gen/sources_1/bd/mb_preset/ipshared/4675/hdl/axi_dwidth_converter_v2_1_vlsyn_rfs.v:3602]
INFO: [Synth 8-6155] done synthesizing module 'axi_dwidth_converter_v2_1_27_a_upsizer__parameterized0' (0#1) [d:/Tony/Downloads/RainbowGhost/Code/mircoBlaze_VC707_PCIeV2/mircoBlaze_VC707_PCIeV2.gen/sources_1/bd/mb_preset/ipshared/4675/hdl/axi_dwidth_converter_v2_1_vlsyn_rfs.v:3602]
INFO: [Synth 8-6157] synthesizing module 'axi_register_slice_v2_1_27_axi_register_slice__parameterized0' [d:/Tony/Downloads/RainbowGhost/Code/mircoBlaze_VC707_PCIeV2/mircoBlaze_VC707_PCIeV2.gen/sources_1/bd/mb_preset/ipshared/f0b4/hdl/axi_register_slice_v2_1_vl_rfs.v:3725]
INFO: [Synth 8-6157] synthesizing module 'axi_infrastructure_v1_1_0_axi2vector__parameterized0' [d:/Tony/Downloads/RainbowGhost/Code/mircoBlaze_VC707_PCIeV2/mircoBlaze_VC707_PCIeV2.gen/sources_1/bd/mb_preset/ipshared/ec67/hdl/axi_infrastructure_v1_1_vl_rfs.v:59]
INFO: [Synth 8-6155] done synthesizing module 'axi_infrastructure_v1_1_0_axi2vector__parameterized0' (0#1) [d:/Tony/Downloads/RainbowGhost/Code/mircoBlaze_VC707_PCIeV2/mircoBlaze_VC707_PCIeV2.gen/sources_1/bd/mb_preset/ipshared/ec67/hdl/axi_infrastructure_v1_1_vl_rfs.v:59]
INFO: [Synth 8-6157] synthesizing module 'axi_infrastructure_v1_1_0_vector2axi__parameterized0' [d:/Tony/Downloads/RainbowGhost/Code/mircoBlaze_VC707_PCIeV2/mircoBlaze_VC707_PCIeV2.gen/sources_1/bd/mb_preset/ipshared/ec67/hdl/axi_infrastructure_v1_1_vl_rfs.v:473]
INFO: [Synth 8-6155] done synthesizing module 'axi_infrastructure_v1_1_0_vector2axi__parameterized0' (0#1) [d:/Tony/Downloads/RainbowGhost/Code/mircoBlaze_VC707_PCIeV2/mircoBlaze_VC707_PCIeV2.gen/sources_1/bd/mb_preset/ipshared/ec67/hdl/axi_infrastructure_v1_1_vl_rfs.v:473]
INFO: [Synth 8-6157] synthesizing module 'axi_register_slice_v2_1_27_axic_register_slice__parameterized3' [d:/Tony/Downloads/RainbowGhost/Code/mircoBlaze_VC707_PCIeV2/mircoBlaze_VC707_PCIeV2.gen/sources_1/bd/mb_preset/ipshared/f0b4/hdl/axi_register_slice_v2_1_vl_rfs.v:1497]
INFO: [Synth 8-6155] done synthesizing module 'axi_register_slice_v2_1_27_axic_register_slice__parameterized3' (0#1) [d:/Tony/Downloads/RainbowGhost/Code/mircoBlaze_VC707_PCIeV2/mircoBlaze_VC707_PCIeV2.gen/sources_1/bd/mb_preset/ipshared/f0b4/hdl/axi_register_slice_v2_1_vl_rfs.v:1497]
INFO: [Synth 8-6157] synthesizing module 'axi_register_slice_v2_1_27_axic_register_slice__parameterized4' [d:/Tony/Downloads/RainbowGhost/Code/mircoBlaze_VC707_PCIeV2/mircoBlaze_VC707_PCIeV2.gen/sources_1/bd/mb_preset/ipshared/f0b4/hdl/axi_register_slice_v2_1_vl_rfs.v:1497]
INFO: [Synth 8-6155] done synthesizing module 'axi_register_slice_v2_1_27_axic_register_slice__parameterized4' (0#1) [d:/Tony/Downloads/RainbowGhost/Code/mircoBlaze_VC707_PCIeV2/mircoBlaze_VC707_PCIeV2.gen/sources_1/bd/mb_preset/ipshared/f0b4/hdl/axi_register_slice_v2_1_vl_rfs.v:1497]
INFO: [Synth 8-6155] done synthesizing module 'axi_register_slice_v2_1_27_axi_register_slice__parameterized0' (0#1) [d:/Tony/Downloads/RainbowGhost/Code/mircoBlaze_VC707_PCIeV2/mircoBlaze_VC707_PCIeV2.gen/sources_1/bd/mb_preset/ipshared/f0b4/hdl/axi_register_slice_v2_1_vl_rfs.v:3725]
WARNING: [Synth 8-7071] port 'aclk2x' of module 'axi_register_slice_v2_1_27_axi_register_slice' is unconnected for instance 'si_register_slice_inst' [d:/Tony/Downloads/RainbowGhost/Code/mircoBlaze_VC707_PCIeV2/mircoBlaze_VC707_PCIeV2.gen/sources_1/bd/mb_preset/ipshared/4675/hdl/axi_dwidth_converter_v2_1_vlsyn_rfs.v:7379]
WARNING: [Synth 8-7023] instance 'si_register_slice_inst' of module 'axi_register_slice_v2_1_27_axi_register_slice' has 93 connections declared, but only 92 given [d:/Tony/Downloads/RainbowGhost/Code/mircoBlaze_VC707_PCIeV2/mircoBlaze_VC707_PCIeV2.gen/sources_1/bd/mb_preset/ipshared/4675/hdl/axi_dwidth_converter_v2_1_vlsyn_rfs.v:7379]
INFO: [Synth 8-6155] done synthesizing module 'axi_dwidth_converter_v2_1_27_axi_upsizer' (0#1) [d:/Tony/Downloads/RainbowGhost/Code/mircoBlaze_VC707_PCIeV2/mircoBlaze_VC707_PCIeV2.gen/sources_1/bd/mb_preset/ipshared/4675/hdl/axi_dwidth_converter_v2_1_vlsyn_rfs.v:7037]
INFO: [Synth 8-6155] done synthesizing module 'axi_dwidth_converter_v2_1_27_top' (0#1) [d:/Tony/Downloads/RainbowGhost/Code/mircoBlaze_VC707_PCIeV2/mircoBlaze_VC707_PCIeV2.gen/sources_1/bd/mb_preset/ipshared/4675/hdl/axi_dwidth_converter_v2_1_vlsyn_rfs.v:14461]
INFO: [Synth 8-6155] done synthesizing module 'mb_preset_auto_us_0' (0#1) [d:/Tony/Downloads/RainbowGhost/Code/mircoBlaze_VC707_PCIeV2/mircoBlaze_VC707_PCIeV2.gen/sources_1/bd/mb_preset/ip/mb_preset_auto_us_0/synth/mb_preset_auto_us_0.v:53]
WARNING: [Synth 8-7129] Port m_axi_buser[0] in module axi_infrastructure_v1_1_0_vector2axi__parameterized0 is either unconnected or has no load
WARNING: [Synth 8-7129] Port m_axi_ruser[0] in module axi_infrastructure_v1_1_0_vector2axi__parameterized0 is either unconnected or has no load
WARNING: [Synth 8-7129] Port s_axi_awuser[0] in module axi_infrastructure_v1_1_0_axi2vector__parameterized0 is either unconnected or has no load
WARNING: [Synth 8-7129] Port s_axi_wid[0] in module axi_infrastructure_v1_1_0_axi2vector__parameterized0 is either unconnected or has no load
WARNING: [Synth 8-7129] Port s_axi_wuser[0] in module axi_infrastructure_v1_1_0_axi2vector__parameterized0 is either unconnected or has no load
WARNING: [Synth 8-7129] Port s_axi_aruser[0] in module axi_infrastructure_v1_1_0_axi2vector__parameterized0 is either unconnected or has no load
WARNING: [Synth 8-7129] Port aclk2x in module axi_register_slice_v2_1_27_axi_register_slice__parameterized0 is either unconnected or has no load
WARNING: [Synth 8-7129] Port cmd_id_ready in module axi_dwidth_converter_v2_1_27_a_upsizer__parameterized0 is either unconnected or has no load
WARNING: [Synth 8-7129] Port S_AXI_AID[0] in module axi_dwidth_converter_v2_1_27_a_upsizer__parameterized0 is either unconnected or has no load
WARNING: [Synth 8-7129] Port m_axi_buser[0] in module axi_infrastructure_v1_1_0_vector2axi is either unconnected or has no load
WARNING: [Synth 8-7129] Port m_axi_ruser[0] in module axi_infrastructure_v1_1_0_vector2axi is either unconnected or has no load
WARNING: [Synth 8-7129] Port s_axi_awuser[0] in module axi_infrastructure_v1_1_0_axi2vector is either unconnected or has no load
WARNING: [Synth 8-7129] Port s_axi_wid[0] in module axi_infrastructure_v1_1_0_axi2vector is either unconnected or has no load
WARNING: [Synth 8-7129] Port s_axi_wuser[0] in module axi_infrastructure_v1_1_0_axi2vector is either unconnected or has no load
WARNING: [Synth 8-7129] Port s_axi_aruser[0] in module axi_infrastructure_v1_1_0_axi2vector is either unconnected or has no load
WARNING: [Synth 8-7129] Port aclk2x in module axi_register_slice_v2_1_27_axi_register_slice is either unconnected or has no load
WARNING: [Synth 8-7129] Port cmd_id_ready in module axi_dwidth_converter_v2_1_27_a_upsizer is either unconnected or has no load
WARNING: [Synth 8-7129] Port S_AXI_AID[0] in module axi_dwidth_converter_v2_1_27_a_upsizer is either unconnected or has no load
WARNING: [Synth 8-7129] Port s_axi_awlock[1] in module axi_dwidth_converter_v2_1_27_axi_upsizer is either unconnected or has no load
WARNING: [Synth 8-7129] Port s_axi_arlock[1] in module axi_dwidth_converter_v2_1_27_axi_upsizer is either unconnected or has no load
WARNING: [Synth 8-7129] Port m_axi_aresetn in module axi_dwidth_converter_v2_1_27_axi_upsizer is either unconnected or has no load
WARNING: [Synth 8-7129] Port m_axi_aclk in module axi_dwidth_converter_v2_1_27_axi_upsizer is either unconnected or has no load
---------------------------------------------------------------------------------
Finished RTL Elaboration : Time (s): cpu = 00:00:21 ; elapsed = 00:00:30 . Memory (MB): peak = 1672.434 ; gain = 648.867
---------------------------------------------------------------------------------
---------------------------------------------------------------------------------
Start Handling Custom Attributes
---------------------------------------------------------------------------------
---------------------------------------------------------------------------------
Finished Handling Custom Attributes : Time (s): cpu = 00:00:21 ; elapsed = 00:00:30 . Memory (MB): peak = 1672.434 ; gain = 648.867
---------------------------------------------------------------------------------
---------------------------------------------------------------------------------
Finished RTL Optimization Phase 1 : Time (s): cpu = 00:00:21 ; elapsed = 00:00:30 . Memory (MB): peak = 1672.434 ; gain = 648.867
---------------------------------------------------------------------------------
Netlist sorting complete. Time (s): cpu = 00:00:00 ; elapsed = 00:00:00.228 . Memory (MB): peak = 1672.434 ; gain = 0.000
INFO: [Project 1-570] Preparing netlist for logic optimization

Processing XDC Constraints
Initializing timing engine
Parsing XDC File [d:/Tony/Downloads/RainbowGhost/Code/mircoBlaze_VC707_PCIeV2/mircoBlaze_VC707_PCIeV2.gen/sources_1/bd/mb_preset/ip/mb_preset_auto_us_0/mb_preset_auto_us_0_ooc.xdc] for cell 'inst'
Finished Parsing XDC File [d:/Tony/Downloads/RainbowGhost/Code/mircoBlaze_VC707_PCIeV2/mircoBlaze_VC707_PCIeV2.gen/sources_1/bd/mb_preset/ip/mb_preset_auto_us_0/mb_preset_auto_us_0_ooc.xdc] for cell 'inst'
Parsing XDC File [D:/Tony/Downloads/RainbowGhost/Code/mircoBlaze_VC707_PCIeV2/mircoBlaze_VC707_PCIeV2.runs/mb_preset_auto_us_0_synth_1/dont_touch.xdc]
Finished Parsing XDC File [D:/Tony/Downloads/RainbowGhost/Code/mircoBlaze_VC707_PCIeV2/mircoBlaze_VC707_PCIeV2.runs/mb_preset_auto_us_0_synth_1/dont_touch.xdc]
Completed Processing XDC Constraints

Netlist sorting complete. Time (s): cpu = 00:00:00 ; elapsed = 00:00:00.001 . Memory (MB): peak = 1725.012 ; gain = 0.000
INFO: [Project 1-111] Unisim Transformation Summary:
No Unisim elements were transformed.

Constraint Validation Runtime : Time (s): cpu = 00:00:00 ; elapsed = 00:00:00.167 . Memory (MB): peak = 1726.664 ; gain = 1.652
INFO: [Designutils 20-5008] Incremental synthesis strategy off
INFO: [Synth 8-11241] undeclared symbol 'REGCCE', assumed default net type 'wire' [D:/Xilinx/Vivado/2022.2/data/verilog/src/unimacro/BRAM_SINGLE_MACRO.v:2170]
---------------------------------------------------------------------------------
Finished Constraint Validation : Time (s): cpu = 00:00:36 ; elapsed = 00:00:51 . Memory (MB): peak = 1726.664 ; gain = 703.098
---------------------------------------------------------------------------------
---------------------------------------------------------------------------------
Start Loading Part and Timing Information
---------------------------------------------------------------------------------
Loading part: xc7vx485tffg1761-2
---------------------------------------------------------------------------------
Finished Loading Part and Timing Information : Time (s): cpu = 00:00:36 ; elapsed = 00:00:51 . Memory (MB): peak = 1726.664 ; gain = 703.098
---------------------------------------------------------------------------------
---------------------------------------------------------------------------------
Start Applying 'set_property' XDC Constraints
---------------------------------------------------------------------------------
Applied set_property KEEP_HIERARCHY = SOFT for inst. (constraint file  D:/Tony/Downloads/RainbowGhost/Code/mircoBlaze_VC707_PCIeV2/mircoBlaze_VC707_PCIeV2.runs/mb_preset_auto_us_0_synth_1/dont_touch.xdc, line 9).
---------------------------------------------------------------------------------
Finished applying 'set_property' XDC Constraints : Time (s): cpu = 00:00:36 ; elapsed = 00:00:51 . Memory (MB): peak = 1726.664 ; gain = 703.098
---------------------------------------------------------------------------------
---------------------------------------------------------------------------------
Finished RTL Optimization Phase 2 : Time (s): cpu = 00:00:38 ; elapsed = 00:00:53 . Memory (MB): peak = 1726.664 ; gain = 703.098
---------------------------------------------------------------------------------
---------------------------------------------------------------------------------
Start RTL Component Statistics 
---------------------------------------------------------------------------------
Detailed RTL Component Info : 
+---Adders : 
	   2 Input    8 Bit       Adders := 4     
	   2 Input    7 Bit       Adders := 1     
	   2 Input    5 Bit       Adders := 4     
	   2 Input    4 Bit       Adders := 4     
+---Registers : 
	              145 Bit    Registers := 2     
	              132 Bit    Registers := 2     
	              128 Bit    Registers := 1     
	               73 Bit    Registers := 2     
	               68 Bit    Registers := 2     
	               62 Bit    Registers := 4     
	               36 Bit    Registers := 2     
	                8 Bit    Registers := 34    
	                5 Bit    Registers := 2     
	                4 Bit    Registers := 4     
	                3 Bit    Registers := 2     
	                2 Bit    Registers := 11    
	                1 Bit    Registers := 69    
+---Muxes : 
	   2 Input  145 Bit        Muxes := 2     
	   2 Input  132 Bit        Muxes := 2     
	   2 Input   73 Bit        Muxes := 2     
	   2 Input   68 Bit        Muxes := 2     
	   2 Input   64 Bit        Muxes := 3     
	   2 Input   32 Bit        Muxes := 6     
	   2 Input    8 Bit        Muxes := 38    
	   8 Input    8 Bit        Muxes := 2     
	   2 Input    4 Bit        Muxes := 9     
	   8 Input    4 Bit        Muxes := 4     
	   2 Input    3 Bit        Muxes := 2     
	   2 Input    2 Bit        Muxes := 7     
	   2 Input    1 Bit        Muxes := 99    
---------------------------------------------------------------------------------
Finished RTL Component Statistics 
---------------------------------------------------------------------------------
---------------------------------------------------------------------------------
Start Part Resource Summary
---------------------------------------------------------------------------------
Part Resources:
DSPs: 2800 (col length:140)
BRAMs: 2060 (col length: RAMB18 140 RAMB36 70)
---------------------------------------------------------------------------------
Finished Part Resource Summary
---------------------------------------------------------------------------------
---------------------------------------------------------------------------------
Start Cross Boundary and Area Optimization
---------------------------------------------------------------------------------
WARNING: [Synth 8-7080] Parallel synthesis criteria is not met
WARNING: [Synth 8-7129] Port aclk2x in module axi_register_slice_v2_1_27_axi_register_slice__parameterized0 is either unconnected or has no load
WARNING: [Synth 8-7129] Port s_axi_awuser[0] in module axi_register_slice_v2_1_27_axi_register_slice__parameterized0 is either unconnected or has no load
WARNING: [Synth 8-7129] Port s_axi_wid[0] in module axi_register_slice_v2_1_27_axi_register_slice__parameterized0 is either unconnected or has no load
WARNING: [Synth 8-7129] Port s_axi_wuser[0] in module axi_register_slice_v2_1_27_axi_register_slice__parameterized0 is either unconnected or has no load
WARNING: [Synth 8-7129] Port s_axi_aruser[0] in module axi_register_slice_v2_1_27_axi_register_slice__parameterized0 is either unconnected or has no load
WARNING: [Synth 8-7129] Port m_axi_buser[0] in module axi_register_slice_v2_1_27_axi_register_slice__parameterized0 is either unconnected or has no load
WARNING: [Synth 8-7129] Port m_axi_ruser[0] in module axi_register_slice_v2_1_27_axi_register_slice__parameterized0 is either unconnected or has no load
WARNING: [Synth 8-7129] Port cmd_id_ready in module axi_dwidth_converter_v2_1_27_a_upsizer__parameterized0 is either unconnected or has no load
WARNING: [Synth 8-7129] Port S_AXI_AID[0] in module axi_dwidth_converter_v2_1_27_a_upsizer__parameterized0 is either unconnected or has no load
WARNING: [Synth 8-7129] Port aclk2x in module axi_register_slice_v2_1_27_axi_register_slice is either unconnected or has no load
WARNING: [Synth 8-7129] Port s_axi_awuser[0] in module axi_register_slice_v2_1_27_axi_register_slice is either unconnected or has no load
WARNING: [Synth 8-7129] Port s_axi_wid[0] in module axi_register_slice_v2_1_27_axi_register_slice is either unconnected or has no load
WARNING: [Synth 8-7129] Port s_axi_wuser[0] in module axi_register_slice_v2_1_27_axi_register_slice is either unconnected or has no load
WARNING: [Synth 8-7129] Port s_axi_aruser[0] in module axi_register_slice_v2_1_27_axi_register_slice is either unconnected or has no load
WARNING: [Synth 8-7129] Port m_axi_buser[0] in module axi_register_slice_v2_1_27_axi_register_slice is either unconnected or has no load
WARNING: [Synth 8-7129] Port m_axi_ruser[0] in module axi_register_slice_v2_1_27_axi_register_slice is either unconnected or has no load
WARNING: [Synth 8-7129] Port cmd_id_ready in module axi_dwidth_converter_v2_1_27_a_upsizer is either unconnected or has no load
WARNING: [Synth 8-7129] Port S_AXI_AID[0] in module axi_dwidth_converter_v2_1_27_a_upsizer is either unconnected or has no load
WARNING: [Synth 8-7129] Port s_axi_awlock[1] in module axi_dwidth_converter_v2_1_27_axi_upsizer is either unconnected or has no load
WARNING: [Synth 8-7129] Port s_axi_arlock[1] in module axi_dwidth_converter_v2_1_27_axi_upsizer is either unconnected or has no load
WARNING: [Synth 8-7129] Port m_axi_aresetn in module axi_dwidth_converter_v2_1_27_axi_upsizer is either unconnected or has no load
WARNING: [Synth 8-7129] Port m_axi_aclk in module axi_dwidth_converter_v2_1_27_axi_upsizer is either unconnected or has no load
---------------------------------------------------------------------------------
Finished Cross Boundary and Area Optimization : Time (s): cpu = 00:00:47 ; elapsed = 00:01:06 . Memory (MB): peak = 1726.664 ; gain = 703.098
---------------------------------------------------------------------------------
---------------------------------------------------------------------------------
Start Applying XDC Timing Constraints
---------------------------------------------------------------------------------
---------------------------------------------------------------------------------
Finished Applying XDC Timing Constraints : Time (s): cpu = 00:00:55 ; elapsed = 00:01:17 . Memory (MB): peak = 1726.664 ; gain = 703.098
---------------------------------------------------------------------------------
---------------------------------------------------------------------------------
Start Timing Optimization
---------------------------------------------------------------------------------
---------------------------------------------------------------------------------
Finished Timing Optimization : Time (s): cpu = 00:00:57 ; elapsed = 00:01:19 . Memory (MB): peak = 1726.664 ; gain = 703.098
---------------------------------------------------------------------------------
---------------------------------------------------------------------------------
Start Technology Mapping
---------------------------------------------------------------------------------
---------------------------------------------------------------------------------
Finished Technology Mapping : Time (s): cpu = 00:00:58 ; elapsed = 00:01:19 . Memory (MB): peak = 1726.664 ; gain = 703.098
---------------------------------------------------------------------------------
---------------------------------------------------------------------------------
Start IO Insertion
---------------------------------------------------------------------------------
---------------------------------------------------------------------------------
Start Flattening Before IO Insertion
---------------------------------------------------------------------------------
---------------------------------------------------------------------------------
Finished Flattening Before IO Insertion
---------------------------------------------------------------------------------
---------------------------------------------------------------------------------
Start Final Netlist Cleanup
---------------------------------------------------------------------------------
---------------------------------------------------------------------------------
Finished Final Netlist Cleanup
---------------------------------------------------------------------------------
---------------------------------------------------------------------------------
Finished IO Insertion : Time (s): cpu = 00:01:03 ; elapsed = 00:01:27 . Memory (MB): peak = 1726.664 ; gain = 703.098
---------------------------------------------------------------------------------
---------------------------------------------------------------------------------
Start Renaming Generated Instances
---------------------------------------------------------------------------------
---------------------------------------------------------------------------------
Finished Renaming Generated Instances : Time (s): cpu = 00:01:03 ; elapsed = 00:01:27 . Memory (MB): peak = 1726.664 ; gain = 703.098
---------------------------------------------------------------------------------
---------------------------------------------------------------------------------
Start Rebuilding User Hierarchy
---------------------------------------------------------------------------------
---------------------------------------------------------------------------------
Finished Rebuilding User Hierarchy : Time (s): cpu = 00:01:04 ; elapsed = 00:01:27 . Memory (MB): peak = 1726.664 ; gain = 703.098
---------------------------------------------------------------------------------
---------------------------------------------------------------------------------
Start Renaming Generated Ports
---------------------------------------------------------------------------------
---------------------------------------------------------------------------------
Finished Renaming Generated Ports : Time (s): cpu = 00:01:04 ; elapsed = 00:01:27 . Memory (MB): peak = 1726.664 ; gain = 703.098
---------------------------------------------------------------------------------
---------------------------------------------------------------------------------
Start Handling Custom Attributes
---------------------------------------------------------------------------------
---------------------------------------------------------------------------------
Finished Handling Custom Attributes : Time (s): cpu = 00:01:04 ; elapsed = 00:01:27 . Memory (MB): peak = 1726.664 ; gain = 703.098
---------------------------------------------------------------------------------
---------------------------------------------------------------------------------
Start Renaming Generated Nets
---------------------------------------------------------------------------------
---------------------------------------------------------------------------------
Finished Renaming Generated Nets : Time (s): cpu = 00:01:04 ; elapsed = 00:01:27 . Memory (MB): peak = 1726.664 ; gain = 703.098
---------------------------------------------------------------------------------
---------------------------------------------------------------------------------
Start ROM, RAM, DSP, Shift Register and Retiming Reporting
---------------------------------------------------------------------------------

Dynamic Shift Register Report:
+------------+-------------------------------+--------+------------+--------+---------+--------+--------+--------+
|Module Name | RTL Name                      | Length | Data Width | SRL16E | SRLC32E | Mux F7 | Mux F8 | Mux F9 | 
+------------+-------------------------------+--------+------------+--------+---------+--------+--------+--------+
|dsrl        | USE_RTL_FIFO.data_srl_reg[31] | 36     | 36         | 0      | 36      | 0      | 0      | 0      | 
|dsrl__2     | USE_RTL_FIFO.data_srl_reg[31] | 36     | 36         | 0      | 36      | 0      | 0      | 0      | 
+------------+-------------------------------+--------+------------+--------+---------+--------+--------+--------+

---------------------------------------------------------------------------------
Finished ROM, RAM, DSP, Shift Register and Retiming Reporting
---------------------------------------------------------------------------------
---------------------------------------------------------------------------------
Start Writing Synthesis Report
---------------------------------------------------------------------------------

Report BlackBoxes: 
+-+--------------+----------+
| |BlackBox name |Instances |
+-+--------------+----------+
+-+--------------+----------+

Report Cell Usage: 
+------+--------+------+
|      |Cell    |Count |
+------+--------+------+
|1     |CARRY4  |     2|
|2     |LUT1    |     5|
|3     |LUT2    |    42|
|4     |LUT3    |   205|
|5     |LUT4    |    48|
|6     |LUT5    |   226|
|7     |LUT6    |   220|
|8     |SRLC32E |    66|
|9     |FDRE    |   931|
|10    |FDSE    |     4|
+------+--------+------+
---------------------------------------------------------------------------------
Finished Writing Synthesis Report : Time (s): cpu = 00:01:04 ; elapsed = 00:01:27 . Memory (MB): peak = 1726.664 ; gain = 703.098
---------------------------------------------------------------------------------
Synthesis finished with 0 errors, 0 critical warnings and 23 warnings.
Synthesis Optimization Runtime : Time (s): cpu = 00:00:38 ; elapsed = 00:01:20 . Memory (MB): peak = 1726.664 ; gain = 648.867
Synthesis Optimization Complete : Time (s): cpu = 00:01:04 ; elapsed = 00:01:27 . Memory (MB): peak = 1726.664 ; gain = 703.098
INFO: [Project 1-571] Translating synthesized netlist
Netlist sorting complete. Time (s): cpu = 00:00:00 ; elapsed = 00:00:00.059 . Memory (MB): peak = 1726.664 ; gain = 0.000
INFO: [Netlist 29-17] Analyzing 2 Unisim elements for replacement
INFO: [Netlist 29-28] Unisim Transformation completed in 0 CPU seconds
INFO: [Project 1-570] Preparing netlist for logic optimization
INFO: [Opt 31-138] Pushed 0 inverter(s) to 0 load pin(s).
Netlist sorting complete. Time (s): cpu = 00:00:00 ; elapsed = 00:00:00.001 . Memory (MB): peak = 1726.664 ; gain = 0.000
INFO: [Project 1-111] Unisim Transformation Summary:
No Unisim elements were transformed.

Synth Design complete, checksum: da24a6dd
INFO: [Common 17-83] Releasing license: Synthesis
59 Infos, 49 Warnings, 0 Critical Warnings and 0 Errors encountered.
synth_design completed successfully
synth_design: Time (s): cpu = 00:01:18 ; elapsed = 00:01:48 . Memory (MB): peak = 1726.664 ; gain = 1258.133
INFO: [Common 17-1381] The checkpoint 'D:/Tony/Downloads/RainbowGhost/Code/mircoBlaze_VC707_PCIeV2/mircoBlaze_VC707_PCIeV2.runs/mb_preset_auto_us_0_synth_1/mb_preset_auto_us_0.dcp' has been generated.
INFO: [Coretcl 2-1648] Added synthesis output to IP cache for IP mb_preset_auto_us_0, cache-ID = b426ee8b5fc03a37
INFO: [Coretcl 2-1174] Renamed 13 cell refs.
INFO: [Common 17-1381] The checkpoint 'D:/Tony/Downloads/RainbowGhost/Code/mircoBlaze_VC707_PCIeV2/mircoBlaze_VC707_PCIeV2.runs/mb_preset_auto_us_0_synth_1/mb_preset_auto_us_0.dcp' has been generated.
INFO: [runtcl-4] Executing : report_utilization -file mb_preset_auto_us_0_utilization_synth.rpt -pb mb_preset_auto_us_0_utilization_synth.pb
INFO: [Common 17-206] Exiting Vivado at Sat Feb 18 02:15:36 2023...
