TRACE::2023-03-06.23:25:10::SCWPlatform::Trying to open the hw design at D:/Tony/Downloads/RainbowGhost/Code/mircoBlaze_VC707_PCIeV3/VitisV3/mb_preset_wrapper/hw/mb_preset_wrapper.xsa
TRACE::2023-03-06.23:25:10::SCWPlatform::DSA given D:/Tony/Downloads/RainbowGhost/Code/mircoBlaze_VC707_PCIeV3/VitisV3/mb_preset_wrapper/hw/mb_preset_wrapper.xsa
TRACE::2023-03-06.23:25:10::SCWPlatform::DSA absoulate path D:/Tony/Downloads/RainbowGhost/Code/mircoBlaze_VC707_PCIeV3/VitisV3/mb_preset_wrapper/hw/mb_preset_wrapper.xsa
TRACE::2023-03-06.23:25:10::SCWPlatform::DSA directory D:/Tony/Downloads/RainbowGhost/Code/mircoBlaze_VC707_PCIeV3/VitisV3/mb_preset_wrapper/hw
TRACE::2023-03-06.23:25:10::SCWPlatform:: Platform Path D:/Tony/Downloads/RainbowGhost/Code/mircoBlaze_VC707_PCIeV3/VitisV3/mb_preset_wrapper/hw/mb_preset_wrapper.xsa
TRACE::2023-03-06.23:25:10::SCWPlatform:: Unique name xilinx:vc707::0.0
TRACE::2023-03-06.23:25:10::SCWPlatform::Do not have an existing db opened. 
TRACE::2023-03-06.23:25:11::SCWPlatform::Opened new HwDB with name mb_preset_wrapper_5
TRACE::2023-03-06.23:25:11::SCWWriter::formatted JSON is {
	"platformName":	"mb_preset_wrapper",
	"sprVersion":	"2.0",
	"mode":	"gui",
	"dsaType":	"Fixed",
	"platformDesc":	"mb_preset_wrapper",
	"platHandOff":	"D:/Tony/Downloads/RainbowGhost/Code/mircoBlaze_VC707_PCIeV3/mb_preset_wrapper.xsa",
	"platIntHandOff":	"<platformDir>/hw/mb_preset_wrapper.xsa",
	"deviceType":	"FPGA",
	"platIsPrebuiltAutogen":	"false",
	"platIsNoBootBsp":	"false",
	"hasFsblMakeHasChanges":	"false",
	"hasPmufwMakeHasChanges":	"false",
	"platPreBuiltFlag":	false,
	"platformSamplesDir":	""
}
TRACE::2023-03-06.23:25:11::SCWWriter::formatted JSON is {
	"platformName":	"mb_preset_wrapper",
	"sprVersion":	"2.0",
	"mode":	"gui",
	"dsaType":	"Fixed",
	"platformDesc":	"mb_preset_wrapper",
	"platHandOff":	"D:/Tony/Downloads/RainbowGhost/Code/mircoBlaze_VC707_PCIeV3/mb_preset_wrapper.xsa",
	"platIntHandOff":	"<platformDir>/hw/mb_preset_wrapper.xsa",
	"deviceType":	"FPGA",
	"platIsPrebuiltAutogen":	"false",
	"platIsNoBootBsp":	"false",
	"hasFsblMakeHasChanges":	"false",
	"hasPmufwMakeHasChanges":	"false",
	"platPreBuiltFlag":	false,
	"platformSamplesDir":	"",
	"platActiveSys":	"mb_preset_wrapper",
	"systems":	[{
			"systemName":	"mb_preset_wrapper",
			"systemDesc":	"mb_preset_wrapper",
			"sysIsBootAutoGen":	"true",
			"systemDispName":	"mb_preset_wrapper"
		}]
}
TRACE::2023-03-06.23:25:11::SCWPlatform::Boot application domains not present, creating them
TRACE::2023-03-06.23:25:11::SCWPlatform::Pure FPGA device, no boot application will be created.
TRACE::2023-03-06.23:25:11::SCWWriter::formatted JSON is {
	"platformName":	"mb_preset_wrapper",
	"sprVersion":	"2.0",
	"mode":	"gui",
	"dsaType":	"Fixed",
	"platformDesc":	"mb_preset_wrapper",
	"platHandOff":	"D:/Tony/Downloads/RainbowGhost/Code/mircoBlaze_VC707_PCIeV3/mb_preset_wrapper.xsa",
	"platIntHandOff":	"<platformDir>/hw/mb_preset_wrapper.xsa",
	"deviceType":	"FPGA",
	"platIsPrebuiltAutogen":	"false",
	"platIsNoBootBsp":	"false",
	"hasFsblMakeHasChanges":	"false",
	"hasPmufwMakeHasChanges":	"false",
	"platPreBuiltFlag":	false,
	"platformSamplesDir":	"",
	"platActiveSys":	"mb_preset_wrapper",
	"systems":	[{
			"systemName":	"mb_preset_wrapper",
			"systemDesc":	"mb_preset_wrapper",
			"sysIsBootAutoGen":	"true",
			"systemDispName":	"mb_preset_wrapper"
		}]
}
TRACE::2023-03-06.23:25:11::SCWWriter::formatted JSON is {
	"platformName":	"mb_preset_wrapper",
	"sprVersion":	"2.0",
	"mode":	"gui",
	"dsaType":	"Fixed",
	"platformDesc":	"mb_preset_wrapper",
	"platHandOff":	"D:/Tony/Downloads/RainbowGhost/Code/mircoBlaze_VC707_PCIeV3/mb_preset_wrapper.xsa",
	"platIntHandOff":	"<platformDir>/hw/mb_preset_wrapper.xsa",
	"deviceType":	"FPGA",
	"platIsPrebuiltAutogen":	"false",
	"platIsNoBootBsp":	"false",
	"hasFsblMakeHasChanges":	"false",
	"hasPmufwMakeHasChanges":	"false",
	"platPreBuiltFlag":	false,
	"platformSamplesDir":	"",
	"platActiveSys":	"mb_preset_wrapper",
	"systems":	[{
			"systemName":	"mb_preset_wrapper",
			"systemDesc":	"mb_preset_wrapper",
			"sysIsBootAutoGen":	"true",
			"systemDispName":	"mb_preset_wrapper"
		}]
}
TRACE::2023-03-06.23:25:11::SCWPlatform::Trying to open the hw design at D:/Tony/Downloads/RainbowGhost/Code/mircoBlaze_VC707_PCIeV3/VitisV3/mb_preset_wrapper/hw/mb_preset_wrapper.xsa
TRACE::2023-03-06.23:25:11::SCWPlatform::DSA given D:/Tony/Downloads/RainbowGhost/Code/mircoBlaze_VC707_PCIeV3/VitisV3/mb_preset_wrapper/hw/mb_preset_wrapper.xsa
TRACE::2023-03-06.23:25:11::SCWPlatform::DSA absoulate path D:/Tony/Downloads/RainbowGhost/Code/mircoBlaze_VC707_PCIeV3/VitisV3/mb_preset_wrapper/hw/mb_preset_wrapper.xsa
TRACE::2023-03-06.23:25:11::SCWPlatform::DSA directory D:/Tony/Downloads/RainbowGhost/Code/mircoBlaze_VC707_PCIeV3/VitisV3/mb_preset_wrapper/hw
TRACE::2023-03-06.23:25:11::SCWPlatform:: Platform Path D:/Tony/Downloads/RainbowGhost/Code/mircoBlaze_VC707_PCIeV3/VitisV3/mb_preset_wrapper/hw/mb_preset_wrapper.xsa
TRACE::2023-03-06.23:25:11::SCWPlatform:: Unique name xilinx:vc707::0.0
TRACE::2023-03-06.23:25:11::SCWPlatform::Trying to set the existing hwdb with name mb_preset_wrapper_5
TRACE::2023-03-06.23:25:11::SCWPlatform::Opened existing hwdb mb_preset_wrapper_5
TRACE::2023-03-06.23:25:11::SCWPlatform::Found the Hw Db part of the input DSA
TRACE::2023-03-06.23:25:11::SCWPlatform::Trying to open the hw design at D:/Tony/Downloads/RainbowGhost/Code/mircoBlaze_VC707_PCIeV3/VitisV3/mb_preset_wrapper/hw/mb_preset_wrapper.xsa
TRACE::2023-03-06.23:25:11::SCWPlatform::DSA given D:/Tony/Downloads/RainbowGhost/Code/mircoBlaze_VC707_PCIeV3/VitisV3/mb_preset_wrapper/hw/mb_preset_wrapper.xsa
TRACE::2023-03-06.23:25:11::SCWPlatform::DSA absoulate path D:/Tony/Downloads/RainbowGhost/Code/mircoBlaze_VC707_PCIeV3/VitisV3/mb_preset_wrapper/hw/mb_preset_wrapper.xsa
TRACE::2023-03-06.23:25:11::SCWPlatform::DSA directory D:/Tony/Downloads/RainbowGhost/Code/mircoBlaze_VC707_PCIeV3/VitisV3/mb_preset_wrapper/hw
TRACE::2023-03-06.23:25:11::SCWPlatform:: Platform Path D:/Tony/Downloads/RainbowGhost/Code/mircoBlaze_VC707_PCIeV3/VitisV3/mb_preset_wrapper/hw/mb_preset_wrapper.xsa
TRACE::2023-03-06.23:25:11::SCWPlatform:: Unique name xilinx:vc707::0.0
TRACE::2023-03-06.23:25:11::SCWPlatform::Trying to set the existing hwdb with name mb_preset_wrapper_5
TRACE::2023-03-06.23:25:11::SCWPlatform::Opened existing hwdb mb_preset_wrapper_5
TRACE::2023-03-06.23:25:11::SCWPlatform::Found the Hw Db part of the input DSA
TRACE::2023-03-06.23:25:11::SCWDomain::checking for install qemu data   : 
TRACE::2023-03-06.23:25:11::SCWPlatform::Trying to open the hw design at D:/Tony/Downloads/RainbowGhost/Code/mircoBlaze_VC707_PCIeV3/VitisV3/mb_preset_wrapper/hw/mb_preset_wrapper.xsa
TRACE::2023-03-06.23:25:11::SCWPlatform::DSA given D:/Tony/Downloads/RainbowGhost/Code/mircoBlaze_VC707_PCIeV3/VitisV3/mb_preset_wrapper/hw/mb_preset_wrapper.xsa
TRACE::2023-03-06.23:25:11::SCWPlatform::DSA absoulate path D:/Tony/Downloads/RainbowGhost/Code/mircoBlaze_VC707_PCIeV3/VitisV3/mb_preset_wrapper/hw/mb_preset_wrapper.xsa
TRACE::2023-03-06.23:25:11::SCWPlatform::DSA directory D:/Tony/Downloads/RainbowGhost/Code/mircoBlaze_VC707_PCIeV3/VitisV3/mb_preset_wrapper/hw
TRACE::2023-03-06.23:25:11::SCWPlatform:: Platform Path D:/Tony/Downloads/RainbowGhost/Code/mircoBlaze_VC707_PCIeV3/VitisV3/mb_preset_wrapper/hw/mb_preset_wrapper.xsa
TRACE::2023-03-06.23:25:11::SCWPlatform:: Unique name xilinx:vc707::0.0
TRACE::2023-03-06.23:25:11::SCWPlatform::Trying to set the existing hwdb with name mb_preset_wrapper_5
TRACE::2023-03-06.23:25:11::SCWPlatform::Opened existing hwdb mb_preset_wrapper_5
TRACE::2023-03-06.23:25:11::SCWPlatform::Found the Hw Db part of the input DSA
TRACE::2023-03-06.23:25:11::SCWPlatform::Trying to open the hw design at D:/Tony/Downloads/RainbowGhost/Code/mircoBlaze_VC707_PCIeV3/VitisV3/mb_preset_wrapper/hw/mb_preset_wrapper.xsa
TRACE::2023-03-06.23:25:11::SCWPlatform::DSA given D:/Tony/Downloads/RainbowGhost/Code/mircoBlaze_VC707_PCIeV3/VitisV3/mb_preset_wrapper/hw/mb_preset_wrapper.xsa
TRACE::2023-03-06.23:25:11::SCWPlatform::DSA absoulate path D:/Tony/Downloads/RainbowGhost/Code/mircoBlaze_VC707_PCIeV3/VitisV3/mb_preset_wrapper/hw/mb_preset_wrapper.xsa
TRACE::2023-03-06.23:25:11::SCWPlatform::DSA directory D:/Tony/Downloads/RainbowGhost/Code/mircoBlaze_VC707_PCIeV3/VitisV3/mb_preset_wrapper/hw
TRACE::2023-03-06.23:25:11::SCWPlatform:: Platform Path D:/Tony/Downloads/RainbowGhost/Code/mircoBlaze_VC707_PCIeV3/VitisV3/mb_preset_wrapper/hw/mb_preset_wrapper.xsa
TRACE::2023-03-06.23:25:11::SCWPlatform:: Unique name xilinx:vc707::0.0
TRACE::2023-03-06.23:25:11::SCWPlatform::Trying to set the existing hwdb with name mb_preset_wrapper_5
TRACE::2023-03-06.23:25:11::SCWPlatform::Opened existing hwdb mb_preset_wrapper_5
TRACE::2023-03-06.23:25:11::SCWPlatform::Found the Hw Db part of the input DSA
TRACE::2023-03-06.23:25:11::SCWPlatform::Trying to open the hw design at D:/Tony/Downloads/RainbowGhost/Code/mircoBlaze_VC707_PCIeV3/VitisV3/mb_preset_wrapper/hw/mb_preset_wrapper.xsa
TRACE::2023-03-06.23:25:11::SCWPlatform::DSA given D:/Tony/Downloads/RainbowGhost/Code/mircoBlaze_VC707_PCIeV3/VitisV3/mb_preset_wrapper/hw/mb_preset_wrapper.xsa
TRACE::2023-03-06.23:25:11::SCWPlatform::DSA absoulate path D:/Tony/Downloads/RainbowGhost/Code/mircoBlaze_VC707_PCIeV3/VitisV3/mb_preset_wrapper/hw/mb_preset_wrapper.xsa
TRACE::2023-03-06.23:25:11::SCWPlatform::DSA directory D:/Tony/Downloads/RainbowGhost/Code/mircoBlaze_VC707_PCIeV3/VitisV3/mb_preset_wrapper/hw
TRACE::2023-03-06.23:25:11::SCWPlatform:: Platform Path D:/Tony/Downloads/RainbowGhost/Code/mircoBlaze_VC707_PCIeV3/VitisV3/mb_preset_wrapper/hw/mb_preset_wrapper.xsa
TRACE::2023-03-06.23:25:11::SCWPlatform:: Unique name xilinx:vc707::0.0
TRACE::2023-03-06.23:25:11::SCWPlatform::Trying to set the existing hwdb with name mb_preset_wrapper_5
TRACE::2023-03-06.23:25:11::SCWPlatform::Opened existing hwdb mb_preset_wrapper_5
TRACE::2023-03-06.23:25:11::SCWPlatform::Found the Hw Db part of the input DSA
TRACE::2023-03-06.23:25:11::SCWMssOS::Checking the sw design at  D:/Tony/Downloads/RainbowGhost/Code/mircoBlaze_VC707_PCIeV3/VitisV3/mb_preset_wrapper/microblaze_0/standalone_microblaze_0/bsp/system.mss
TRACE::2023-03-06.23:25:11::SCWMssOS::DEBUG:  swdes dump  D:/Tony/Downloads/RainbowGhost/Code/mircoBlaze_VC707_PCIeV3/VitisV3/VC707_PCIEV3_vitisV3/microblaze_0/standalone_domain/bsp/system.mss|system||

TRACE::2023-03-06.23:25:11::SCWMssOS::No sw design opened at  D:/Tony/Downloads/RainbowGhost/Code/mircoBlaze_VC707_PCIeV3/VitisV3/mb_preset_wrapper/microblaze_0/standalone_microblaze_0/bsp/system.mss
TRACE::2023-03-06.23:25:11::SCWMssOS::mss does not exists at D:/Tony/Downloads/RainbowGhost/Code/mircoBlaze_VC707_PCIeV3/VitisV3/mb_preset_wrapper/microblaze_0/standalone_microblaze_0/bsp/system.mss
TRACE::2023-03-06.23:25:11::SCWMssOS::Creating sw design at  D:/Tony/Downloads/RainbowGhost/Code/mircoBlaze_VC707_PCIeV3/VitisV3/mb_preset_wrapper/microblaze_0/standalone_microblaze_0/bsp/system.mss
TRACE::2023-03-06.23:25:11::SCWMssOS::Adding the swdes entry, created swdb D:/Tony/Downloads/RainbowGhost/Code/mircoBlaze_VC707_PCIeV3/VitisV3/mb_preset_wrapper/microblaze_0/standalone_microblaze_0/bsp/system.mss with des name D:/Tony/Downloads/RainbowGhost/Code/mircoBlaze_VC707_PCIeV3/VitisV3/mb_preset_wrapper/microblaze_0/standalone_microblaze_0/bsp/system.mss
TRACE::2023-03-06.23:25:11::SCWMssOS::updating the scw layer changes to swdes at   D:/Tony/Downloads/RainbowGhost/Code/mircoBlaze_VC707_PCIeV3/VitisV3/mb_preset_wrapper/microblaze_0/standalone_microblaze_0/bsp/system.mss
TRACE::2023-03-06.23:25:11::SCWMssOS::Writing mss at D:/Tony/Downloads/RainbowGhost/Code/mircoBlaze_VC707_PCIeV3/VitisV3/mb_preset_wrapper/microblaze_0/standalone_microblaze_0/bsp/system.mss
TRACE::2023-03-06.23:25:11::SCWMssOS::Completed writing the mss file at D:/Tony/Downloads/RainbowGhost/Code/mircoBlaze_VC707_PCIeV3/VitisV3/mb_preset_wrapper/microblaze_0/standalone_microblaze_0/bsp
TRACE::2023-03-06.23:25:11::SCWMssOS::Picking up changes from newly written mss file into SCW Layer. 
TRACE::2023-03-06.23:25:11::SCWMssOS::Updated the changes from newly written mss file into SCW Layer. 
TRACE::2023-03-06.23:25:11::SCWMssOS::Completed writing the mss file at D:/Tony/Downloads/RainbowGhost/Code/mircoBlaze_VC707_PCIeV3/VitisV3/mb_preset_wrapper/microblaze_0/standalone_microblaze_0/bsp
TRACE::2023-03-06.23:25:11::SCWMssOS::Forcing BSP Sources regeneration.
TRACE::2023-03-06.23:25:12::SCWMssOS::Saving the mss changes D:/Tony/Downloads/RainbowGhost/Code/mircoBlaze_VC707_PCIeV3/VitisV3/mb_preset_wrapper/microblaze_0/standalone_microblaze_0/bsp/system.mss
TRACE::2023-03-06.23:25:12::SCWMssOS::Adding the swdes entry, mss present, able to open swdb D:/Tony/Downloads/RainbowGhost/Code/mircoBlaze_VC707_PCIeV3/VitisV3/mb_preset_wrapper/microblaze_0/standalone_microblaze_0/bsp/system.mss with des name system_0
TRACE::2023-03-06.23:25:12::SCWMssOS::Writing the mss file completed D:/Tony/Downloads/RainbowGhost/Code/mircoBlaze_VC707_PCIeV3/VitisV3/mb_preset_wrapper/microblaze_0/standalone_microblaze_0/bsp/system.mss
TRACE::2023-03-06.23:25:12::SCWMssOS::Commit changes completed.
TRACE::2023-03-06.23:25:12::SCWPlatform::Trying to open the hw design at D:/Tony/Downloads/RainbowGhost/Code/mircoBlaze_VC707_PCIeV3/VitisV3/mb_preset_wrapper/hw/mb_preset_wrapper.xsa
TRACE::2023-03-06.23:25:12::SCWPlatform::DSA given D:/Tony/Downloads/RainbowGhost/Code/mircoBlaze_VC707_PCIeV3/VitisV3/mb_preset_wrapper/hw/mb_preset_wrapper.xsa
TRACE::2023-03-06.23:25:12::SCWPlatform::DSA absoulate path D:/Tony/Downloads/RainbowGhost/Code/mircoBlaze_VC707_PCIeV3/VitisV3/mb_preset_wrapper/hw/mb_preset_wrapper.xsa
TRACE::2023-03-06.23:25:12::SCWPlatform::DSA directory D:/Tony/Downloads/RainbowGhost/Code/mircoBlaze_VC707_PCIeV3/VitisV3/mb_preset_wrapper/hw
TRACE::2023-03-06.23:25:12::SCWPlatform:: Platform Path D:/Tony/Downloads/RainbowGhost/Code/mircoBlaze_VC707_PCIeV3/VitisV3/mb_preset_wrapper/hw/mb_preset_wrapper.xsa
TRACE::2023-03-06.23:25:12::SCWPlatform:: Unique name xilinx:vc707::0.0
TRACE::2023-03-06.23:25:12::SCWPlatform::Trying to set the existing hwdb with name mb_preset_wrapper_5
TRACE::2023-03-06.23:25:12::SCWPlatform::Opened existing hwdb mb_preset_wrapper_5
TRACE::2023-03-06.23:25:12::SCWPlatform::Found the Hw Db part of the input DSA
TRACE::2023-03-06.23:25:12::SCWMssOS::Checking the sw design at  D:/Tony/Downloads/RainbowGhost/Code/mircoBlaze_VC707_PCIeV3/VitisV3/mb_preset_wrapper/microblaze_0/standalone_microblaze_0/bsp/system.mss
TRACE::2023-03-06.23:25:12::SCWMssOS::DEBUG:  swdes dump  D:/Tony/Downloads/RainbowGhost/Code/mircoBlaze_VC707_PCIeV3/VitisV3/VC707_PCIEV3_vitisV3/microblaze_0/standalone_domain/bsp/system.mss|system||
D:/Tony/Downloads/RainbowGhost/Code/mircoBlaze_VC707_PCIeV3/VitisV3/mb_preset_wrapper/microblaze_0/standalone_microblaze_0/bsp/system.mss|system_0||

TRACE::2023-03-06.23:25:12::SCWMssOS::Sw design exists and opened at  D:/Tony/Downloads/RainbowGhost/Code/mircoBlaze_VC707_PCIeV3/VitisV3/mb_preset_wrapper/microblaze_0/standalone_microblaze_0/bsp/system.mss
TRACE::2023-03-06.23:25:12::SCWPlatform::Trying to open the hw design at D:/Tony/Downloads/RainbowGhost/Code/mircoBlaze_VC707_PCIeV3/VitisV3/mb_preset_wrapper/hw/mb_preset_wrapper.xsa
TRACE::2023-03-06.23:25:12::SCWPlatform::DSA given D:/Tony/Downloads/RainbowGhost/Code/mircoBlaze_VC707_PCIeV3/VitisV3/mb_preset_wrapper/hw/mb_preset_wrapper.xsa
TRACE::2023-03-06.23:25:12::SCWPlatform::DSA absoulate path D:/Tony/Downloads/RainbowGhost/Code/mircoBlaze_VC707_PCIeV3/VitisV3/mb_preset_wrapper/hw/mb_preset_wrapper.xsa
TRACE::2023-03-06.23:25:12::SCWPlatform::DSA directory D:/Tony/Downloads/RainbowGhost/Code/mircoBlaze_VC707_PCIeV3/VitisV3/mb_preset_wrapper/hw
TRACE::2023-03-06.23:25:12::SCWPlatform:: Platform Path D:/Tony/Downloads/RainbowGhost/Code/mircoBlaze_VC707_PCIeV3/VitisV3/mb_preset_wrapper/hw/mb_preset_wrapper.xsa
TRACE::2023-03-06.23:25:12::SCWPlatform:: Unique name xilinx:vc707::0.0
TRACE::2023-03-06.23:25:12::SCWPlatform::Trying to set the existing hwdb with name mb_preset_wrapper_5
TRACE::2023-03-06.23:25:12::SCWPlatform::Opened existing hwdb mb_preset_wrapper_5
TRACE::2023-03-06.23:25:12::SCWPlatform::Found the Hw Db part of the input DSA
TRACE::2023-03-06.23:25:12::SCWMssOS::Checking the sw design at  D:/Tony/Downloads/RainbowGhost/Code/mircoBlaze_VC707_PCIeV3/VitisV3/mb_preset_wrapper/microblaze_0/standalone_microblaze_0/bsp/system.mss
TRACE::2023-03-06.23:25:12::SCWMssOS::DEBUG:  swdes dump  D:/Tony/Downloads/RainbowGhost/Code/mircoBlaze_VC707_PCIeV3/VitisV3/VC707_PCIEV3_vitisV3/microblaze_0/standalone_domain/bsp/system.mss|system||
D:/Tony/Downloads/RainbowGhost/Code/mircoBlaze_VC707_PCIeV3/VitisV3/mb_preset_wrapper/microblaze_0/standalone_microblaze_0/bsp/system.mss|system_0||

TRACE::2023-03-06.23:25:12::SCWMssOS::Sw design exists and opened at  D:/Tony/Downloads/RainbowGhost/Code/mircoBlaze_VC707_PCIeV3/VitisV3/mb_preset_wrapper/microblaze_0/standalone_microblaze_0/bsp/system.mss
TRACE::2023-03-06.23:25:12::SCWPlatform::Trying to open the hw design at D:/Tony/Downloads/RainbowGhost/Code/mircoBlaze_VC707_PCIeV3/VitisV3/mb_preset_wrapper/hw/mb_preset_wrapper.xsa
TRACE::2023-03-06.23:25:12::SCWPlatform::DSA given D:/Tony/Downloads/RainbowGhost/Code/mircoBlaze_VC707_PCIeV3/VitisV3/mb_preset_wrapper/hw/mb_preset_wrapper.xsa
TRACE::2023-03-06.23:25:12::SCWPlatform::DSA absoulate path D:/Tony/Downloads/RainbowGhost/Code/mircoBlaze_VC707_PCIeV3/VitisV3/mb_preset_wrapper/hw/mb_preset_wrapper.xsa
TRACE::2023-03-06.23:25:12::SCWPlatform::DSA directory D:/Tony/Downloads/RainbowGhost/Code/mircoBlaze_VC707_PCIeV3/VitisV3/mb_preset_wrapper/hw
TRACE::2023-03-06.23:25:12::SCWPlatform:: Platform Path D:/Tony/Downloads/RainbowGhost/Code/mircoBlaze_VC707_PCIeV3/VitisV3/mb_preset_wrapper/hw/mb_preset_wrapper.xsa
TRACE::2023-03-06.23:25:12::SCWPlatform:: Unique name xilinx:vc707::0.0
TRACE::2023-03-06.23:25:12::SCWPlatform::Trying to set the existing hwdb with name mb_preset_wrapper_5
TRACE::2023-03-06.23:25:12::SCWPlatform::Opened existing hwdb mb_preset_wrapper_5
TRACE::2023-03-06.23:25:12::SCWPlatform::Found the Hw Db part of the input DSA
TRACE::2023-03-06.23:25:12::SCWMssOS::Checking the sw design at  D:/Tony/Downloads/RainbowGhost/Code/mircoBlaze_VC707_PCIeV3/VitisV3/mb_preset_wrapper/microblaze_0/standalone_microblaze_0/bsp/system.mss
TRACE::2023-03-06.23:25:12::SCWMssOS::DEBUG:  swdes dump  D:/Tony/Downloads/RainbowGhost/Code/mircoBlaze_VC707_PCIeV3/VitisV3/VC707_PCIEV3_vitisV3/microblaze_0/standalone_domain/bsp/system.mss|system||
D:/Tony/Downloads/RainbowGhost/Code/mircoBlaze_VC707_PCIeV3/VitisV3/mb_preset_wrapper/microblaze_0/standalone_microblaze_0/bsp/system.mss|system_0||

TRACE::2023-03-06.23:25:12::SCWMssOS::Sw design exists and opened at  D:/Tony/Downloads/RainbowGhost/Code/mircoBlaze_VC707_PCIeV3/VitisV3/mb_preset_wrapper/microblaze_0/standalone_microblaze_0/bsp/system.mss
TRACE::2023-03-06.23:25:12::SCWWriter::formatted JSON is {
	"platformName":	"mb_preset_wrapper",
	"sprVersion":	"2.0",
	"mode":	"gui",
	"dsaType":	"Fixed",
	"platformDesc":	"mb_preset_wrapper",
	"platHandOff":	"D:/Tony/Downloads/RainbowGhost/Code/mircoBlaze_VC707_PCIeV3/mb_preset_wrapper.xsa",
	"platIntHandOff":	"<platformDir>/hw/mb_preset_wrapper.xsa",
	"deviceType":	"FPGA",
	"platIsPrebuiltAutogen":	"false",
	"platIsNoBootBsp":	"false",
	"hasFsblMakeHasChanges":	"false",
	"hasPmufwMakeHasChanges":	"false",
	"platPreBuiltFlag":	false,
	"platformSamplesDir":	"",
	"platActiveSys":	"mb_preset_wrapper",
	"systems":	[{
			"systemName":	"mb_preset_wrapper",
			"systemDesc":	"mb_preset_wrapper",
			"sysIsBootAutoGen":	"true",
			"systemDispName":	"mb_preset_wrapper",
			"sysActiveDom":	"standalone_microblaze_0",
			"sysDefaultDom":	"standalone_microblaze_0",
			"domains":	[{
					"domainName":	"standalone_microblaze_0",
					"domainDispName":	"standalone_microblaze_0",
					"domainDesc":	"standalone_microblaze_0",
					"processors":	"microblaze_0",
					"os":	"standalone",
					"sdxOs":	"standalone",
					"debugEnable":	"False",
					"domRuntimes":	["cpp"],
					"swRepo":	"",
					"mssOsVer":	"8.0",
					"mssFile":	"",
					"md5Digest":	"33601cc0dd278a2aadea2f1f8f9df61e",
					"compatibleApp":	"hello_world",
					"domType":	"mssDomain",
					"arch":	"32-bit",
					"appSettings":	{
						"appCompilerFlags":	"",
						"appLinkerFlags":	""
					},
					"addedLibs":	[],
					"libOptions":	{
						"libsContainingOptions":	[]
					},
					"prebuiltLibs":	{
						"prebuiltIncPath":	[],
						"prebuiltLibPath":	[]
					},
					"isolation":	{
					}
				}]
		}]
}
LOG::2023-03-06.23:25:12::SCWPlatform::Started generating the artifacts platform mb_preset_wrapper
TRACE::2023-03-06.23:25:12::SCWPlatform::Sanity checking of platform is completed
LOG::2023-03-06.23:25:12::SCWPlatform::Started generating the artifacts for system configuration mb_preset_wrapper
LOG::2023-03-06.23:25:12::SCWSystem::Checking the domain standalone_microblaze_0
LOG::2023-03-06.23:25:12::SCWSystem::Not a boot domain 
LOG::2023-03-06.23:25:12::SCWSystem::Started Processing the domain standalone_microblaze_0
TRACE::2023-03-06.23:25:12::SCWDomain::Generating domain artifcats
TRACE::2023-03-06.23:25:12::SCWMssOS::Generating standalone artifcats
TRACE::2023-03-06.23:25:12::SCWMssOS:: Copying the user libraries. 
TRACE::2023-03-06.23:25:12::SCWPlatform::Trying to open the hw design at D:/Tony/Downloads/RainbowGhost/Code/mircoBlaze_VC707_PCIeV3/VitisV3/mb_preset_wrapper/hw/mb_preset_wrapper.xsa
TRACE::2023-03-06.23:25:12::SCWPlatform::DSA given D:/Tony/Downloads/RainbowGhost/Code/mircoBlaze_VC707_PCIeV3/VitisV3/mb_preset_wrapper/hw/mb_preset_wrapper.xsa
TRACE::2023-03-06.23:25:12::SCWPlatform::DSA absoulate path D:/Tony/Downloads/RainbowGhost/Code/mircoBlaze_VC707_PCIeV3/VitisV3/mb_preset_wrapper/hw/mb_preset_wrapper.xsa
TRACE::2023-03-06.23:25:12::SCWPlatform::DSA directory D:/Tony/Downloads/RainbowGhost/Code/mircoBlaze_VC707_PCIeV3/VitisV3/mb_preset_wrapper/hw
TRACE::2023-03-06.23:25:12::SCWPlatform:: Platform Path D:/Tony/Downloads/RainbowGhost/Code/mircoBlaze_VC707_PCIeV3/VitisV3/mb_preset_wrapper/hw/mb_preset_wrapper.xsa
TRACE::2023-03-06.23:25:12::SCWPlatform:: Unique name xilinx:vc707::0.0
TRACE::2023-03-06.23:25:12::SCWPlatform::Trying to set the existing hwdb with name mb_preset_wrapper_5
TRACE::2023-03-06.23:25:12::SCWPlatform::Opened existing hwdb mb_preset_wrapper_5
TRACE::2023-03-06.23:25:12::SCWPlatform::Found the Hw Db part of the input DSA
TRACE::2023-03-06.23:25:12::SCWMssOS::Checking the sw design at  D:/Tony/Downloads/RainbowGhost/Code/mircoBlaze_VC707_PCIeV3/VitisV3/mb_preset_wrapper/microblaze_0/standalone_microblaze_0/bsp/system.mss
TRACE::2023-03-06.23:25:12::SCWMssOS::DEBUG:  swdes dump  D:/Tony/Downloads/RainbowGhost/Code/mircoBlaze_VC707_PCIeV3/VitisV3/VC707_PCIEV3_vitisV3/microblaze_0/standalone_domain/bsp/system.mss|system||
D:/Tony/Downloads/RainbowGhost/Code/mircoBlaze_VC707_PCIeV3/VitisV3/mb_preset_wrapper/microblaze_0/standalone_microblaze_0/bsp/system.mss|system_0||

TRACE::2023-03-06.23:25:12::SCWMssOS::Sw design exists and opened at  D:/Tony/Downloads/RainbowGhost/Code/mircoBlaze_VC707_PCIeV3/VitisV3/mb_preset_wrapper/microblaze_0/standalone_microblaze_0/bsp/system.mss
TRACE::2023-03-06.23:25:12::SCWMssOS::Completed writing the mss file at D:/Tony/Downloads/RainbowGhost/Code/mircoBlaze_VC707_PCIeV3/VitisV3/mb_preset_wrapper/microblaze_0/standalone_microblaze_0/bsp
TRACE::2023-03-06.23:25:12::SCWMssOS::Mss edits present, copying mssfile into export location D:/Tony/Downloads/RainbowGhost/Code/mircoBlaze_VC707_PCIeV3/VitisV3/mb_preset_wrapper/microblaze_0/standalone_microblaze_0/bsp/system.mss
TRACE::2023-03-06.23:25:12::SCWMssOS::bsp generated is upto date with the mss file. Skipping bsp generation.
TRACE::2023-03-06.23:25:12::SCWMssOS::BSP is already built. skipping the bsp build ... 
TRACE::2023-03-06.23:25:12::SCWDomain::Skipping the build for domain :  standalone_microblaze_0
TRACE::2023-03-06.23:25:12::SCWMssOS::skipping the bsp build ... 
TRACE::2023-03-06.23:25:12::SCWMssOS::Copying to export directory.
TRACE::2023-03-06.23:25:12::SCWMssOS:: Checking if to create the Supporting Applications
TRACE::2023-03-06.23:25:12::SCWMssOS:: No Linux domain exists, trying to generate FSBL 
LOG::2023-03-06.23:25:12::SCWSystem::Completed Processing the domain standalone_microblaze_0
LOG::2023-03-06.23:25:12::SCWSystem::Completed Processing the sysconfig mb_preset_wrapper
LOG::2023-03-06.23:25:12::SCWPlatform::Completed generating the artifacts for system configuration mb_preset_wrapper
TRACE::2023-03-06.23:25:12::SCWPlatform::Started preparing the platform 
TRACE::2023-03-06.23:25:12::SCWSystem::Writing the bif file for system config mb_preset_wrapper
TRACE::2023-03-06.23:25:12::SCWSystem::dir created 
TRACE::2023-03-06.23:25:12::SCWSystem::Writing the bif 
TRACE::2023-03-06.23:25:12::SCWPlatform::Started writing the spfm file 
TRACE::2023-03-06.23:25:12::SCWPlatform::Started writing the xpfm file 
TRACE::2023-03-06.23:25:12::SCWPlatform::Completed generating the platform
TRACE::2023-03-06.23:25:12::SCWMssOS::Saving the mss changes D:/Tony/Downloads/RainbowGhost/Code/mircoBlaze_VC707_PCIeV3/VitisV3/mb_preset_wrapper/microblaze_0/standalone_microblaze_0/bsp/system.mss
TRACE::2023-03-06.23:25:12::SCWMssOS::Found a swdesign opened with the mssfile.
TRACE::2023-03-06.23:25:12::SCWMssOS::Completed writemss as part of save.
TRACE::2023-03-06.23:25:12::SCWMssOS::Commit changes completed.
TRACE::2023-03-06.23:25:12::SCWPlatform::Trying to open the hw design at D:/Tony/Downloads/RainbowGhost/Code/mircoBlaze_VC707_PCIeV3/VitisV3/mb_preset_wrapper/hw/mb_preset_wrapper.xsa
TRACE::2023-03-06.23:25:12::SCWPlatform::DSA given D:/Tony/Downloads/RainbowGhost/Code/mircoBlaze_VC707_PCIeV3/VitisV3/mb_preset_wrapper/hw/mb_preset_wrapper.xsa
TRACE::2023-03-06.23:25:12::SCWPlatform::DSA absoulate path D:/Tony/Downloads/RainbowGhost/Code/mircoBlaze_VC707_PCIeV3/VitisV3/mb_preset_wrapper/hw/mb_preset_wrapper.xsa
TRACE::2023-03-06.23:25:12::SCWPlatform::DSA directory D:/Tony/Downloads/RainbowGhost/Code/mircoBlaze_VC707_PCIeV3/VitisV3/mb_preset_wrapper/hw
TRACE::2023-03-06.23:25:12::SCWPlatform:: Platform Path D:/Tony/Downloads/RainbowGhost/Code/mircoBlaze_VC707_PCIeV3/VitisV3/mb_preset_wrapper/hw/mb_preset_wrapper.xsa
TRACE::2023-03-06.23:25:12::SCWPlatform:: Unique name xilinx:vc707::0.0
TRACE::2023-03-06.23:25:12::SCWPlatform::Trying to set the existing hwdb with name mb_preset_wrapper_5
TRACE::2023-03-06.23:25:12::SCWPlatform::Opened existing hwdb mb_preset_wrapper_5
TRACE::2023-03-06.23:25:12::SCWPlatform::Found the Hw Db part of the input DSA
TRACE::2023-03-06.23:25:12::SCWMssOS::Checking the sw design at  D:/Tony/Downloads/RainbowGhost/Code/mircoBlaze_VC707_PCIeV3/VitisV3/mb_preset_wrapper/microblaze_0/standalone_microblaze_0/bsp/system.mss
TRACE::2023-03-06.23:25:12::SCWMssOS::DEBUG:  swdes dump  D:/Tony/Downloads/RainbowGhost/Code/mircoBlaze_VC707_PCIeV3/VitisV3/VC707_PCIEV3_vitisV3/microblaze_0/standalone_domain/bsp/system.mss|system||
D:/Tony/Downloads/RainbowGhost/Code/mircoBlaze_VC707_PCIeV3/VitisV3/mb_preset_wrapper/microblaze_0/standalone_microblaze_0/bsp/system.mss|system_0||

TRACE::2023-03-06.23:25:12::SCWMssOS::Sw design exists and opened at  D:/Tony/Downloads/RainbowGhost/Code/mircoBlaze_VC707_PCIeV3/VitisV3/mb_preset_wrapper/microblaze_0/standalone_microblaze_0/bsp/system.mss
TRACE::2023-03-06.23:25:12::SCWPlatform::Trying to open the hw design at D:/Tony/Downloads/RainbowGhost/Code/mircoBlaze_VC707_PCIeV3/VitisV3/mb_preset_wrapper/hw/mb_preset_wrapper.xsa
TRACE::2023-03-06.23:25:12::SCWPlatform::DSA given D:/Tony/Downloads/RainbowGhost/Code/mircoBlaze_VC707_PCIeV3/VitisV3/mb_preset_wrapper/hw/mb_preset_wrapper.xsa
TRACE::2023-03-06.23:25:12::SCWPlatform::DSA absoulate path D:/Tony/Downloads/RainbowGhost/Code/mircoBlaze_VC707_PCIeV3/VitisV3/mb_preset_wrapper/hw/mb_preset_wrapper.xsa
TRACE::2023-03-06.23:25:12::SCWPlatform::DSA directory D:/Tony/Downloads/RainbowGhost/Code/mircoBlaze_VC707_PCIeV3/VitisV3/mb_preset_wrapper/hw
TRACE::2023-03-06.23:25:12::SCWPlatform:: Platform Path D:/Tony/Downloads/RainbowGhost/Code/mircoBlaze_VC707_PCIeV3/VitisV3/mb_preset_wrapper/hw/mb_preset_wrapper.xsa
TRACE::2023-03-06.23:25:12::SCWPlatform:: Unique name xilinx:vc707::0.0
TRACE::2023-03-06.23:25:12::SCWPlatform::Trying to set the existing hwdb with name mb_preset_wrapper_5
TRACE::2023-03-06.23:25:12::SCWPlatform::Opened existing hwdb mb_preset_wrapper_5
TRACE::2023-03-06.23:25:12::SCWPlatform::Found the Hw Db part of the input DSA
TRACE::2023-03-06.23:25:12::SCWMssOS::Checking the sw design at  D:/Tony/Downloads/RainbowGhost/Code/mircoBlaze_VC707_PCIeV3/VitisV3/mb_preset_wrapper/microblaze_0/standalone_microblaze_0/bsp/system.mss
TRACE::2023-03-06.23:25:12::SCWMssOS::DEBUG:  swdes dump  D:/Tony/Downloads/RainbowGhost/Code/mircoBlaze_VC707_PCIeV3/VitisV3/VC707_PCIEV3_vitisV3/microblaze_0/standalone_domain/bsp/system.mss|system||
D:/Tony/Downloads/RainbowGhost/Code/mircoBlaze_VC707_PCIeV3/VitisV3/mb_preset_wrapper/microblaze_0/standalone_microblaze_0/bsp/system.mss|system_0||

TRACE::2023-03-06.23:25:12::SCWMssOS::Sw design exists and opened at  D:/Tony/Downloads/RainbowGhost/Code/mircoBlaze_VC707_PCIeV3/VitisV3/mb_preset_wrapper/microblaze_0/standalone_microblaze_0/bsp/system.mss
TRACE::2023-03-06.23:25:12::SCWPlatform::Trying to open the hw design at D:/Tony/Downloads/RainbowGhost/Code/mircoBlaze_VC707_PCIeV3/VitisV3/mb_preset_wrapper/hw/mb_preset_wrapper.xsa
TRACE::2023-03-06.23:25:12::SCWPlatform::DSA given D:/Tony/Downloads/RainbowGhost/Code/mircoBlaze_VC707_PCIeV3/VitisV3/mb_preset_wrapper/hw/mb_preset_wrapper.xsa
TRACE::2023-03-06.23:25:12::SCWPlatform::DSA absoulate path D:/Tony/Downloads/RainbowGhost/Code/mircoBlaze_VC707_PCIeV3/VitisV3/mb_preset_wrapper/hw/mb_preset_wrapper.xsa
TRACE::2023-03-06.23:25:12::SCWPlatform::DSA directory D:/Tony/Downloads/RainbowGhost/Code/mircoBlaze_VC707_PCIeV3/VitisV3/mb_preset_wrapper/hw
TRACE::2023-03-06.23:25:12::SCWPlatform:: Platform Path D:/Tony/Downloads/RainbowGhost/Code/mircoBlaze_VC707_PCIeV3/VitisV3/mb_preset_wrapper/hw/mb_preset_wrapper.xsa
TRACE::2023-03-06.23:25:12::SCWPlatform:: Unique name xilinx:vc707::0.0
TRACE::2023-03-06.23:25:12::SCWPlatform::Trying to set the existing hwdb with name mb_preset_wrapper_5
TRACE::2023-03-06.23:25:12::SCWPlatform::Opened existing hwdb mb_preset_wrapper_5
TRACE::2023-03-06.23:25:12::SCWPlatform::Found the Hw Db part of the input DSA
TRACE::2023-03-06.23:25:12::SCWMssOS::Checking the sw design at  D:/Tony/Downloads/RainbowGhost/Code/mircoBlaze_VC707_PCIeV3/VitisV3/mb_preset_wrapper/microblaze_0/standalone_microblaze_0/bsp/system.mss
TRACE::2023-03-06.23:25:12::SCWMssOS::DEBUG:  swdes dump  D:/Tony/Downloads/RainbowGhost/Code/mircoBlaze_VC707_PCIeV3/VitisV3/VC707_PCIEV3_vitisV3/microblaze_0/standalone_domain/bsp/system.mss|system||
D:/Tony/Downloads/RainbowGhost/Code/mircoBlaze_VC707_PCIeV3/VitisV3/mb_preset_wrapper/microblaze_0/standalone_microblaze_0/bsp/system.mss|system_0||

TRACE::2023-03-06.23:25:12::SCWMssOS::Sw design exists and opened at  D:/Tony/Downloads/RainbowGhost/Code/mircoBlaze_VC707_PCIeV3/VitisV3/mb_preset_wrapper/microblaze_0/standalone_microblaze_0/bsp/system.mss
TRACE::2023-03-06.23:25:12::SCWWriter::formatted JSON is {
	"platformName":	"mb_preset_wrapper",
	"sprVersion":	"2.0",
	"mode":	"gui",
	"dsaType":	"Fixed",
	"platformDesc":	"mb_preset_wrapper",
	"platHandOff":	"D:/Tony/Downloads/RainbowGhost/Code/mircoBlaze_VC707_PCIeV3/mb_preset_wrapper.xsa",
	"platIntHandOff":	"<platformDir>/hw/mb_preset_wrapper.xsa",
	"deviceType":	"FPGA",
	"platIsPrebuiltAutogen":	"false",
	"platIsNoBootBsp":	"false",
	"hasFsblMakeHasChanges":	"false",
	"hasPmufwMakeHasChanges":	"false",
	"platPreBuiltFlag":	false,
	"platformSamplesDir":	"",
	"platActiveSys":	"mb_preset_wrapper",
	"systems":	[{
			"systemName":	"mb_preset_wrapper",
			"systemDesc":	"mb_preset_wrapper",
			"sysIsBootAutoGen":	"true",
			"systemDispName":	"mb_preset_wrapper",
			"sysActiveDom":	"standalone_microblaze_0",
			"sysDefaultDom":	"standalone_microblaze_0",
			"domains":	[{
					"domainName":	"standalone_microblaze_0",
					"domainDispName":	"standalone_microblaze_0",
					"domainDesc":	"standalone_microblaze_0",
					"processors":	"microblaze_0",
					"os":	"standalone",
					"sdxOs":	"standalone",
					"debugEnable":	"False",
					"domRuntimes":	["cpp"],
					"swRepo":	"",
					"mssOsVer":	"8.0",
					"mssFile":	"",
					"md5Digest":	"33601cc0dd278a2aadea2f1f8f9df61e",
					"compatibleApp":	"hello_world",
					"domType":	"mssDomain",
					"arch":	"32-bit",
					"appSettings":	{
						"appCompilerFlags":	"",
						"appLinkerFlags":	""
					},
					"addedLibs":	[],
					"libOptions":	{
						"libsContainingOptions":	[]
					},
					"prebuiltLibs":	{
						"prebuiltIncPath":	[],
						"prebuiltLibPath":	[]
					},
					"isolation":	{
					}
				}]
		}]
}
KEYINFO::2023-03-06.23:25:12::SCWPlatform::updated the xpfm file.
TRACE::2023-03-06.23:25:13::SCWPlatform::Trying to open the hw design at D:/Tony/Downloads/RainbowGhost/Code/mircoBlaze_VC707_PCIeV3/VitisV3/mb_preset_wrapper/hw/mb_preset_wrapper.xsa
TRACE::2023-03-06.23:25:13::SCWPlatform::DSA given D:/Tony/Downloads/RainbowGhost/Code/mircoBlaze_VC707_PCIeV3/VitisV3/mb_preset_wrapper/hw/mb_preset_wrapper.xsa
TRACE::2023-03-06.23:25:13::SCWPlatform::DSA absoulate path D:/Tony/Downloads/RainbowGhost/Code/mircoBlaze_VC707_PCIeV3/VitisV3/mb_preset_wrapper/hw/mb_preset_wrapper.xsa
TRACE::2023-03-06.23:25:13::SCWPlatform::DSA directory D:/Tony/Downloads/RainbowGhost/Code/mircoBlaze_VC707_PCIeV3/VitisV3/mb_preset_wrapper/hw
TRACE::2023-03-06.23:25:13::SCWPlatform:: Platform Path D:/Tony/Downloads/RainbowGhost/Code/mircoBlaze_VC707_PCIeV3/VitisV3/mb_preset_wrapper/hw/mb_preset_wrapper.xsa
TRACE::2023-03-06.23:25:13::SCWPlatform:: Unique name xilinx:vc707::0.0
TRACE::2023-03-06.23:25:13::SCWPlatform::Trying to set the existing hwdb with name mb_preset_wrapper_5
TRACE::2023-03-06.23:25:13::SCWPlatform::Opened existing hwdb mb_preset_wrapper_5
TRACE::2023-03-06.23:25:13::SCWPlatform::Found the Hw Db part of the input DSA
TRACE::2023-03-06.23:25:13::SCWMssOS::Checking the sw design at  D:/Tony/Downloads/RainbowGhost/Code/mircoBlaze_VC707_PCIeV3/VitisV3/mb_preset_wrapper/microblaze_0/standalone_microblaze_0/bsp/system.mss
TRACE::2023-03-06.23:25:13::SCWMssOS::DEBUG:  swdes dump  D:/Tony/Downloads/RainbowGhost/Code/mircoBlaze_VC707_PCIeV3/VitisV3/VC707_PCIEV3_vitisV3/microblaze_0/standalone_domain/bsp/system.mss|system||
D:/Tony/Downloads/RainbowGhost/Code/mircoBlaze_VC707_PCIeV3/VitisV3/mb_preset_wrapper/microblaze_0/standalone_microblaze_0/bsp/system.mss|system_0||

TRACE::2023-03-06.23:25:13::SCWMssOS::Sw design exists and opened at  D:/Tony/Downloads/RainbowGhost/Code/mircoBlaze_VC707_PCIeV3/VitisV3/mb_preset_wrapper/microblaze_0/standalone_microblaze_0/bsp/system.mss
TRACE::2023-03-06.23:25:13::SCWMssOS::Saving the mss changes D:/Tony/Downloads/RainbowGhost/Code/mircoBlaze_VC707_PCIeV3/VitisV3/mb_preset_wrapper/microblaze_0/standalone_microblaze_0/bsp/system.mss
TRACE::2023-03-06.23:25:13::SCWMssOS::Found a swdesign opened with the mssfile.
TRACE::2023-03-06.23:25:13::SCWMssOS::Completed writemss as part of save.
TRACE::2023-03-06.23:25:13::SCWMssOS::Commit changes completed.
TRACE::2023-03-06.23:25:13::SCWPlatform::Trying to open the hw design at D:/Tony/Downloads/RainbowGhost/Code/mircoBlaze_VC707_PCIeV3/VitisV3/mb_preset_wrapper/hw/mb_preset_wrapper.xsa
TRACE::2023-03-06.23:25:13::SCWPlatform::DSA given D:/Tony/Downloads/RainbowGhost/Code/mircoBlaze_VC707_PCIeV3/VitisV3/mb_preset_wrapper/hw/mb_preset_wrapper.xsa
TRACE::2023-03-06.23:25:13::SCWPlatform::DSA absoulate path D:/Tony/Downloads/RainbowGhost/Code/mircoBlaze_VC707_PCIeV3/VitisV3/mb_preset_wrapper/hw/mb_preset_wrapper.xsa
TRACE::2023-03-06.23:25:13::SCWPlatform::DSA directory D:/Tony/Downloads/RainbowGhost/Code/mircoBlaze_VC707_PCIeV3/VitisV3/mb_preset_wrapper/hw
TRACE::2023-03-06.23:25:13::SCWPlatform:: Platform Path D:/Tony/Downloads/RainbowGhost/Code/mircoBlaze_VC707_PCIeV3/VitisV3/mb_preset_wrapper/hw/mb_preset_wrapper.xsa
TRACE::2023-03-06.23:25:13::SCWPlatform:: Unique name xilinx:vc707::0.0
TRACE::2023-03-06.23:25:13::SCWPlatform::Trying to set the existing hwdb with name mb_preset_wrapper_5
TRACE::2023-03-06.23:25:13::SCWPlatform::Opened existing hwdb mb_preset_wrapper_5
TRACE::2023-03-06.23:25:13::SCWPlatform::Found the Hw Db part of the input DSA
TRACE::2023-03-06.23:25:13::SCWMssOS::Checking the sw design at  D:/Tony/Downloads/RainbowGhost/Code/mircoBlaze_VC707_PCIeV3/VitisV3/mb_preset_wrapper/microblaze_0/standalone_microblaze_0/bsp/system.mss
TRACE::2023-03-06.23:25:13::SCWMssOS::DEBUG:  swdes dump  D:/Tony/Downloads/RainbowGhost/Code/mircoBlaze_VC707_PCIeV3/VitisV3/VC707_PCIEV3_vitisV3/microblaze_0/standalone_domain/bsp/system.mss|system||
D:/Tony/Downloads/RainbowGhost/Code/mircoBlaze_VC707_PCIeV3/VitisV3/mb_preset_wrapper/microblaze_0/standalone_microblaze_0/bsp/system.mss|system_0||

TRACE::2023-03-06.23:25:13::SCWMssOS::Sw design exists and opened at  D:/Tony/Downloads/RainbowGhost/Code/mircoBlaze_VC707_PCIeV3/VitisV3/mb_preset_wrapper/microblaze_0/standalone_microblaze_0/bsp/system.mss
TRACE::2023-03-06.23:25:13::SCWPlatform::Trying to open the hw design at D:/Tony/Downloads/RainbowGhost/Code/mircoBlaze_VC707_PCIeV3/VitisV3/mb_preset_wrapper/hw/mb_preset_wrapper.xsa
TRACE::2023-03-06.23:25:13::SCWPlatform::DSA given D:/Tony/Downloads/RainbowGhost/Code/mircoBlaze_VC707_PCIeV3/VitisV3/mb_preset_wrapper/hw/mb_preset_wrapper.xsa
TRACE::2023-03-06.23:25:13::SCWPlatform::DSA absoulate path D:/Tony/Downloads/RainbowGhost/Code/mircoBlaze_VC707_PCIeV3/VitisV3/mb_preset_wrapper/hw/mb_preset_wrapper.xsa
TRACE::2023-03-06.23:25:13::SCWPlatform::DSA directory D:/Tony/Downloads/RainbowGhost/Code/mircoBlaze_VC707_PCIeV3/VitisV3/mb_preset_wrapper/hw
TRACE::2023-03-06.23:25:13::SCWPlatform:: Platform Path D:/Tony/Downloads/RainbowGhost/Code/mircoBlaze_VC707_PCIeV3/VitisV3/mb_preset_wrapper/hw/mb_preset_wrapper.xsa
TRACE::2023-03-06.23:25:13::SCWPlatform:: Unique name xilinx:vc707::0.0
TRACE::2023-03-06.23:25:13::SCWPlatform::Trying to set the existing hwdb with name mb_preset_wrapper_5
TRACE::2023-03-06.23:25:13::SCWPlatform::Opened existing hwdb mb_preset_wrapper_5
TRACE::2023-03-06.23:25:13::SCWPlatform::Found the Hw Db part of the input DSA
TRACE::2023-03-06.23:25:13::SCWMssOS::Checking the sw design at  D:/Tony/Downloads/RainbowGhost/Code/mircoBlaze_VC707_PCIeV3/VitisV3/mb_preset_wrapper/microblaze_0/standalone_microblaze_0/bsp/system.mss
TRACE::2023-03-06.23:25:13::SCWMssOS::DEBUG:  swdes dump  D:/Tony/Downloads/RainbowGhost/Code/mircoBlaze_VC707_PCIeV3/VitisV3/VC707_PCIEV3_vitisV3/microblaze_0/standalone_domain/bsp/system.mss|system||
D:/Tony/Downloads/RainbowGhost/Code/mircoBlaze_VC707_PCIeV3/VitisV3/mb_preset_wrapper/microblaze_0/standalone_microblaze_0/bsp/system.mss|system_0||

TRACE::2023-03-06.23:25:13::SCWMssOS::Sw design exists and opened at  D:/Tony/Downloads/RainbowGhost/Code/mircoBlaze_VC707_PCIeV3/VitisV3/mb_preset_wrapper/microblaze_0/standalone_microblaze_0/bsp/system.mss
TRACE::2023-03-06.23:25:13::SCWPlatform::Trying to open the hw design at D:/Tony/Downloads/RainbowGhost/Code/mircoBlaze_VC707_PCIeV3/VitisV3/mb_preset_wrapper/hw/mb_preset_wrapper.xsa
TRACE::2023-03-06.23:25:13::SCWPlatform::DSA given D:/Tony/Downloads/RainbowGhost/Code/mircoBlaze_VC707_PCIeV3/VitisV3/mb_preset_wrapper/hw/mb_preset_wrapper.xsa
TRACE::2023-03-06.23:25:13::SCWPlatform::DSA absoulate path D:/Tony/Downloads/RainbowGhost/Code/mircoBlaze_VC707_PCIeV3/VitisV3/mb_preset_wrapper/hw/mb_preset_wrapper.xsa
TRACE::2023-03-06.23:25:13::SCWPlatform::DSA directory D:/Tony/Downloads/RainbowGhost/Code/mircoBlaze_VC707_PCIeV3/VitisV3/mb_preset_wrapper/hw
TRACE::2023-03-06.23:25:13::SCWPlatform:: Platform Path D:/Tony/Downloads/RainbowGhost/Code/mircoBlaze_VC707_PCIeV3/VitisV3/mb_preset_wrapper/hw/mb_preset_wrapper.xsa
TRACE::2023-03-06.23:25:13::SCWPlatform:: Unique name xilinx:vc707::0.0
TRACE::2023-03-06.23:25:13::SCWPlatform::Trying to set the existing hwdb with name mb_preset_wrapper_5
TRACE::2023-03-06.23:25:13::SCWPlatform::Opened existing hwdb mb_preset_wrapper_5
TRACE::2023-03-06.23:25:13::SCWPlatform::Found the Hw Db part of the input DSA
TRACE::2023-03-06.23:25:13::SCWMssOS::Checking the sw design at  D:/Tony/Downloads/RainbowGhost/Code/mircoBlaze_VC707_PCIeV3/VitisV3/mb_preset_wrapper/microblaze_0/standalone_microblaze_0/bsp/system.mss
TRACE::2023-03-06.23:25:13::SCWMssOS::DEBUG:  swdes dump  D:/Tony/Downloads/RainbowGhost/Code/mircoBlaze_VC707_PCIeV3/VitisV3/VC707_PCIEV3_vitisV3/microblaze_0/standalone_domain/bsp/system.mss|system||
D:/Tony/Downloads/RainbowGhost/Code/mircoBlaze_VC707_PCIeV3/VitisV3/mb_preset_wrapper/microblaze_0/standalone_microblaze_0/bsp/system.mss|system_0||

TRACE::2023-03-06.23:25:13::SCWMssOS::Sw design exists and opened at  D:/Tony/Downloads/RainbowGhost/Code/mircoBlaze_VC707_PCIeV3/VitisV3/mb_preset_wrapper/microblaze_0/standalone_microblaze_0/bsp/system.mss
TRACE::2023-03-06.23:25:13::SCWWriter::formatted JSON is {
	"platformName":	"mb_preset_wrapper",
	"sprVersion":	"2.0",
	"mode":	"gui",
	"dsaType":	"Fixed",
	"platformDesc":	"mb_preset_wrapper",
	"platHandOff":	"D:/Tony/Downloads/RainbowGhost/Code/mircoBlaze_VC707_PCIeV3/mb_preset_wrapper.xsa",
	"platIntHandOff":	"<platformDir>/hw/mb_preset_wrapper.xsa",
	"deviceType":	"FPGA",
	"platIsPrebuiltAutogen":	"false",
	"platIsNoBootBsp":	"false",
	"hasFsblMakeHasChanges":	"false",
	"hasPmufwMakeHasChanges":	"false",
	"platPreBuiltFlag":	false,
	"platformSamplesDir":	"",
	"platActiveSys":	"mb_preset_wrapper",
	"systems":	[{
			"systemName":	"mb_preset_wrapper",
			"systemDesc":	"mb_preset_wrapper",
			"sysIsBootAutoGen":	"true",
			"systemDispName":	"mb_preset_wrapper",
			"sysActiveDom":	"standalone_microblaze_0",
			"sysDefaultDom":	"standalone_microblaze_0",
			"domains":	[{
					"domainName":	"standalone_microblaze_0",
					"domainDispName":	"standalone_microblaze_0",
					"domainDesc":	"standalone_microblaze_0",
					"processors":	"microblaze_0",
					"os":	"standalone",
					"sdxOs":	"standalone",
					"debugEnable":	"False",
					"domRuntimes":	["cpp"],
					"swRepo":	"",
					"mssOsVer":	"8.0",
					"mssFile":	"",
					"md5Digest":	"33601cc0dd278a2aadea2f1f8f9df61e",
					"compatibleApp":	"hello_world",
					"domType":	"mssDomain",
					"arch":	"32-bit",
					"appSettings":	{
						"appCompilerFlags":	"",
						"appLinkerFlags":	""
					},
					"addedLibs":	[],
					"libOptions":	{
						"libsContainingOptions":	[]
					},
					"prebuiltLibs":	{
						"prebuiltIncPath":	[],
						"prebuiltLibPath":	[]
					},
					"isolation":	{
					}
				}]
		}]
}
TRACE::2023-03-06.23:25:13::SCWPlatform::Trying to open the hw design at D:/Tony/Downloads/RainbowGhost/Code/mircoBlaze_VC707_PCIeV3/VitisV3/mb_preset_wrapper/hw/mb_preset_wrapper.xsa
TRACE::2023-03-06.23:25:13::SCWPlatform::DSA given D:/Tony/Downloads/RainbowGhost/Code/mircoBlaze_VC707_PCIeV3/VitisV3/mb_preset_wrapper/hw/mb_preset_wrapper.xsa
TRACE::2023-03-06.23:25:13::SCWPlatform::DSA absoulate path D:/Tony/Downloads/RainbowGhost/Code/mircoBlaze_VC707_PCIeV3/VitisV3/mb_preset_wrapper/hw/mb_preset_wrapper.xsa
TRACE::2023-03-06.23:25:13::SCWPlatform::DSA directory D:/Tony/Downloads/RainbowGhost/Code/mircoBlaze_VC707_PCIeV3/VitisV3/mb_preset_wrapper/hw
TRACE::2023-03-06.23:25:13::SCWPlatform:: Platform Path D:/Tony/Downloads/RainbowGhost/Code/mircoBlaze_VC707_PCIeV3/VitisV3/mb_preset_wrapper/hw/mb_preset_wrapper.xsa
TRACE::2023-03-06.23:25:13::SCWPlatform:: Unique name xilinx:vc707::0.0
TRACE::2023-03-06.23:25:13::SCWPlatform::Trying to set the existing hwdb with name mb_preset_wrapper_5
TRACE::2023-03-06.23:25:13::SCWPlatform::Opened existing hwdb mb_preset_wrapper_5
TRACE::2023-03-06.23:25:13::SCWPlatform::Found the Hw Db part of the input DSA
TRACE::2023-03-06.23:25:13::SCWMssOS::Checking the sw design at  D:/Tony/Downloads/RainbowGhost/Code/mircoBlaze_VC707_PCIeV3/VitisV3/mb_preset_wrapper/microblaze_0/standalone_microblaze_0/bsp/system.mss
TRACE::2023-03-06.23:25:13::SCWMssOS::DEBUG:  swdes dump  D:/Tony/Downloads/RainbowGhost/Code/mircoBlaze_VC707_PCIeV3/VitisV3/VC707_PCIEV3_vitisV3/microblaze_0/standalone_domain/bsp/system.mss|system||
D:/Tony/Downloads/RainbowGhost/Code/mircoBlaze_VC707_PCIeV3/VitisV3/mb_preset_wrapper/microblaze_0/standalone_microblaze_0/bsp/system.mss|system_0||

TRACE::2023-03-06.23:25:13::SCWMssOS::Sw design exists and opened at  D:/Tony/Downloads/RainbowGhost/Code/mircoBlaze_VC707_PCIeV3/VitisV3/mb_preset_wrapper/microblaze_0/standalone_microblaze_0/bsp/system.mss
TRACE::2023-03-06.23:25:13::SCWPlatform::Trying to open the hw design at D:/Tony/Downloads/RainbowGhost/Code/mircoBlaze_VC707_PCIeV3/VitisV3/mb_preset_wrapper/hw/mb_preset_wrapper.xsa
TRACE::2023-03-06.23:25:13::SCWPlatform::DSA given D:/Tony/Downloads/RainbowGhost/Code/mircoBlaze_VC707_PCIeV3/VitisV3/mb_preset_wrapper/hw/mb_preset_wrapper.xsa
TRACE::2023-03-06.23:25:13::SCWPlatform::DSA absoulate path D:/Tony/Downloads/RainbowGhost/Code/mircoBlaze_VC707_PCIeV3/VitisV3/mb_preset_wrapper/hw/mb_preset_wrapper.xsa
TRACE::2023-03-06.23:25:13::SCWPlatform::DSA directory D:/Tony/Downloads/RainbowGhost/Code/mircoBlaze_VC707_PCIeV3/VitisV3/mb_preset_wrapper/hw
TRACE::2023-03-06.23:25:13::SCWPlatform:: Platform Path D:/Tony/Downloads/RainbowGhost/Code/mircoBlaze_VC707_PCIeV3/VitisV3/mb_preset_wrapper/hw/mb_preset_wrapper.xsa
TRACE::2023-03-06.23:25:13::SCWPlatform:: Unique name xilinx:vc707::0.0
TRACE::2023-03-06.23:25:13::SCWPlatform::Trying to set the existing hwdb with name mb_preset_wrapper_5
TRACE::2023-03-06.23:25:13::SCWPlatform::Opened existing hwdb mb_preset_wrapper_5
TRACE::2023-03-06.23:25:13::SCWPlatform::Found the Hw Db part of the input DSA
TRACE::2023-03-06.23:25:13::SCWMssOS::Checking the sw design at  D:/Tony/Downloads/RainbowGhost/Code/mircoBlaze_VC707_PCIeV3/VitisV3/mb_preset_wrapper/microblaze_0/standalone_microblaze_0/bsp/system.mss
TRACE::2023-03-06.23:25:13::SCWMssOS::DEBUG:  swdes dump  D:/Tony/Downloads/RainbowGhost/Code/mircoBlaze_VC707_PCIeV3/VitisV3/VC707_PCIEV3_vitisV3/microblaze_0/standalone_domain/bsp/system.mss|system||
D:/Tony/Downloads/RainbowGhost/Code/mircoBlaze_VC707_PCIeV3/VitisV3/mb_preset_wrapper/microblaze_0/standalone_microblaze_0/bsp/system.mss|system_0||

TRACE::2023-03-06.23:25:13::SCWMssOS::Sw design exists and opened at  D:/Tony/Downloads/RainbowGhost/Code/mircoBlaze_VC707_PCIeV3/VitisV3/mb_preset_wrapper/microblaze_0/standalone_microblaze_0/bsp/system.mss
TRACE::2023-03-06.23:25:13::SCWMssOS::Saving the mss changes D:/Tony/Downloads/RainbowGhost/Code/mircoBlaze_VC707_PCIeV3/VitisV3/mb_preset_wrapper/microblaze_0/standalone_microblaze_0/bsp/system.mss
TRACE::2023-03-06.23:25:13::SCWMssOS::Found a swdesign opened with the mssfile.
TRACE::2023-03-06.23:25:13::SCWMssOS::Completed writemss as part of save.
TRACE::2023-03-06.23:25:13::SCWMssOS::Commit changes completed.
TRACE::2023-03-06.23:25:13::SCWPlatform::Trying to open the hw design at D:/Tony/Downloads/RainbowGhost/Code/mircoBlaze_VC707_PCIeV3/VitisV3/mb_preset_wrapper/hw/mb_preset_wrapper.xsa
TRACE::2023-03-06.23:25:13::SCWPlatform::DSA given D:/Tony/Downloads/RainbowGhost/Code/mircoBlaze_VC707_PCIeV3/VitisV3/mb_preset_wrapper/hw/mb_preset_wrapper.xsa
TRACE::2023-03-06.23:25:13::SCWPlatform::DSA absoulate path D:/Tony/Downloads/RainbowGhost/Code/mircoBlaze_VC707_PCIeV3/VitisV3/mb_preset_wrapper/hw/mb_preset_wrapper.xsa
TRACE::2023-03-06.23:25:13::SCWPlatform::DSA directory D:/Tony/Downloads/RainbowGhost/Code/mircoBlaze_VC707_PCIeV3/VitisV3/mb_preset_wrapper/hw
TRACE::2023-03-06.23:25:13::SCWPlatform:: Platform Path D:/Tony/Downloads/RainbowGhost/Code/mircoBlaze_VC707_PCIeV3/VitisV3/mb_preset_wrapper/hw/mb_preset_wrapper.xsa
TRACE::2023-03-06.23:25:13::SCWPlatform:: Unique name xilinx:vc707::0.0
TRACE::2023-03-06.23:25:13::SCWPlatform::Trying to set the existing hwdb with name mb_preset_wrapper_5
TRACE::2023-03-06.23:25:13::SCWPlatform::Opened existing hwdb mb_preset_wrapper_5
TRACE::2023-03-06.23:25:13::SCWPlatform::Found the Hw Db part of the input DSA
TRACE::2023-03-06.23:25:13::SCWMssOS::Checking the sw design at  D:/Tony/Downloads/RainbowGhost/Code/mircoBlaze_VC707_PCIeV3/VitisV3/mb_preset_wrapper/microblaze_0/standalone_microblaze_0/bsp/system.mss
TRACE::2023-03-06.23:25:13::SCWMssOS::DEBUG:  swdes dump  D:/Tony/Downloads/RainbowGhost/Code/mircoBlaze_VC707_PCIeV3/VitisV3/VC707_PCIEV3_vitisV3/microblaze_0/standalone_domain/bsp/system.mss|system||
D:/Tony/Downloads/RainbowGhost/Code/mircoBlaze_VC707_PCIeV3/VitisV3/mb_preset_wrapper/microblaze_0/standalone_microblaze_0/bsp/system.mss|system_0||

TRACE::2023-03-06.23:25:13::SCWMssOS::Sw design exists and opened at  D:/Tony/Downloads/RainbowGhost/Code/mircoBlaze_VC707_PCIeV3/VitisV3/mb_preset_wrapper/microblaze_0/standalone_microblaze_0/bsp/system.mss
TRACE::2023-03-06.23:25:13::SCWPlatform::Trying to open the hw design at D:/Tony/Downloads/RainbowGhost/Code/mircoBlaze_VC707_PCIeV3/VitisV3/mb_preset_wrapper/hw/mb_preset_wrapper.xsa
TRACE::2023-03-06.23:25:13::SCWPlatform::DSA given D:/Tony/Downloads/RainbowGhost/Code/mircoBlaze_VC707_PCIeV3/VitisV3/mb_preset_wrapper/hw/mb_preset_wrapper.xsa
TRACE::2023-03-06.23:25:13::SCWPlatform::DSA absoulate path D:/Tony/Downloads/RainbowGhost/Code/mircoBlaze_VC707_PCIeV3/VitisV3/mb_preset_wrapper/hw/mb_preset_wrapper.xsa
TRACE::2023-03-06.23:25:13::SCWPlatform::DSA directory D:/Tony/Downloads/RainbowGhost/Code/mircoBlaze_VC707_PCIeV3/VitisV3/mb_preset_wrapper/hw
TRACE::2023-03-06.23:25:13::SCWPlatform:: Platform Path D:/Tony/Downloads/RainbowGhost/Code/mircoBlaze_VC707_PCIeV3/VitisV3/mb_preset_wrapper/hw/mb_preset_wrapper.xsa
TRACE::2023-03-06.23:25:13::SCWPlatform:: Unique name xilinx:vc707::0.0
TRACE::2023-03-06.23:25:13::SCWPlatform::Trying to set the existing hwdb with name mb_preset_wrapper_5
TRACE::2023-03-06.23:25:13::SCWPlatform::Opened existing hwdb mb_preset_wrapper_5
TRACE::2023-03-06.23:25:13::SCWPlatform::Found the Hw Db part of the input DSA
TRACE::2023-03-06.23:25:13::SCWMssOS::Checking the sw design at  D:/Tony/Downloads/RainbowGhost/Code/mircoBlaze_VC707_PCIeV3/VitisV3/mb_preset_wrapper/microblaze_0/standalone_microblaze_0/bsp/system.mss
TRACE::2023-03-06.23:25:13::SCWMssOS::DEBUG:  swdes dump  D:/Tony/Downloads/RainbowGhost/Code/mircoBlaze_VC707_PCIeV3/VitisV3/VC707_PCIEV3_vitisV3/microblaze_0/standalone_domain/bsp/system.mss|system||
D:/Tony/Downloads/RainbowGhost/Code/mircoBlaze_VC707_PCIeV3/VitisV3/mb_preset_wrapper/microblaze_0/standalone_microblaze_0/bsp/system.mss|system_0||

TRACE::2023-03-06.23:25:13::SCWMssOS::Sw design exists and opened at  D:/Tony/Downloads/RainbowGhost/Code/mircoBlaze_VC707_PCIeV3/VitisV3/mb_preset_wrapper/microblaze_0/standalone_microblaze_0/bsp/system.mss
TRACE::2023-03-06.23:25:13::SCWPlatform::Trying to open the hw design at D:/Tony/Downloads/RainbowGhost/Code/mircoBlaze_VC707_PCIeV3/VitisV3/mb_preset_wrapper/hw/mb_preset_wrapper.xsa
TRACE::2023-03-06.23:25:13::SCWPlatform::DSA given D:/Tony/Downloads/RainbowGhost/Code/mircoBlaze_VC707_PCIeV3/VitisV3/mb_preset_wrapper/hw/mb_preset_wrapper.xsa
TRACE::2023-03-06.23:25:13::SCWPlatform::DSA absoulate path D:/Tony/Downloads/RainbowGhost/Code/mircoBlaze_VC707_PCIeV3/VitisV3/mb_preset_wrapper/hw/mb_preset_wrapper.xsa
TRACE::2023-03-06.23:25:13::SCWPlatform::DSA directory D:/Tony/Downloads/RainbowGhost/Code/mircoBlaze_VC707_PCIeV3/VitisV3/mb_preset_wrapper/hw
TRACE::2023-03-06.23:25:13::SCWPlatform:: Platform Path D:/Tony/Downloads/RainbowGhost/Code/mircoBlaze_VC707_PCIeV3/VitisV3/mb_preset_wrapper/hw/mb_preset_wrapper.xsa
TRACE::2023-03-06.23:25:13::SCWPlatform:: Unique name xilinx:vc707::0.0
TRACE::2023-03-06.23:25:13::SCWPlatform::Trying to set the existing hwdb with name mb_preset_wrapper_5
TRACE::2023-03-06.23:25:13::SCWPlatform::Opened existing hwdb mb_preset_wrapper_5
TRACE::2023-03-06.23:25:13::SCWPlatform::Found the Hw Db part of the input DSA
TRACE::2023-03-06.23:25:13::SCWMssOS::Checking the sw design at  D:/Tony/Downloads/RainbowGhost/Code/mircoBlaze_VC707_PCIeV3/VitisV3/mb_preset_wrapper/microblaze_0/standalone_microblaze_0/bsp/system.mss
TRACE::2023-03-06.23:25:13::SCWMssOS::DEBUG:  swdes dump  D:/Tony/Downloads/RainbowGhost/Code/mircoBlaze_VC707_PCIeV3/VitisV3/VC707_PCIEV3_vitisV3/microblaze_0/standalone_domain/bsp/system.mss|system||
D:/Tony/Downloads/RainbowGhost/Code/mircoBlaze_VC707_PCIeV3/VitisV3/mb_preset_wrapper/microblaze_0/standalone_microblaze_0/bsp/system.mss|system_0||

TRACE::2023-03-06.23:25:13::SCWMssOS::Sw design exists and opened at  D:/Tony/Downloads/RainbowGhost/Code/mircoBlaze_VC707_PCIeV3/VitisV3/mb_preset_wrapper/microblaze_0/standalone_microblaze_0/bsp/system.mss
TRACE::2023-03-06.23:25:13::SCWWriter::formatted JSON is {
	"platformName":	"mb_preset_wrapper",
	"sprVersion":	"2.0",
	"mode":	"gui",
	"dsaType":	"Fixed",
	"platformDesc":	"mb_preset_wrapper",
	"platHandOff":	"D:/Tony/Downloads/RainbowGhost/Code/mircoBlaze_VC707_PCIeV3/mb_preset_wrapper.xsa",
	"platIntHandOff":	"<platformDir>/hw/mb_preset_wrapper.xsa",
	"deviceType":	"FPGA",
	"platIsPrebuiltAutogen":	"false",
	"platIsNoBootBsp":	"false",
	"hasFsblMakeHasChanges":	"false",
	"hasPmufwMakeHasChanges":	"false",
	"platPreBuiltFlag":	false,
	"platformSamplesDir":	"",
	"platActiveSys":	"mb_preset_wrapper",
	"systems":	[{
			"systemName":	"mb_preset_wrapper",
			"systemDesc":	"mb_preset_wrapper",
			"sysIsBootAutoGen":	"true",
			"systemDispName":	"mb_preset_wrapper",
			"sysActiveDom":	"standalone_microblaze_0",
			"sysDefaultDom":	"standalone_microblaze_0",
			"domains":	[{
					"domainName":	"standalone_microblaze_0",
					"domainDispName":	"standalone_microblaze_0",
					"domainDesc":	"standalone_microblaze_0",
					"processors":	"microblaze_0",
					"os":	"standalone",
					"sdxOs":	"standalone",
					"debugEnable":	"False",
					"domRuntimes":	["cpp"],
					"swRepo":	"",
					"mssOsVer":	"8.0",
					"mssFile":	"",
					"md5Digest":	"33601cc0dd278a2aadea2f1f8f9df61e",
					"compatibleApp":	"hello_world",
					"domType":	"mssDomain",
					"arch":	"32-bit",
					"appSettings":	{
						"appCompilerFlags":	"",
						"appLinkerFlags":	""
					},
					"addedLibs":	[],
					"libOptions":	{
						"libsContainingOptions":	[]
					},
					"prebuiltLibs":	{
						"prebuiltIncPath":	[],
						"prebuiltLibPath":	[]
					},
					"isolation":	{
					}
				}]
		}]
}
LOG::2023-03-06.23:25:13::SCWPlatform::Started generating the artifacts platform mb_preset_wrapper
TRACE::2023-03-06.23:25:13::SCWPlatform::Sanity checking of platform is completed
LOG::2023-03-06.23:25:13::SCWPlatform::Started generating the artifacts for system configuration mb_preset_wrapper
LOG::2023-03-06.23:25:13::SCWSystem::Started Processing the domain standalone_microblaze_0
TRACE::2023-03-06.23:25:13::SCWDomain::Generating domain artifcats
TRACE::2023-03-06.23:25:13::SCWMssOS::Generating standalone artifcats
TRACE::2023-03-06.23:25:13::SCWMssOS:: Copying the user libraries. 
TRACE::2023-03-06.23:25:13::SCWPlatform::Trying to open the hw design at D:/Tony/Downloads/RainbowGhost/Code/mircoBlaze_VC707_PCIeV3/VitisV3/mb_preset_wrapper/hw/mb_preset_wrapper.xsa
TRACE::2023-03-06.23:25:13::SCWPlatform::DSA given D:/Tony/Downloads/RainbowGhost/Code/mircoBlaze_VC707_PCIeV3/VitisV3/mb_preset_wrapper/hw/mb_preset_wrapper.xsa
TRACE::2023-03-06.23:25:13::SCWPlatform::DSA absoulate path D:/Tony/Downloads/RainbowGhost/Code/mircoBlaze_VC707_PCIeV3/VitisV3/mb_preset_wrapper/hw/mb_preset_wrapper.xsa
TRACE::2023-03-06.23:25:13::SCWPlatform::DSA directory D:/Tony/Downloads/RainbowGhost/Code/mircoBlaze_VC707_PCIeV3/VitisV3/mb_preset_wrapper/hw
TRACE::2023-03-06.23:25:13::SCWPlatform:: Platform Path D:/Tony/Downloads/RainbowGhost/Code/mircoBlaze_VC707_PCIeV3/VitisV3/mb_preset_wrapper/hw/mb_preset_wrapper.xsa
TRACE::2023-03-06.23:25:13::SCWPlatform:: Unique name xilinx:vc707::0.0
TRACE::2023-03-06.23:25:13::SCWPlatform::Trying to set the existing hwdb with name mb_preset_wrapper_5
TRACE::2023-03-06.23:25:13::SCWPlatform::Opened existing hwdb mb_preset_wrapper_5
TRACE::2023-03-06.23:25:13::SCWPlatform::Found the Hw Db part of the input DSA
TRACE::2023-03-06.23:25:13::SCWMssOS::Checking the sw design at  D:/Tony/Downloads/RainbowGhost/Code/mircoBlaze_VC707_PCIeV3/VitisV3/mb_preset_wrapper/microblaze_0/standalone_microblaze_0/bsp/system.mss
TRACE::2023-03-06.23:25:13::SCWMssOS::DEBUG:  swdes dump  D:/Tony/Downloads/RainbowGhost/Code/mircoBlaze_VC707_PCIeV3/VitisV3/VC707_PCIEV3_vitisV3/microblaze_0/standalone_domain/bsp/system.mss|system||
D:/Tony/Downloads/RainbowGhost/Code/mircoBlaze_VC707_PCIeV3/VitisV3/mb_preset_wrapper/microblaze_0/standalone_microblaze_0/bsp/system.mss|system_0||

TRACE::2023-03-06.23:25:13::SCWMssOS::Sw design exists and opened at  D:/Tony/Downloads/RainbowGhost/Code/mircoBlaze_VC707_PCIeV3/VitisV3/mb_preset_wrapper/microblaze_0/standalone_microblaze_0/bsp/system.mss
TRACE::2023-03-06.23:25:13::SCWMssOS::Completed writing the mss file at D:/Tony/Downloads/RainbowGhost/Code/mircoBlaze_VC707_PCIeV3/VitisV3/mb_preset_wrapper/microblaze_0/standalone_microblaze_0/bsp
TRACE::2023-03-06.23:25:13::SCWMssOS::Mss edits present, copying mssfile into export location D:/Tony/Downloads/RainbowGhost/Code/mircoBlaze_VC707_PCIeV3/VitisV3/mb_preset_wrapper/microblaze_0/standalone_microblaze_0/bsp/system.mss
TRACE::2023-03-06.23:25:13::SCWMssOS::bsp generated is upto date with the mss file. Skipping bsp generation.
TRACE::2023-03-06.23:25:13::SCWMssOS::BSP is already built. skipping the bsp build ... 
TRACE::2023-03-06.23:25:13::SCWDomain::Building the domain as part of full build :  standalone_microblaze_0
TRACE::2023-03-06.23:25:13::SCWMssOS::skipping the bsp build ... 
TRACE::2023-03-06.23:25:13::SCWMssOS::Copying to export directory.
TRACE::2023-03-06.23:25:13::SCWMssOS:: Checking if to create the Supporting Applications
TRACE::2023-03-06.23:25:13::SCWMssOS:: No Linux domain exists, trying to generate FSBL 
LOG::2023-03-06.23:25:13::SCWSystem::Completed Processing the domain standalone_microblaze_0
LOG::2023-03-06.23:25:13::SCWSystem::Completed Processing the sysconfig mb_preset_wrapper
LOG::2023-03-06.23:25:13::SCWPlatform::Completed generating the artifacts for system configuration mb_preset_wrapper
TRACE::2023-03-06.23:25:13::SCWPlatform::Started preparing the platform 
TRACE::2023-03-06.23:25:13::SCWSystem::Writing the bif file for system config mb_preset_wrapper
TRACE::2023-03-06.23:25:13::SCWSystem::dir created 
TRACE::2023-03-06.23:25:13::SCWSystem::Writing the bif 
TRACE::2023-03-06.23:25:13::SCWPlatform::Started writing the spfm file 
TRACE::2023-03-06.23:25:13::SCWPlatform::Started writing the xpfm file 
TRACE::2023-03-06.23:25:13::SCWPlatform::Completed generating the platform
TRACE::2023-03-06.23:25:13::SCWMssOS::Saving the mss changes D:/Tony/Downloads/RainbowGhost/Code/mircoBlaze_VC707_PCIeV3/VitisV3/mb_preset_wrapper/microblaze_0/standalone_microblaze_0/bsp/system.mss
TRACE::2023-03-06.23:25:13::SCWMssOS::Found a swdesign opened with the mssfile.
TRACE::2023-03-06.23:25:13::SCWMssOS::Completed writemss as part of save.
TRACE::2023-03-06.23:25:13::SCWMssOS::Commit changes completed.
TRACE::2023-03-06.23:25:13::SCWPlatform::Trying to open the hw design at D:/Tony/Downloads/RainbowGhost/Code/mircoBlaze_VC707_PCIeV3/VitisV3/mb_preset_wrapper/hw/mb_preset_wrapper.xsa
TRACE::2023-03-06.23:25:13::SCWPlatform::DSA given D:/Tony/Downloads/RainbowGhost/Code/mircoBlaze_VC707_PCIeV3/VitisV3/mb_preset_wrapper/hw/mb_preset_wrapper.xsa
TRACE::2023-03-06.23:25:13::SCWPlatform::DSA absoulate path D:/Tony/Downloads/RainbowGhost/Code/mircoBlaze_VC707_PCIeV3/VitisV3/mb_preset_wrapper/hw/mb_preset_wrapper.xsa
TRACE::2023-03-06.23:25:13::SCWPlatform::DSA directory D:/Tony/Downloads/RainbowGhost/Code/mircoBlaze_VC707_PCIeV3/VitisV3/mb_preset_wrapper/hw
TRACE::2023-03-06.23:25:13::SCWPlatform:: Platform Path D:/Tony/Downloads/RainbowGhost/Code/mircoBlaze_VC707_PCIeV3/VitisV3/mb_preset_wrapper/hw/mb_preset_wrapper.xsa
TRACE::2023-03-06.23:25:13::SCWPlatform:: Unique name xilinx:vc707::0.0
TRACE::2023-03-06.23:25:13::SCWPlatform::Trying to set the existing hwdb with name mb_preset_wrapper_5
TRACE::2023-03-06.23:25:13::SCWPlatform::Opened existing hwdb mb_preset_wrapper_5
TRACE::2023-03-06.23:25:13::SCWPlatform::Found the Hw Db part of the input DSA
TRACE::2023-03-06.23:25:13::SCWMssOS::Checking the sw design at  D:/Tony/Downloads/RainbowGhost/Code/mircoBlaze_VC707_PCIeV3/VitisV3/mb_preset_wrapper/microblaze_0/standalone_microblaze_0/bsp/system.mss
TRACE::2023-03-06.23:25:13::SCWMssOS::DEBUG:  swdes dump  D:/Tony/Downloads/RainbowGhost/Code/mircoBlaze_VC707_PCIeV3/VitisV3/VC707_PCIEV3_vitisV3/microblaze_0/standalone_domain/bsp/system.mss|system||
D:/Tony/Downloads/RainbowGhost/Code/mircoBlaze_VC707_PCIeV3/VitisV3/mb_preset_wrapper/microblaze_0/standalone_microblaze_0/bsp/system.mss|system_0||

TRACE::2023-03-06.23:25:13::SCWMssOS::Sw design exists and opened at  D:/Tony/Downloads/RainbowGhost/Code/mircoBlaze_VC707_PCIeV3/VitisV3/mb_preset_wrapper/microblaze_0/standalone_microblaze_0/bsp/system.mss
TRACE::2023-03-06.23:25:13::SCWPlatform::Trying to open the hw design at D:/Tony/Downloads/RainbowGhost/Code/mircoBlaze_VC707_PCIeV3/VitisV3/mb_preset_wrapper/hw/mb_preset_wrapper.xsa
TRACE::2023-03-06.23:25:13::SCWPlatform::DSA given D:/Tony/Downloads/RainbowGhost/Code/mircoBlaze_VC707_PCIeV3/VitisV3/mb_preset_wrapper/hw/mb_preset_wrapper.xsa
TRACE::2023-03-06.23:25:13::SCWPlatform::DSA absoulate path D:/Tony/Downloads/RainbowGhost/Code/mircoBlaze_VC707_PCIeV3/VitisV3/mb_preset_wrapper/hw/mb_preset_wrapper.xsa
TRACE::2023-03-06.23:25:13::SCWPlatform::DSA directory D:/Tony/Downloads/RainbowGhost/Code/mircoBlaze_VC707_PCIeV3/VitisV3/mb_preset_wrapper/hw
TRACE::2023-03-06.23:25:13::SCWPlatform:: Platform Path D:/Tony/Downloads/RainbowGhost/Code/mircoBlaze_VC707_PCIeV3/VitisV3/mb_preset_wrapper/hw/mb_preset_wrapper.xsa
TRACE::2023-03-06.23:25:13::SCWPlatform:: Unique name xilinx:vc707::0.0
TRACE::2023-03-06.23:25:13::SCWPlatform::Trying to set the existing hwdb with name mb_preset_wrapper_5
TRACE::2023-03-06.23:25:13::SCWPlatform::Opened existing hwdb mb_preset_wrapper_5
TRACE::2023-03-06.23:25:13::SCWPlatform::Found the Hw Db part of the input DSA
TRACE::2023-03-06.23:25:13::SCWMssOS::Checking the sw design at  D:/Tony/Downloads/RainbowGhost/Code/mircoBlaze_VC707_PCIeV3/VitisV3/mb_preset_wrapper/microblaze_0/standalone_microblaze_0/bsp/system.mss
TRACE::2023-03-06.23:25:13::SCWMssOS::DEBUG:  swdes dump  D:/Tony/Downloads/RainbowGhost/Code/mircoBlaze_VC707_PCIeV3/VitisV3/VC707_PCIEV3_vitisV3/microblaze_0/standalone_domain/bsp/system.mss|system||
D:/Tony/Downloads/RainbowGhost/Code/mircoBlaze_VC707_PCIeV3/VitisV3/mb_preset_wrapper/microblaze_0/standalone_microblaze_0/bsp/system.mss|system_0||

TRACE::2023-03-06.23:25:13::SCWMssOS::Sw design exists and opened at  D:/Tony/Downloads/RainbowGhost/Code/mircoBlaze_VC707_PCIeV3/VitisV3/mb_preset_wrapper/microblaze_0/standalone_microblaze_0/bsp/system.mss
TRACE::2023-03-06.23:25:13::SCWPlatform::Trying to open the hw design at D:/Tony/Downloads/RainbowGhost/Code/mircoBlaze_VC707_PCIeV3/VitisV3/mb_preset_wrapper/hw/mb_preset_wrapper.xsa
TRACE::2023-03-06.23:25:13::SCWPlatform::DSA given D:/Tony/Downloads/RainbowGhost/Code/mircoBlaze_VC707_PCIeV3/VitisV3/mb_preset_wrapper/hw/mb_preset_wrapper.xsa
TRACE::2023-03-06.23:25:13::SCWPlatform::DSA absoulate path D:/Tony/Downloads/RainbowGhost/Code/mircoBlaze_VC707_PCIeV3/VitisV3/mb_preset_wrapper/hw/mb_preset_wrapper.xsa
TRACE::2023-03-06.23:25:13::SCWPlatform::DSA directory D:/Tony/Downloads/RainbowGhost/Code/mircoBlaze_VC707_PCIeV3/VitisV3/mb_preset_wrapper/hw
TRACE::2023-03-06.23:25:13::SCWPlatform:: Platform Path D:/Tony/Downloads/RainbowGhost/Code/mircoBlaze_VC707_PCIeV3/VitisV3/mb_preset_wrapper/hw/mb_preset_wrapper.xsa
TRACE::2023-03-06.23:25:13::SCWPlatform:: Unique name xilinx:vc707::0.0
TRACE::2023-03-06.23:25:13::SCWPlatform::Trying to set the existing hwdb with name mb_preset_wrapper_5
TRACE::2023-03-06.23:25:13::SCWPlatform::Opened existing hwdb mb_preset_wrapper_5
TRACE::2023-03-06.23:25:13::SCWPlatform::Found the Hw Db part of the input DSA
TRACE::2023-03-06.23:25:13::SCWMssOS::Checking the sw design at  D:/Tony/Downloads/RainbowGhost/Code/mircoBlaze_VC707_PCIeV3/VitisV3/mb_preset_wrapper/microblaze_0/standalone_microblaze_0/bsp/system.mss
TRACE::2023-03-06.23:25:13::SCWMssOS::DEBUG:  swdes dump  D:/Tony/Downloads/RainbowGhost/Code/mircoBlaze_VC707_PCIeV3/VitisV3/VC707_PCIEV3_vitisV3/microblaze_0/standalone_domain/bsp/system.mss|system||
D:/Tony/Downloads/RainbowGhost/Code/mircoBlaze_VC707_PCIeV3/VitisV3/mb_preset_wrapper/microblaze_0/standalone_microblaze_0/bsp/system.mss|system_0||

TRACE::2023-03-06.23:25:13::SCWMssOS::Sw design exists and opened at  D:/Tony/Downloads/RainbowGhost/Code/mircoBlaze_VC707_PCIeV3/VitisV3/mb_preset_wrapper/microblaze_0/standalone_microblaze_0/bsp/system.mss
TRACE::2023-03-06.23:25:13::SCWWriter::formatted JSON is {
	"platformName":	"mb_preset_wrapper",
	"sprVersion":	"2.0",
	"mode":	"gui",
	"dsaType":	"Fixed",
	"platformDesc":	"mb_preset_wrapper",
	"platHandOff":	"D:/Tony/Downloads/RainbowGhost/Code/mircoBlaze_VC707_PCIeV3/mb_preset_wrapper.xsa",
	"platIntHandOff":	"<platformDir>/hw/mb_preset_wrapper.xsa",
	"deviceType":	"FPGA",
	"platIsPrebuiltAutogen":	"false",
	"platIsNoBootBsp":	"false",
	"hasFsblMakeHasChanges":	"false",
	"hasPmufwMakeHasChanges":	"false",
	"platPreBuiltFlag":	false,
	"platformSamplesDir":	"",
	"platActiveSys":	"mb_preset_wrapper",
	"systems":	[{
			"systemName":	"mb_preset_wrapper",
			"systemDesc":	"mb_preset_wrapper",
			"sysIsBootAutoGen":	"true",
			"systemDispName":	"mb_preset_wrapper",
			"sysActiveDom":	"standalone_microblaze_0",
			"sysDefaultDom":	"standalone_microblaze_0",
			"domains":	[{
					"domainName":	"standalone_microblaze_0",
					"domainDispName":	"standalone_microblaze_0",
					"domainDesc":	"standalone_microblaze_0",
					"processors":	"microblaze_0",
					"os":	"standalone",
					"sdxOs":	"standalone",
					"debugEnable":	"False",
					"domRuntimes":	["cpp"],
					"swRepo":	"",
					"mssOsVer":	"8.0",
					"mssFile":	"",
					"md5Digest":	"33601cc0dd278a2aadea2f1f8f9df61e",
					"compatibleApp":	"hello_world",
					"domType":	"mssDomain",
					"arch":	"32-bit",
					"appSettings":	{
						"appCompilerFlags":	"",
						"appLinkerFlags":	""
					},
					"addedLibs":	[],
					"libOptions":	{
						"libsContainingOptions":	[]
					},
					"prebuiltLibs":	{
						"prebuiltIncPath":	[],
						"prebuiltLibPath":	[]
					},
					"isolation":	{
					}
				}]
		}]
}
KEYINFO::2023-03-06.23:25:13::SCWPlatform::updated the xpfm file.
LOG::2023-03-06.23:25:51::SCWPlatform::Started generating the artifacts platform mb_preset_wrapper
TRACE::2023-03-06.23:25:51::SCWPlatform::Sanity checking of platform is completed
LOG::2023-03-06.23:25:51::SCWPlatform::Started generating the artifacts for system configuration mb_preset_wrapper
LOG::2023-03-06.23:25:51::SCWSystem::Checking the domain standalone_microblaze_0
LOG::2023-03-06.23:25:51::SCWSystem::Not a boot domain 
LOG::2023-03-06.23:25:51::SCWSystem::Started Processing the domain standalone_microblaze_0
TRACE::2023-03-06.23:25:51::SCWDomain::Generating domain artifcats
TRACE::2023-03-06.23:25:51::SCWMssOS::Generating standalone artifcats
TRACE::2023-03-06.23:25:51::SCWMssOS:: Copying the user libraries. 
TRACE::2023-03-06.23:25:51::SCWPlatform::Trying to open the hw design at D:/Tony/Downloads/RainbowGhost/Code/mircoBlaze_VC707_PCIeV3/VitisV3/mb_preset_wrapper/hw/mb_preset_wrapper.xsa
TRACE::2023-03-06.23:25:51::SCWPlatform::DSA given D:/Tony/Downloads/RainbowGhost/Code/mircoBlaze_VC707_PCIeV3/VitisV3/mb_preset_wrapper/hw/mb_preset_wrapper.xsa
TRACE::2023-03-06.23:25:51::SCWPlatform::DSA absoulate path D:/Tony/Downloads/RainbowGhost/Code/mircoBlaze_VC707_PCIeV3/VitisV3/mb_preset_wrapper/hw/mb_preset_wrapper.xsa
TRACE::2023-03-06.23:25:51::SCWPlatform::DSA directory D:/Tony/Downloads/RainbowGhost/Code/mircoBlaze_VC707_PCIeV3/VitisV3/mb_preset_wrapper/hw
TRACE::2023-03-06.23:25:51::SCWPlatform:: Platform Path D:/Tony/Downloads/RainbowGhost/Code/mircoBlaze_VC707_PCIeV3/VitisV3/mb_preset_wrapper/hw/mb_preset_wrapper.xsa
TRACE::2023-03-06.23:25:51::SCWPlatform:: Unique name xilinx:vc707::0.0
TRACE::2023-03-06.23:25:51::SCWPlatform::Trying to set the existing hwdb with name mb_preset_wrapper_5
TRACE::2023-03-06.23:25:51::SCWPlatform::Opened existing hwdb mb_preset_wrapper_5
TRACE::2023-03-06.23:25:51::SCWPlatform::Found the Hw Db part of the input DSA
TRACE::2023-03-06.23:25:51::SCWMssOS::Checking the sw design at  D:/Tony/Downloads/RainbowGhost/Code/mircoBlaze_VC707_PCIeV3/VitisV3/mb_preset_wrapper/microblaze_0/standalone_microblaze_0/bsp/system.mss
TRACE::2023-03-06.23:25:51::SCWMssOS::DEBUG:  swdes dump  D:/Tony/Downloads/RainbowGhost/Code/mircoBlaze_VC707_PCIeV3/VitisV3/VC707_PCIEV3_vitisV3/microblaze_0/standalone_domain/bsp/system.mss|system||
D:/Tony/Downloads/RainbowGhost/Code/mircoBlaze_VC707_PCIeV3/VitisV3/mb_preset_wrapper/microblaze_0/standalone_microblaze_0/bsp/system.mss|system_0||

TRACE::2023-03-06.23:25:51::SCWMssOS::Sw design exists and opened at  D:/Tony/Downloads/RainbowGhost/Code/mircoBlaze_VC707_PCIeV3/VitisV3/mb_preset_wrapper/microblaze_0/standalone_microblaze_0/bsp/system.mss
TRACE::2023-03-06.23:25:51::SCWMssOS::Completed writing the mss file at D:/Tony/Downloads/RainbowGhost/Code/mircoBlaze_VC707_PCIeV3/VitisV3/mb_preset_wrapper/microblaze_0/standalone_microblaze_0/bsp
TRACE::2023-03-06.23:25:51::SCWMssOS::Mss edits present, copying mssfile into export location D:/Tony/Downloads/RainbowGhost/Code/mircoBlaze_VC707_PCIeV3/VitisV3/mb_preset_wrapper/microblaze_0/standalone_microblaze_0/bsp/system.mss
TRACE::2023-03-06.23:25:51::SCWMssOS::bsp generated is upto date with the mss file. Skipping bsp generation.
TRACE::2023-03-06.23:25:51::SCWMssOS::BSP is already built. skipping the bsp build ... 
TRACE::2023-03-06.23:25:51::SCWDomain::Building the domain as part of full build :  standalone_microblaze_0
TRACE::2023-03-06.23:25:51::SCWMssOS::doing bsp build ... 
TRACE::2023-03-06.23:25:51::SCWMssOS::System Command Ran  D: & cd  D:/Tony/Downloads/RainbowGhost/Code/mircoBlaze_VC707_PCIeV3/VitisV3/mb_preset_wrapper/microblaze_0/standalone_microblaze_0/bsp & make 
TRACE::2023-03-06.23:25:51::SCWMssOS::make --no-print-directory seq_libs

TRACE::2023-03-06.23:25:51::SCWMssOS::'Finished building libraries sequentially.'

TRACE::2023-03-06.23:25:51::SCWMssOS::make -j 10 --no-print-directory par_libs

TRACE::2023-03-06.23:25:51::SCWMssOS::"Running Make include in microblaze_0/libsrc/axipcie_v3_3/src"

TRACE::2023-03-06.23:25:51::SCWMssOS::make -C microblaze_0/libsrc/axipcie_v3_3/src -s include  "SHELL=CMD" "COMPILER=mb-gcc" "ASSEMBLER=mb-as" "ARCHIVER=mb-ar" "COMP
TRACE::2023-03-06.23:25:51::SCWMssOS::ILER_FLAGS=  -O2 -c -mcpu=v11.0 -mlittle-endian -mno-xl-reorder -mno-xl-soft-mul -mxl-barrel-shift -mxl-pattern-compare" "EXTRA
TRACE::2023-03-06.23:25:51::SCWMssOS::_COMPILER_FLAGS=-g -ffunction-sections -fdata-sections -Wall -Wextra -fno-tree-loop-distribute-patterns"

TRACE::2023-03-06.23:25:51::SCWMssOS::"Running Make include in microblaze_0/libsrc/bram_v4_8/src"

TRACE::2023-03-06.23:25:51::SCWMssOS::make -C microblaze_0/libsrc/bram_v4_8/src -s include  "SHELL=CMD" "COMPILER=mb-gcc" "ASSEMBLER=mb-as" "ARCHIVER=mb-ar" "COMPILE
TRACE::2023-03-06.23:25:51::SCWMssOS::R_FLAGS=  -O2 -c -mcpu=v11.0 -mlittle-endian -mno-xl-reorder -mno-xl-soft-mul -mxl-barrel-shift -mxl-pattern-compare" "EXTRA_CO
TRACE::2023-03-06.23:25:51::SCWMssOS::MPILER_FLAGS=-g -ffunction-sections -fdata-sections -Wall -Wextra -fno-tree-loop-distribute-patterns"

TRACE::2023-03-06.23:25:51::SCWMssOS::"Running Make include in microblaze_0/libsrc/cpu_v2_16/src"

TRACE::2023-03-06.23:25:51::SCWMssOS::make -C microblaze_0/libsrc/cpu_v2_16/src -s include  "SHELL=CMD" "COMPILER=mb-gcc" "ASSEMBLER=mb-as" "ARCHIVER=mb-ar" "COMPILE
TRACE::2023-03-06.23:25:51::SCWMssOS::R_FLAGS=  -O2 -c -mcpu=v11.0 -mlittle-endian -mno-xl-reorder -mno-xl-soft-mul -mxl-barrel-shift -mxl-pattern-compare" "EXTRA_CO
TRACE::2023-03-06.23:25:51::SCWMssOS::MPILER_FLAGS=-g -ffunction-sections -fdata-sections -Wall -Wextra -fno-tree-loop-distribute-patterns"

TRACE::2023-03-06.23:25:51::SCWMssOS::"Running Make include in microblaze_0/libsrc/gpio_v4_9/src"

TRACE::2023-03-06.23:25:51::SCWMssOS::make -C microblaze_0/libsrc/gpio_v4_9/src -s include  "SHELL=CMD" "COMPILER=mb-gcc" "ASSEMBLER=mb-as" "ARCHIVER=mb-ar" "COMPILE
TRACE::2023-03-06.23:25:51::SCWMssOS::R_FLAGS=  -O2 -c -mcpu=v11.0 -mlittle-endian -mno-xl-reorder -mno-xl-soft-mul -mxl-barrel-shift -mxl-pattern-compare" "EXTRA_CO
TRACE::2023-03-06.23:25:51::SCWMssOS::MPILER_FLAGS=-g -ffunction-sections -fdata-sections -Wall -Wextra -fno-tree-loop-distribute-patterns"

TRACE::2023-03-06.23:25:51::SCWMssOS::"Running Make include in microblaze_0/libsrc/iic_v3_9/src"

TRACE::2023-03-06.23:25:51::SCWMssOS::make -C microblaze_0/libsrc/iic_v3_9/src -s include  "SHELL=CMD" "COMPILER=mb-gcc" "ASSEMBLER=mb-as" "ARCHIVER=mb-ar" "COMPILER
TRACE::2023-03-06.23:25:51::SCWMssOS::_FLAGS=  -O2 -c -mcpu=v11.0 -mlittle-endian -mno-xl-reorder -mno-xl-soft-mul -mxl-barrel-shift -mxl-pattern-compare" "EXTRA_COM
TRACE::2023-03-06.23:25:51::SCWMssOS::PILER_FLAGS=-g -ffunction-sections -fdata-sections -Wall -Wextra -fno-tree-loop-distribute-patterns"

TRACE::2023-03-06.23:25:51::SCWMssOS::"Running Make include in microblaze_0/libsrc/intc_v3_15/src"

TRACE::2023-03-06.23:25:51::SCWMssOS::make -C microblaze_0/libsrc/intc_v3_15/src -s include  "SHELL=CMD" "COMPILER=mb-gcc" "ASSEMBLER=mb-as" "ARCHIVER=mb-ar" "COMPIL
TRACE::2023-03-06.23:25:51::SCWMssOS::ER_FLAGS=  -O2 -c -mcpu=v11.0 -mlittle-endian -mno-xl-reorder -mno-xl-soft-mul -mxl-barrel-shift -mxl-pattern-compare" "EXTRA_C
TRACE::2023-03-06.23:25:51::SCWMssOS::OMPILER_FLAGS=-g -ffunction-sections -fdata-sections -Wall -Wextra -fno-tree-loop-distribute-patterns"

TRACE::2023-03-06.23:25:51::SCWMssOS::"Running Make include in microblaze_0/libsrc/standalone_v8_0/src"

TRACE::2023-03-06.23:25:51::SCWMssOS::make -C microblaze_0/libsrc/standalone_v8_0/src -s include  "SHELL=CMD" "COMPILER=mb-gcc" "ASSEMBLER=mb-as" "ARCHIVER=mb-ar" "C
TRACE::2023-03-06.23:25:51::SCWMssOS::OMPILER_FLAGS=  -O2 -c -mcpu=v11.0 -mlittle-endian -mno-xl-reorder -mno-xl-soft-mul -mxl-barrel-shift -mxl-pattern-compare" "EX
TRACE::2023-03-06.23:25:51::SCWMssOS::TRA_COMPILER_FLAGS=-g -ffunction-sections -fdata-sections -Wall -Wextra -fno-tree-loop-distribute-patterns"

TRACE::2023-03-06.23:25:51::SCWMssOS::"Running Make include in microblaze_0/libsrc/tmrctr_v4_9/src"

TRACE::2023-03-06.23:25:51::SCWMssOS::make -C microblaze_0/libsrc/tmrctr_v4_9/src -s include  "SHELL=CMD" "COMPILER=mb-gcc" "ASSEMBLER=mb-as" "ARCHIVER=mb-ar" "COMPI
TRACE::2023-03-06.23:25:51::SCWMssOS::LER_FLAGS=  -O2 -c -mcpu=v11.0 -mlittle-endian -mno-xl-reorder -mno-xl-soft-mul -mxl-barrel-shift -mxl-pattern-compare" "EXTRA_
TRACE::2023-03-06.23:25:51::SCWMssOS::COMPILER_FLAGS=-g -ffunction-sections -fdata-sections -Wall -Wextra -fno-tree-loop-distribute-patterns"

TRACE::2023-03-06.23:25:51::SCWMssOS::"Running Make include in microblaze_0/libsrc/uartlite_v3_7/src"

TRACE::2023-03-06.23:25:51::SCWMssOS::make -C microblaze_0/libsrc/uartlite_v3_7/src -s include  "SHELL=CMD" "COMPILER=mb-gcc" "ASSEMBLER=mb-as" "ARCHIVER=mb-ar" "COM
TRACE::2023-03-06.23:25:51::SCWMssOS::PILER_FLAGS=  -O2 -c -mcpu=v11.0 -mlittle-endian -mno-xl-reorder -mno-xl-soft-mul -mxl-barrel-shift -mxl-pattern-compare" "EXTR
TRACE::2023-03-06.23:25:51::SCWMssOS::A_COMPILER_FLAGS=-g -ffunction-sections -fdata-sections -Wall -Wextra -fno-tree-loop-distribute-patterns"

TRACE::2023-03-06.23:25:52::SCWMssOS::"Running Make libs in microblaze_0/libsrc/axipcie_v3_3/src"

TRACE::2023-03-06.23:25:52::SCWMssOS::make -C microblaze_0/libsrc/axipcie_v3_3/src -s libs  "SHELL=CMD" "COMPILER=mb-gcc" "ASSEMBLER=mb-as" "ARCHIVER=mb-ar" "COMPILE
TRACE::2023-03-06.23:25:52::SCWMssOS::R_FLAGS=  -O2 -c -mcpu=v11.0 -mlittle-endian -mno-xl-reorder -mno-xl-soft-mul -mxl-barrel-shift -mxl-pattern-compare" "EXTRA_CO
TRACE::2023-03-06.23:25:52::SCWMssOS::MPILER_FLAGS=-g -ffunction-sections -fdata-sections -Wall -Wextra -fno-tree-loop-distribute-patterns"

TRACE::2023-03-06.23:25:52::SCWMssOS::"Running Make libs in microblaze_0/libsrc/bram_v4_8/src"

TRACE::2023-03-06.23:25:52::SCWMssOS::make -C microblaze_0/libsrc/bram_v4_8/src -s libs  "SHELL=CMD" "COMPILER=mb-gcc" "ASSEMBLER=mb-as" "ARCHIVER=mb-ar" "COMPILER_F
TRACE::2023-03-06.23:25:52::SCWMssOS::LAGS=  -O2 -c -mcpu=v11.0 -mlittle-endian -mno-xl-reorder -mno-xl-soft-mul -mxl-barrel-shift -mxl-pattern-compare" "EXTRA_COMPI
TRACE::2023-03-06.23:25:52::SCWMssOS::LER_FLAGS=-g -ffunction-sections -fdata-sections -Wall -Wextra -fno-tree-loop-distribute-patterns"

TRACE::2023-03-06.23:25:52::SCWMssOS::"Running Make libs in microblaze_0/libsrc/cpu_v2_16/src"

TRACE::2023-03-06.23:25:52::SCWMssOS::make -C microblaze_0/libsrc/cpu_v2_16/src -s libs  "SHELL=CMD" "COMPILER=mb-gcc" "ASSEMBLER=mb-as" "ARCHIVER=mb-ar" "COMPILER_F
TRACE::2023-03-06.23:25:52::SCWMssOS::LAGS=  -O2 -c -mcpu=v11.0 -mlittle-endian -mno-xl-reorder -mno-xl-soft-mul -mxl-barrel-shift -mxl-pattern-compare" "EXTRA_COMPI
TRACE::2023-03-06.23:25:52::SCWMssOS::LER_FLAGS=-g -ffunction-sections -fdata-sections -Wall -Wextra -fno-tree-loop-distribute-patterns"

TRACE::2023-03-06.23:25:52::SCWMssOS::"Running Make libs in microblaze_0/libsrc/gpio_v4_9/src"

TRACE::2023-03-06.23:25:52::SCWMssOS::make -C microblaze_0/libsrc/gpio_v4_9/src -s libs  "SHELL=CMD" "COMPILER=mb-gcc" "ASSEMBLER=mb-as" "ARCHIVER=mb-ar" "COMPILER_F
TRACE::2023-03-06.23:25:52::SCWMssOS::LAGS=  -O2 -c -mcpu=v11.0 -mlittle-endian -mno-xl-reorder -mno-xl-soft-mul -mxl-barrel-shift -mxl-pattern-compare" "EXTRA_COMPI
TRACE::2023-03-06.23:25:52::SCWMssOS::LER_FLAGS=-g -ffunction-sections -fdata-sections -Wall -Wextra -fno-tree-loop-distribute-patterns"

TRACE::2023-03-06.23:25:52::SCWMssOS::"Running Make libs in microblaze_0/libsrc/iic_v3_9/src"

TRACE::2023-03-06.23:25:52::SCWMssOS::make -C microblaze_0/libsrc/iic_v3_9/src -s libs  "SHELL=CMD" "COMPILER=mb-gcc" "ASSEMBLER=mb-as" "ARCHIVER=mb-ar" "COMPILER_FL
TRACE::2023-03-06.23:25:52::SCWMssOS::AGS=  -O2 -c -mcpu=v11.0 -mlittle-endian -mno-xl-reorder -mno-xl-soft-mul -mxl-barrel-shift -mxl-pattern-compare" "EXTRA_COMPIL
TRACE::2023-03-06.23:25:52::SCWMssOS::ER_FLAGS=-g -ffunction-sections -fdata-sections -Wall -Wextra -fno-tree-loop-distribute-patterns"

TRACE::2023-03-06.23:25:52::SCWMssOS::"Running Make libs in microblaze_0/libsrc/intc_v3_15/src"

TRACE::2023-03-06.23:25:52::SCWMssOS::make -C microblaze_0/libsrc/intc_v3_15/src -s libs  "SHELL=CMD" "COMPILER=mb-gcc" "ASSEMBLER=mb-as" "ARCHIVER=mb-ar" "COMPILER_
TRACE::2023-03-06.23:25:52::SCWMssOS::FLAGS=  -O2 -c -mcpu=v11.0 -mlittle-endian -mno-xl-reorder -mno-xl-soft-mul -mxl-barrel-shift -mxl-pattern-compare" "EXTRA_COMP
TRACE::2023-03-06.23:25:52::SCWMssOS::ILER_FLAGS=-g -ffunction-sections -fdata-sections -Wall -Wextra -fno-tree-loop-distribute-patterns"

TRACE::2023-03-06.23:25:52::SCWMssOS::"Running Make libs in microblaze_0/libsrc/standalone_v8_0/src"

TRACE::2023-03-06.23:25:53::SCWMssOS::make -C microblaze_0/libsrc/standalone_v8_0/src -s libs  "SHELL=CMD" "COMPILER=mb-gcc" "ASSEMBLER=mb-as" "ARCHIVER=mb-ar" "COMP
TRACE::2023-03-06.23:25:53::SCWMssOS::ILER_FLAGS=  -O2 -c -mcpu=v11.0 -mlittle-endian -mno-xl-reorder -mno-xl-soft-mul -mxl-barrel-shift -mxl-pattern-compare" "EXTRA
TRACE::2023-03-06.23:25:53::SCWMssOS::_COMPILER_FLAGS=-g -ffunction-sections -fdata-sections -Wall -Wextra -fno-tree-loop-distribute-patterns"

TRACE::2023-03-06.23:25:53::SCWMssOS::"Running Make libs in microblaze_0/libsrc/tmrctr_v4_9/src"

TRACE::2023-03-06.23:25:53::SCWMssOS::make -C microblaze_0/libsrc/tmrctr_v4_9/src -s libs  "SHELL=CMD" "COMPILER=mb-gcc" "ASSEMBLER=mb-as" "ARCHIVER=mb-ar" "COMPILER
TRACE::2023-03-06.23:25:53::SCWMssOS::_FLAGS=  -O2 -c -mcpu=v11.0 -mlittle-endian -mno-xl-reorder -mno-xl-soft-mul -mxl-barrel-shift -mxl-pattern-compare" "EXTRA_COM
TRACE::2023-03-06.23:25:53::SCWMssOS::PILER_FLAGS=-g -ffunction-sections -fdata-sections -Wall -Wextra -fno-tree-loop-distribute-patterns"

TRACE::2023-03-06.23:25:53::SCWMssOS::"Running Make libs in microblaze_0/libsrc/uartlite_v3_7/src"

TRACE::2023-03-06.23:25:53::SCWMssOS::make -C microblaze_0/libsrc/uartlite_v3_7/src -s libs  "SHELL=CMD" "COMPILER=mb-gcc" "ASSEMBLER=mb-as" "ARCHIVER=mb-ar" "COMPIL
TRACE::2023-03-06.23:25:53::SCWMssOS::ER_FLAGS=  -O2 -c -mcpu=v11.0 -mlittle-endian -mno-xl-reorder -mno-xl-soft-mul -mxl-barrel-shift -mxl-pattern-compare" "EXTRA_C
TRACE::2023-03-06.23:25:53::SCWMssOS::OMPILER_FLAGS=-g -ffunction-sections -fdata-sections -Wall -Wextra -fno-tree-loop-distribute-patterns"

TRACE::2023-03-06.23:25:55::SCWMssOS::"DEBUG NON_LTO_OBJECTS is ../../../lib/microblaze_interrupt_handler.o"

TRACE::2023-03-06.23:25:55::SCWMssOS::'Finished building libraries parallelly.'

TRACE::2023-03-06.23:25:55::SCWMssOS::make --no-print-directory archive

TRACE::2023-03-06.23:25:55::SCWMssOS::mb-ar -r  microblaze_0/lib/libxil.a microblaze_0/lib/_exit.o microblaze_0/lib/errno.o microblaze_0/lib/fcntl.o microblaze_0/lib
TRACE::2023-03-06.23:25:55::SCWMssOS::/hw_exception_handler.o microblaze_0/lib/inbyte.o microblaze_0/lib/microblaze_disable_dcache.o microblaze_0/lib/microblaze_disa
TRACE::2023-03-06.23:25:55::SCWMssOS::ble_exceptions.o microblaze_0/lib/microblaze_disable_icache.o microblaze_0/lib/microblaze_disable_interrupts.o microblaze_0/lib
TRACE::2023-03-06.23:25:55::SCWMssOS::/microblaze_enable_dcache.o microblaze_0/lib/microblaze_enable_exceptions.o microblaze_0/lib/microblaze_enable_icache.o microbl
TRACE::2023-03-06.23:25:55::SCWMssOS::aze_0/lib/microblaze_enable_interrupts.o microblaze_0/lib/microblaze_exception_handler.o microblaze_0/lib/microblaze_flush_cach
TRACE::2023-03-06.23:25:55::SCWMssOS::e_ext.o microblaze_0/lib/microblaze_flush_cache_ext_range.o microblaze_0/lib/microblaze_flush_dcache.o microblaze_0/lib/microbl
TRACE::2023-03-06.23:25:55::SCWMssOS::aze_flush_dcache_range.o microblaze_0/lib/microblaze_init_dcache_range.o microblaze_0/lib/microblaze_init_icache_range.o microb
TRACE::2023-03-06.23:25:55::SCWMssOS::laze_0/lib/microblaze_interrupt_handler.o microblaze_0/lib/microblaze_interrupts_g.o microblaze_0/lib/microblaze_invalidate_cac
TRACE::2023-03-06.23:25:55::SCWMssOS::he_ext.o microblaze_0/lib/microblaze_invalidate_cache_ext_range.o microblaze_0/lib/microblaze_invalidate_dcache.o microblaze_0/
TRACE::2023-03-06.23:25:55::SCWMssOS::lib/microblaze_invalidate_dcache_range.o microblaze_0/lib/microblaze_invalidate_icache.o microblaze_0/lib/microblaze_invalidate
TRACE::2023-03-06.23:25:55::SCWMssOS::_icache_range.o microblaze_0/lib/microblaze_scrub.o microblaze_0/lib/microblaze_selftest.o microblaze_0/lib/microblaze_sleep.o 
TRACE::2023-03-06.23:25:55::SCWMssOS::microblaze_0/lib/microblaze_update_dcache.o microblaze_0/lib/microblaze_update_icache.o microblaze_0/lib/outbyte.o microblaze_0
TRACE::2023-03-06.23:25:55::SCWMssOS::/lib/print.o microblaze_0/lib/pvr.o microblaze_0/lib/xaxipcie.o microblaze_0/lib/xaxipcie_g.o microblaze_0/lib/xaxipcie_intr.o 
TRACE::2023-03-06.23:25:55::SCWMssOS::microblaze_0/lib/xaxipcie_sinit.o microblaze_0/lib/xbram.o microblaze_0/lib/xbram_g.o microblaze_0/lib/xbram_intr.o microblaze_
TRACE::2023-03-06.23:25:55::SCWMssOS::0/lib/xbram_selftest.o microblaze_0/lib/xbram_sinit.o microblaze_0/lib/xgpio.o microblaze_0/lib/xgpio_extra.o microblaze_0/lib/
TRACE::2023-03-06.23:25:55::SCWMssOS::xgpio_g.o microblaze_0/lib/xgpio_intr.o microblaze_0/lib/xgpio_selftest.o microblaze_0/lib/xgpio_sinit.o microblaze_0/lib/xiic.
TRACE::2023-03-06.23:25:55::SCWMssOS::o microblaze_0/lib/xiic_dyn_master.o microblaze_0/lib/xiic_g.o microblaze_0/lib/xiic_intr.o microblaze_0/lib/xiic_l.o microblaz
TRACE::2023-03-06.23:25:55::SCWMssOS::e_0/lib/xiic_master.o microblaze_0/lib/xiic_multi_master.o microblaze_0/lib/xiic_options.o microblaze_0/lib/xiic_selftest.o mic
TRACE::2023-03-06.23:25:55::SCWMssOS::roblaze_0/lib/xiic_sinit.o microblaze_0/lib/xiic_slave.o microblaze_0/lib/xiic_stats.o microblaze_0/lib/xil_assert.o microblaze
TRACE::2023-03-06.23:25:55::SCWMssOS::_0/lib/xil_cache.o microblaze_0/lib/xil_clocking.o microblaze_0/lib/xil_exception.o microblaze_0/lib/xil_mem.o microblaze_0/lib
TRACE::2023-03-06.23:25:55::SCWMssOS::/xil_misc_psreset_api.o microblaze_0/lib/xil_printf.o microblaze_0/lib/xil_sleepcommon.o microblaze_0/lib/xil_testcache.o micro
TRACE::2023-03-06.23:25:55::SCWMssOS::blaze_0/lib/xil_testio.o microblaze_0/lib/xil_testmem.o microblaze_0/lib/xil_util.o microblaze_0/lib/xintc.o microblaze_0/lib/x
TRACE::2023-03-06.23:25:55::SCWMssOS::intc_g.o microblaze_0/lib/xintc_intr.o microblaze_0/lib/xintc_l.o microblaze_0/lib/xintc_options.o microblaze_0/lib/xintc_selft
TRACE::2023-03-06.23:25:55::SCWMssOS::est.o microblaze_0/lib/xinterrupt_wrap.o microblaze_0/lib/xio.o microblaze_0/lib/xplatform_info.o microblaze_0/lib/xtmrctr.o mi
TRACE::2023-03-06.23:25:55::SCWMssOS::croblaze_0/lib/xtmrctr_g.o microblaze_0/lib/xtmrctr_intr.o microblaze_0/lib/xtmrctr_l.o microblaze_0/lib/xtmrctr_options.o micr
TRACE::2023-03-06.23:25:55::SCWMssOS::oblaze_0/lib/xtmrctr_selftest.o microblaze_0/lib/xtmrctr_sinit.o microblaze_0/lib/xtmrctr_stats.o microblaze_0/lib/xuartlite.o 
TRACE::2023-03-06.23:25:55::SCWMssOS::microblaze_0/lib/xuartlite_g.o microblaze_0/lib/xuartlite_intr.o microblaze_0/lib/xuartlite_l.o microblaze_0/lib/xuartlite_self
TRACE::2023-03-06.23:25:55::SCWMssOS::test.o microblaze_0/lib/xuartlite_sinit.o microblaze_0/lib/xuartlite_stats.o

TRACE::2023-03-06.23:25:55::SCWMssOS::'Finished building libraries'

TRACE::2023-03-06.23:25:55::SCWMssOS::Copying to export directory.
TRACE::2023-03-06.23:25:56::SCWMssOS:: Checking if to create the Supporting Applications
TRACE::2023-03-06.23:25:56::SCWMssOS:: No Linux domain exists, trying to generate FSBL 
LOG::2023-03-06.23:25:56::SCWSystem::Completed Processing the domain standalone_microblaze_0
LOG::2023-03-06.23:25:56::SCWSystem::Completed Processing the sysconfig mb_preset_wrapper
LOG::2023-03-06.23:25:56::SCWPlatform::Completed generating the artifacts for system configuration mb_preset_wrapper
TRACE::2023-03-06.23:25:56::SCWPlatform::Started preparing the platform 
TRACE::2023-03-06.23:25:56::SCWSystem::Writing the bif file for system config mb_preset_wrapper
TRACE::2023-03-06.23:25:56::SCWSystem::dir created 
TRACE::2023-03-06.23:25:56::SCWSystem::Writing the bif 
TRACE::2023-03-06.23:25:56::SCWPlatform::Started writing the spfm file 
TRACE::2023-03-06.23:25:56::SCWPlatform::Started writing the xpfm file 
TRACE::2023-03-06.23:25:56::SCWPlatform::Completed generating the platform
TRACE::2023-03-06.23:25:56::SCWMssOS::Saving the mss changes D:/Tony/Downloads/RainbowGhost/Code/mircoBlaze_VC707_PCIeV3/VitisV3/mb_preset_wrapper/microblaze_0/standalone_microblaze_0/bsp/system.mss
TRACE::2023-03-06.23:25:56::SCWMssOS::Found a swdesign opened with the mssfile.
TRACE::2023-03-06.23:25:56::SCWMssOS::Completed writemss as part of save.
TRACE::2023-03-06.23:25:56::SCWMssOS::Commit changes completed.
TRACE::2023-03-06.23:25:56::SCWPlatform::Trying to open the hw design at D:/Tony/Downloads/RainbowGhost/Code/mircoBlaze_VC707_PCIeV3/VitisV3/mb_preset_wrapper/hw/mb_preset_wrapper.xsa
TRACE::2023-03-06.23:25:56::SCWPlatform::DSA given D:/Tony/Downloads/RainbowGhost/Code/mircoBlaze_VC707_PCIeV3/VitisV3/mb_preset_wrapper/hw/mb_preset_wrapper.xsa
TRACE::2023-03-06.23:25:56::SCWPlatform::DSA absoulate path D:/Tony/Downloads/RainbowGhost/Code/mircoBlaze_VC707_PCIeV3/VitisV3/mb_preset_wrapper/hw/mb_preset_wrapper.xsa
TRACE::2023-03-06.23:25:56::SCWPlatform::DSA directory D:/Tony/Downloads/RainbowGhost/Code/mircoBlaze_VC707_PCIeV3/VitisV3/mb_preset_wrapper/hw
TRACE::2023-03-06.23:25:56::SCWPlatform:: Platform Path D:/Tony/Downloads/RainbowGhost/Code/mircoBlaze_VC707_PCIeV3/VitisV3/mb_preset_wrapper/hw/mb_preset_wrapper.xsa
TRACE::2023-03-06.23:25:56::SCWPlatform:: Unique name xilinx:vc707::0.0
TRACE::2023-03-06.23:25:56::SCWPlatform::Trying to set the existing hwdb with name mb_preset_wrapper_5
TRACE::2023-03-06.23:25:56::SCWPlatform::Opened existing hwdb mb_preset_wrapper_5
TRACE::2023-03-06.23:25:56::SCWPlatform::Found the Hw Db part of the input DSA
TRACE::2023-03-06.23:25:56::SCWMssOS::Checking the sw design at  D:/Tony/Downloads/RainbowGhost/Code/mircoBlaze_VC707_PCIeV3/VitisV3/mb_preset_wrapper/microblaze_0/standalone_microblaze_0/bsp/system.mss
TRACE::2023-03-06.23:25:56::SCWMssOS::DEBUG:  swdes dump  D:/Tony/Downloads/RainbowGhost/Code/mircoBlaze_VC707_PCIeV3/VitisV3/VC707_PCIEV3_vitisV3/microblaze_0/standalone_domain/bsp/system.mss|system||
D:/Tony/Downloads/RainbowGhost/Code/mircoBlaze_VC707_PCIeV3/VitisV3/mb_preset_wrapper/microblaze_0/standalone_microblaze_0/bsp/system.mss|system_0||

TRACE::2023-03-06.23:25:56::SCWMssOS::Sw design exists and opened at  D:/Tony/Downloads/RainbowGhost/Code/mircoBlaze_VC707_PCIeV3/VitisV3/mb_preset_wrapper/microblaze_0/standalone_microblaze_0/bsp/system.mss
TRACE::2023-03-06.23:25:56::SCWPlatform::Trying to open the hw design at D:/Tony/Downloads/RainbowGhost/Code/mircoBlaze_VC707_PCIeV3/VitisV3/mb_preset_wrapper/hw/mb_preset_wrapper.xsa
TRACE::2023-03-06.23:25:56::SCWPlatform::DSA given D:/Tony/Downloads/RainbowGhost/Code/mircoBlaze_VC707_PCIeV3/VitisV3/mb_preset_wrapper/hw/mb_preset_wrapper.xsa
TRACE::2023-03-06.23:25:56::SCWPlatform::DSA absoulate path D:/Tony/Downloads/RainbowGhost/Code/mircoBlaze_VC707_PCIeV3/VitisV3/mb_preset_wrapper/hw/mb_preset_wrapper.xsa
TRACE::2023-03-06.23:25:56::SCWPlatform::DSA directory D:/Tony/Downloads/RainbowGhost/Code/mircoBlaze_VC707_PCIeV3/VitisV3/mb_preset_wrapper/hw
TRACE::2023-03-06.23:25:56::SCWPlatform:: Platform Path D:/Tony/Downloads/RainbowGhost/Code/mircoBlaze_VC707_PCIeV3/VitisV3/mb_preset_wrapper/hw/mb_preset_wrapper.xsa
TRACE::2023-03-06.23:25:56::SCWPlatform:: Unique name xilinx:vc707::0.0
TRACE::2023-03-06.23:25:56::SCWPlatform::Trying to set the existing hwdb with name mb_preset_wrapper_5
TRACE::2023-03-06.23:25:56::SCWPlatform::Opened existing hwdb mb_preset_wrapper_5
TRACE::2023-03-06.23:25:56::SCWPlatform::Found the Hw Db part of the input DSA
TRACE::2023-03-06.23:25:56::SCWMssOS::Checking the sw design at  D:/Tony/Downloads/RainbowGhost/Code/mircoBlaze_VC707_PCIeV3/VitisV3/mb_preset_wrapper/microblaze_0/standalone_microblaze_0/bsp/system.mss
TRACE::2023-03-06.23:25:56::SCWMssOS::DEBUG:  swdes dump  D:/Tony/Downloads/RainbowGhost/Code/mircoBlaze_VC707_PCIeV3/VitisV3/VC707_PCIEV3_vitisV3/microblaze_0/standalone_domain/bsp/system.mss|system||
D:/Tony/Downloads/RainbowGhost/Code/mircoBlaze_VC707_PCIeV3/VitisV3/mb_preset_wrapper/microblaze_0/standalone_microblaze_0/bsp/system.mss|system_0||

TRACE::2023-03-06.23:25:56::SCWMssOS::Sw design exists and opened at  D:/Tony/Downloads/RainbowGhost/Code/mircoBlaze_VC707_PCIeV3/VitisV3/mb_preset_wrapper/microblaze_0/standalone_microblaze_0/bsp/system.mss
TRACE::2023-03-06.23:25:56::SCWPlatform::Trying to open the hw design at D:/Tony/Downloads/RainbowGhost/Code/mircoBlaze_VC707_PCIeV3/VitisV3/mb_preset_wrapper/hw/mb_preset_wrapper.xsa
TRACE::2023-03-06.23:25:56::SCWPlatform::DSA given D:/Tony/Downloads/RainbowGhost/Code/mircoBlaze_VC707_PCIeV3/VitisV3/mb_preset_wrapper/hw/mb_preset_wrapper.xsa
TRACE::2023-03-06.23:25:56::SCWPlatform::DSA absoulate path D:/Tony/Downloads/RainbowGhost/Code/mircoBlaze_VC707_PCIeV3/VitisV3/mb_preset_wrapper/hw/mb_preset_wrapper.xsa
TRACE::2023-03-06.23:25:56::SCWPlatform::DSA directory D:/Tony/Downloads/RainbowGhost/Code/mircoBlaze_VC707_PCIeV3/VitisV3/mb_preset_wrapper/hw
TRACE::2023-03-06.23:25:56::SCWPlatform:: Platform Path D:/Tony/Downloads/RainbowGhost/Code/mircoBlaze_VC707_PCIeV3/VitisV3/mb_preset_wrapper/hw/mb_preset_wrapper.xsa
TRACE::2023-03-06.23:25:56::SCWPlatform:: Unique name xilinx:vc707::0.0
TRACE::2023-03-06.23:25:56::SCWPlatform::Trying to set the existing hwdb with name mb_preset_wrapper_5
TRACE::2023-03-06.23:25:56::SCWPlatform::Opened existing hwdb mb_preset_wrapper_5
TRACE::2023-03-06.23:25:56::SCWPlatform::Found the Hw Db part of the input DSA
TRACE::2023-03-06.23:25:56::SCWMssOS::Checking the sw design at  D:/Tony/Downloads/RainbowGhost/Code/mircoBlaze_VC707_PCIeV3/VitisV3/mb_preset_wrapper/microblaze_0/standalone_microblaze_0/bsp/system.mss
TRACE::2023-03-06.23:25:56::SCWMssOS::DEBUG:  swdes dump  D:/Tony/Downloads/RainbowGhost/Code/mircoBlaze_VC707_PCIeV3/VitisV3/VC707_PCIEV3_vitisV3/microblaze_0/standalone_domain/bsp/system.mss|system||
D:/Tony/Downloads/RainbowGhost/Code/mircoBlaze_VC707_PCIeV3/VitisV3/mb_preset_wrapper/microblaze_0/standalone_microblaze_0/bsp/system.mss|system_0||

TRACE::2023-03-06.23:25:56::SCWMssOS::Sw design exists and opened at  D:/Tony/Downloads/RainbowGhost/Code/mircoBlaze_VC707_PCIeV3/VitisV3/mb_preset_wrapper/microblaze_0/standalone_microblaze_0/bsp/system.mss
TRACE::2023-03-06.23:25:56::SCWWriter::formatted JSON is {
	"platformName":	"mb_preset_wrapper",
	"sprVersion":	"2.0",
	"mode":	"gui",
	"dsaType":	"Fixed",
	"platformDesc":	"mb_preset_wrapper",
	"platHandOff":	"D:/Tony/Downloads/RainbowGhost/Code/mircoBlaze_VC707_PCIeV3/mb_preset_wrapper.xsa",
	"platIntHandOff":	"<platformDir>/hw/mb_preset_wrapper.xsa",
	"deviceType":	"FPGA",
	"platIsPrebuiltAutogen":	"false",
	"platIsNoBootBsp":	"false",
	"hasFsblMakeHasChanges":	"false",
	"hasPmufwMakeHasChanges":	"false",
	"platPreBuiltFlag":	false,
	"platformSamplesDir":	"",
	"platActiveSys":	"mb_preset_wrapper",
	"systems":	[{
			"systemName":	"mb_preset_wrapper",
			"systemDesc":	"mb_preset_wrapper",
			"sysIsBootAutoGen":	"true",
			"systemDispName":	"mb_preset_wrapper",
			"sysActiveDom":	"standalone_microblaze_0",
			"sysDefaultDom":	"standalone_microblaze_0",
			"domains":	[{
					"domainName":	"standalone_microblaze_0",
					"domainDispName":	"standalone_microblaze_0",
					"domainDesc":	"standalone_microblaze_0",
					"processors":	"microblaze_0",
					"os":	"standalone",
					"sdxOs":	"standalone",
					"debugEnable":	"False",
					"domRuntimes":	["cpp"],
					"swRepo":	"",
					"mssOsVer":	"8.0",
					"mssFile":	"",
					"md5Digest":	"33601cc0dd278a2aadea2f1f8f9df61e",
					"compatibleApp":	"hello_world",
					"domType":	"mssDomain",
					"arch":	"32-bit",
					"appSettings":	{
						"appCompilerFlags":	"",
						"appLinkerFlags":	""
					},
					"addedLibs":	[],
					"libOptions":	{
						"libsContainingOptions":	[]
					},
					"prebuiltLibs":	{
						"prebuiltIncPath":	[],
						"prebuiltLibPath":	[]
					},
					"isolation":	{
					}
				}]
		}]
}
KEYINFO::2023-03-06.23:25:56::SCWPlatform::updated the xpfm file.
TRACE::2023-03-06.23:25:56::SCWPlatform::Trying to open the hw design at D:/Tony/Downloads/RainbowGhost/Code/mircoBlaze_VC707_PCIeV3/VitisV3/mb_preset_wrapper/hw/mb_preset_wrapper.xsa
TRACE::2023-03-06.23:25:56::SCWPlatform::DSA given D:/Tony/Downloads/RainbowGhost/Code/mircoBlaze_VC707_PCIeV3/VitisV3/mb_preset_wrapper/hw/mb_preset_wrapper.xsa
TRACE::2023-03-06.23:25:56::SCWPlatform::DSA absoulate path D:/Tony/Downloads/RainbowGhost/Code/mircoBlaze_VC707_PCIeV3/VitisV3/mb_preset_wrapper/hw/mb_preset_wrapper.xsa
TRACE::2023-03-06.23:25:56::SCWPlatform::DSA directory D:/Tony/Downloads/RainbowGhost/Code/mircoBlaze_VC707_PCIeV3/VitisV3/mb_preset_wrapper/hw
TRACE::2023-03-06.23:25:56::SCWPlatform:: Platform Path D:/Tony/Downloads/RainbowGhost/Code/mircoBlaze_VC707_PCIeV3/VitisV3/mb_preset_wrapper/hw/mb_preset_wrapper.xsa
TRACE::2023-03-06.23:25:56::SCWPlatform:: Unique name xilinx:vc707::0.0
TRACE::2023-03-06.23:25:56::SCWPlatform::Trying to set the existing hwdb with name mb_preset_wrapper_5
TRACE::2023-03-06.23:25:56::SCWPlatform::Opened existing hwdb mb_preset_wrapper_5
TRACE::2023-03-06.23:25:56::SCWPlatform::Found the Hw Db part of the input DSA
TRACE::2023-03-06.23:25:56::SCWMssOS::Checking the sw design at  D:/Tony/Downloads/RainbowGhost/Code/mircoBlaze_VC707_PCIeV3/VitisV3/mb_preset_wrapper/microblaze_0/standalone_microblaze_0/bsp/system.mss
TRACE::2023-03-06.23:25:56::SCWMssOS::DEBUG:  swdes dump  D:/Tony/Downloads/RainbowGhost/Code/mircoBlaze_VC707_PCIeV3/VitisV3/VC707_PCIEV3_vitisV3/microblaze_0/standalone_domain/bsp/system.mss|system||
D:/Tony/Downloads/RainbowGhost/Code/mircoBlaze_VC707_PCIeV3/VitisV3/mb_preset_wrapper/microblaze_0/standalone_microblaze_0/bsp/system.mss|system_0||

TRACE::2023-03-06.23:25:56::SCWMssOS::Sw design exists and opened at  D:/Tony/Downloads/RainbowGhost/Code/mircoBlaze_VC707_PCIeV3/VitisV3/mb_preset_wrapper/microblaze_0/standalone_microblaze_0/bsp/system.mss
