
*** Running vivado
    with args -log mb_preset_util_ds_buf_0_0.vds -m64 -product Vivado -mode batch -messageDb vivado.pb -notrace -source mb_preset_util_ds_buf_0_0.tcl



****** Vivado v2022.2 (64-bit)
  **** SW Build 3671981 on Fri Oct 14 05:00:03 MDT 2022
  **** IP Build 3669848 on Fri Oct 14 08:30:02 MDT 2022
    ** Copyright 1986-2022 Xilinx, Inc. All Rights Reserved.

source mb_preset_util_ds_buf_0_0.tcl -notrace
create_project: Time (s): cpu = 00:00:14 ; elapsed = 00:00:22 . Memory (MB): peak = 434.961 ; gain = 87.117
INFO: [IP_Flow 19-6924] IPCACHE: Running cache check for IP inst: mb_preset_util_ds_buf_0_0
Command: synth_design -top mb_preset_util_ds_buf_0_0 -part xc7vx485tffg1761-2 -incremental_mode off -mode out_of_context
Starting synth_design
Attempting to get a license for feature 'Synthesis' and/or device 'xc7vx485t'
INFO: [Common 17-349] Got license for feature 'Synthesis' and/or device 'xc7vx485t'
INFO: [Common 17-86] Your Synthesis license expires in 17 day(s)
INFO: [Device 21-403] Loading part xc7vx485tffg1761-2
INFO: [Synth 8-7079] Multithreading enabled for synth_design using a maximum of 2 processes.
INFO: [Synth 8-7078] Launching helper process for spawning children vivado processes
INFO: [Synth 8-7075] Helper process launched with PID 20596
INFO: [Synth 8-11241] undeclared symbol 'REGCCE', assumed default net type 'wire' [D:/Xilinx/Vivado/2022.2/data/verilog/src/unimacro/BRAM_SINGLE_MACRO.v:2170]
---------------------------------------------------------------------------------
Starting RTL Elaboration : Time (s): cpu = 00:00:12 ; elapsed = 00:00:21 . Memory (MB): peak = 1429.070 ; gain = 407.441
---------------------------------------------------------------------------------
INFO: [Synth 8-638] synthesizing module 'mb_preset_util_ds_buf_0_0' [d:/Tony/Downloads/RainbowGhost/Code/mircoBlaze_VC707_PCIeV2/mircoBlaze_VC707_PCIeV2.gen/sources_1/bd/mb_preset/ip/mb_preset_util_ds_buf_0_0/synth/mb_preset_util_ds_buf_0_0.vhd:65]
	Parameter C_BUF_TYPE bound to: ibufdsgte2 - type: string 
	Parameter C_SIZE bound to: 1 - type: integer 
	Parameter C_BUFGCE_DIV bound to: 1 - type: integer 
	Parameter C_BUFG_GT_SYNC bound to: 0 - type: integer 
	Parameter C_SIM_DEVICE bound to: VERSAL_AI_CORE_ES1 - type: string 
	Parameter C_OBUFDS_GTE5_ADV bound to: 2'b00 
	Parameter C_REFCLK_ICNTL_TX bound to: 5'b00000 
INFO: [Synth 8-3491] module 'util_ds_buf' declared at 'd:/Tony/Downloads/RainbowGhost/Code/mircoBlaze_VC707_PCIeV2/mircoBlaze_VC707_PCIeV2.gen/sources_1/bd/mb_preset/ip/mb_preset_util_ds_buf_0_0/util_ds_buf.vhd:72' bound to instance 'U0' of component 'util_ds_buf' [d:/Tony/Downloads/RainbowGhost/Code/mircoBlaze_VC707_PCIeV2/mircoBlaze_VC707_PCIeV2.gen/sources_1/bd/mb_preset/ip/mb_preset_util_ds_buf_0_0/synth/mb_preset_util_ds_buf_0_0.vhd:204]
INFO: [Synth 8-638] synthesizing module 'util_ds_buf' [d:/Tony/Downloads/RainbowGhost/Code/mircoBlaze_VC707_PCIeV2/mircoBlaze_VC707_PCIeV2.gen/sources_1/bd/mb_preset/ip/mb_preset_util_ds_buf_0_0/util_ds_buf.vhd:251]
INFO: [Synth 8-113] binding component instance 'IBUF_P_I' to cell 'IBUF' [d:/Tony/Downloads/RainbowGhost/Code/mircoBlaze_VC707_PCIeV2/mircoBlaze_VC707_PCIeV2.gen/sources_1/bd/mb_preset/ip/mb_preset_util_ds_buf_0_0/util_ds_buf.vhd:300]
INFO: [Synth 8-113] binding component instance 'IBUF_N_I' to cell 'IBUF' [d:/Tony/Downloads/RainbowGhost/Code/mircoBlaze_VC707_PCIeV2/mircoBlaze_VC707_PCIeV2.gen/sources_1/bd/mb_preset/ip/mb_preset_util_ds_buf_0_0/util_ds_buf.vhd:302]
INFO: [Synth 8-113] binding component instance 'IBUFDS_GTE2_I' to cell 'IBUFDS_GTE2' [d:/Tony/Downloads/RainbowGhost/Code/mircoBlaze_VC707_PCIeV2/mircoBlaze_VC707_PCIeV2.gen/sources_1/bd/mb_preset/ip/mb_preset_util_ds_buf_0_0/util_ds_buf.vhd:304]
INFO: [Synth 8-256] done synthesizing module 'util_ds_buf' (0#1) [d:/Tony/Downloads/RainbowGhost/Code/mircoBlaze_VC707_PCIeV2/mircoBlaze_VC707_PCIeV2.gen/sources_1/bd/mb_preset/ip/mb_preset_util_ds_buf_0_0/util_ds_buf.vhd:251]
INFO: [Synth 8-256] done synthesizing module 'mb_preset_util_ds_buf_0_0' (0#1) [d:/Tony/Downloads/RainbowGhost/Code/mircoBlaze_VC707_PCIeV2/mircoBlaze_VC707_PCIeV2.gen/sources_1/bd/mb_preset/ip/mb_preset_util_ds_buf_0_0/synth/mb_preset_util_ds_buf_0_0.vhd:65]
WARNING: [Synth 8-3848] Net BUFG_O in module/entity util_ds_buf does not have driver. [d:/Tony/Downloads/RainbowGhost/Code/mircoBlaze_VC707_PCIeV2/mircoBlaze_VC707_PCIeV2.gen/sources_1/bd/mb_preset/ip/mb_preset_util_ds_buf_0_0/util_ds_buf.vhd:109]
WARNING: [Synth 8-3848] Net BUFGCE_O in module/entity util_ds_buf does not have driver. [d:/Tony/Downloads/RainbowGhost/Code/mircoBlaze_VC707_PCIeV2/mircoBlaze_VC707_PCIeV2.gen/sources_1/bd/mb_preset/ip/mb_preset_util_ds_buf_0_0/util_ds_buf.vhd:114]
WARNING: [Synth 8-3848] Net BUFH_O in module/entity util_ds_buf does not have driver. [d:/Tony/Downloads/RainbowGhost/Code/mircoBlaze_VC707_PCIeV2/mircoBlaze_VC707_PCIeV2.gen/sources_1/bd/mb_preset/ip/mb_preset_util_ds_buf_0_0/util_ds_buf.vhd:119]
WARNING: [Synth 8-3848] Net BUFHCE_O in module/entity util_ds_buf does not have driver. [d:/Tony/Downloads/RainbowGhost/Code/mircoBlaze_VC707_PCIeV2/mircoBlaze_VC707_PCIeV2.gen/sources_1/bd/mb_preset/ip/mb_preset_util_ds_buf_0_0/util_ds_buf.vhd:124]
WARNING: [Synth 8-3848] Net BUFG_FABRIC_O in module/entity util_ds_buf does not have driver. [d:/Tony/Downloads/RainbowGhost/Code/mircoBlaze_VC707_PCIeV2/mircoBlaze_VC707_PCIeV2.gen/sources_1/bd/mb_preset/ip/mb_preset_util_ds_buf_0_0/util_ds_buf.vhd:128]
WARNING: [Synth 8-3848] Net OBUFDS_GTE5_O in module/entity util_ds_buf does not have driver. [d:/Tony/Downloads/RainbowGhost/Code/mircoBlaze_VC707_PCIeV2/mircoBlaze_VC707_PCIeV2.gen/sources_1/bd/mb_preset/ip/mb_preset_util_ds_buf_0_0/util_ds_buf.vhd:133]
WARNING: [Synth 8-3848] Net OBUFDS_GTE5_OB in module/entity util_ds_buf does not have driver. [d:/Tony/Downloads/RainbowGhost/Code/mircoBlaze_VC707_PCIeV2/mircoBlaze_VC707_PCIeV2.gen/sources_1/bd/mb_preset/ip/mb_preset_util_ds_buf_0_0/util_ds_buf.vhd:134]
WARNING: [Synth 8-3848] Net OBUFDS_GTE5_ADV_O in module/entity util_ds_buf does not have driver. [d:/Tony/Downloads/RainbowGhost/Code/mircoBlaze_VC707_PCIeV2/mircoBlaze_VC707_PCIeV2.gen/sources_1/bd/mb_preset/ip/mb_preset_util_ds_buf_0_0/util_ds_buf.vhd:139]
WARNING: [Synth 8-3848] Net OBUFDS_GTE5_ADV_OB in module/entity util_ds_buf does not have driver. [d:/Tony/Downloads/RainbowGhost/Code/mircoBlaze_VC707_PCIeV2/mircoBlaze_VC707_PCIeV2.gen/sources_1/bd/mb_preset/ip/mb_preset_util_ds_buf_0_0/util_ds_buf.vhd:140]
WARNING: [Synth 8-3848] Net OBUFDS_GTE3_O in module/entity util_ds_buf does not have driver. [d:/Tony/Downloads/RainbowGhost/Code/mircoBlaze_VC707_PCIeV2/mircoBlaze_VC707_PCIeV2.gen/sources_1/bd/mb_preset/ip/mb_preset_util_ds_buf_0_0/util_ds_buf.vhd:146]
WARNING: [Synth 8-3848] Net OBUFDS_GTE3_OB in module/entity util_ds_buf does not have driver. [d:/Tony/Downloads/RainbowGhost/Code/mircoBlaze_VC707_PCIeV2/mircoBlaze_VC707_PCIeV2.gen/sources_1/bd/mb_preset/ip/mb_preset_util_ds_buf_0_0/util_ds_buf.vhd:147]
WARNING: [Synth 8-3848] Net OBUFDS_GTE3_ADV_O in module/entity util_ds_buf does not have driver. [d:/Tony/Downloads/RainbowGhost/Code/mircoBlaze_VC707_PCIeV2/mircoBlaze_VC707_PCIeV2.gen/sources_1/bd/mb_preset/ip/mb_preset_util_ds_buf_0_0/util_ds_buf.vhd:152]
WARNING: [Synth 8-3848] Net OBUFDS_GTE3_ADV_OB in module/entity util_ds_buf does not have driver. [d:/Tony/Downloads/RainbowGhost/Code/mircoBlaze_VC707_PCIeV2/mircoBlaze_VC707_PCIeV2.gen/sources_1/bd/mb_preset/ip/mb_preset_util_ds_buf_0_0/util_ds_buf.vhd:153]
WARNING: [Synth 8-3848] Net OBUFDS_GTE4_O in module/entity util_ds_buf does not have driver. [d:/Tony/Downloads/RainbowGhost/Code/mircoBlaze_VC707_PCIeV2/mircoBlaze_VC707_PCIeV2.gen/sources_1/bd/mb_preset/ip/mb_preset_util_ds_buf_0_0/util_ds_buf.vhd:159]
WARNING: [Synth 8-3848] Net OBUFDS_GTE4_OB in module/entity util_ds_buf does not have driver. [d:/Tony/Downloads/RainbowGhost/Code/mircoBlaze_VC707_PCIeV2/mircoBlaze_VC707_PCIeV2.gen/sources_1/bd/mb_preset/ip/mb_preset_util_ds_buf_0_0/util_ds_buf.vhd:160]
WARNING: [Synth 8-3848] Net OBUFDS_GTE4_ADV_O in module/entity util_ds_buf does not have driver. [d:/Tony/Downloads/RainbowGhost/Code/mircoBlaze_VC707_PCIeV2/mircoBlaze_VC707_PCIeV2.gen/sources_1/bd/mb_preset/ip/mb_preset_util_ds_buf_0_0/util_ds_buf.vhd:165]
WARNING: [Synth 8-3848] Net OBUFDS_GTE4_ADV_OB in module/entity util_ds_buf does not have driver. [d:/Tony/Downloads/RainbowGhost/Code/mircoBlaze_VC707_PCIeV2/mircoBlaze_VC707_PCIeV2.gen/sources_1/bd/mb_preset/ip/mb_preset_util_ds_buf_0_0/util_ds_buf.vhd:166]
WARNING: [Synth 8-3848] Net IBUFDS_GTM_O in module/entity util_ds_buf does not have driver. [d:/Tony/Downloads/RainbowGhost/Code/mircoBlaze_VC707_PCIeV2/mircoBlaze_VC707_PCIeV2.gen/sources_1/bd/mb_preset/ip/mb_preset_util_ds_buf_0_0/util_ds_buf.vhd:170]
WARNING: [Synth 8-3848] Net IBUFDS_GTM_ODIV2 in module/entity util_ds_buf does not have driver. [d:/Tony/Downloads/RainbowGhost/Code/mircoBlaze_VC707_PCIeV2/mircoBlaze_VC707_PCIeV2.gen/sources_1/bd/mb_preset/ip/mb_preset_util_ds_buf_0_0/util_ds_buf.vhd:171]
WARNING: [Synth 8-3848] Net OBUFDS_GTM_O in module/entity util_ds_buf does not have driver. [d:/Tony/Downloads/RainbowGhost/Code/mircoBlaze_VC707_PCIeV2/mircoBlaze_VC707_PCIeV2.gen/sources_1/bd/mb_preset/ip/mb_preset_util_ds_buf_0_0/util_ds_buf.vhd:177]
WARNING: [Synth 8-3848] Net OBUFDS_GTM_OB in module/entity util_ds_buf does not have driver. [d:/Tony/Downloads/RainbowGhost/Code/mircoBlaze_VC707_PCIeV2/mircoBlaze_VC707_PCIeV2.gen/sources_1/bd/mb_preset/ip/mb_preset_util_ds_buf_0_0/util_ds_buf.vhd:178]
WARNING: [Synth 8-3848] Net OBUFDS_GTM_ADV_O in module/entity util_ds_buf does not have driver. [d:/Tony/Downloads/RainbowGhost/Code/mircoBlaze_VC707_PCIeV2/mircoBlaze_VC707_PCIeV2.gen/sources_1/bd/mb_preset/ip/mb_preset_util_ds_buf_0_0/util_ds_buf.vhd:185]
WARNING: [Synth 8-3848] Net OBUFDS_GTM_ADV_OB in module/entity util_ds_buf does not have driver. [d:/Tony/Downloads/RainbowGhost/Code/mircoBlaze_VC707_PCIeV2/mircoBlaze_VC707_PCIeV2.gen/sources_1/bd/mb_preset/ip/mb_preset_util_ds_buf_0_0/util_ds_buf.vhd:186]
WARNING: [Synth 8-3848] Net IBUFDS_GTME5_O in module/entity util_ds_buf does not have driver. [d:/Tony/Downloads/RainbowGhost/Code/mircoBlaze_VC707_PCIeV2/mircoBlaze_VC707_PCIeV2.gen/sources_1/bd/mb_preset/ip/mb_preset_util_ds_buf_0_0/util_ds_buf.vhd:189]
WARNING: [Synth 8-3848] Net IBUFDS_GTME5_ODIV2 in module/entity util_ds_buf does not have driver. [d:/Tony/Downloads/RainbowGhost/Code/mircoBlaze_VC707_PCIeV2/mircoBlaze_VC707_PCIeV2.gen/sources_1/bd/mb_preset/ip/mb_preset_util_ds_buf_0_0/util_ds_buf.vhd:190]
WARNING: [Synth 8-3848] Net OBUFDS_GTME5_O in module/entity util_ds_buf does not have driver. [d:/Tony/Downloads/RainbowGhost/Code/mircoBlaze_VC707_PCIeV2/mircoBlaze_VC707_PCIeV2.gen/sources_1/bd/mb_preset/ip/mb_preset_util_ds_buf_0_0/util_ds_buf.vhd:198]
WARNING: [Synth 8-3848] Net OBUFDS_GTME5_OB in module/entity util_ds_buf does not have driver. [d:/Tony/Downloads/RainbowGhost/Code/mircoBlaze_VC707_PCIeV2/mircoBlaze_VC707_PCIeV2.gen/sources_1/bd/mb_preset/ip/mb_preset_util_ds_buf_0_0/util_ds_buf.vhd:199]
WARNING: [Synth 8-3848] Net OBUFDS_GTME5_ADV_O in module/entity util_ds_buf does not have driver. [d:/Tony/Downloads/RainbowGhost/Code/mircoBlaze_VC707_PCIeV2/mircoBlaze_VC707_PCIeV2.gen/sources_1/bd/mb_preset/ip/mb_preset_util_ds_buf_0_0/util_ds_buf.vhd:205]
WARNING: [Synth 8-3848] Net OBUFDS_GTME5_ADV_OB in module/entity util_ds_buf does not have driver. [d:/Tony/Downloads/RainbowGhost/Code/mircoBlaze_VC707_PCIeV2/mircoBlaze_VC707_PCIeV2.gen/sources_1/bd/mb_preset/ip/mb_preset_util_ds_buf_0_0/util_ds_buf.vhd:206]
WARNING: [Synth 8-3848] Net BUFG_GT_O in module/entity util_ds_buf does not have driver. [d:/Tony/Downloads/RainbowGhost/Code/mircoBlaze_VC707_PCIeV2/mircoBlaze_VC707_PCIeV2.gen/sources_1/bd/mb_preset/ip/mb_preset_util_ds_buf_0_0/util_ds_buf.vhd:216]
WARNING: [Synth 8-3848] Net BUFG_PS_O in module/entity util_ds_buf does not have driver. [d:/Tony/Downloads/RainbowGhost/Code/mircoBlaze_VC707_PCIeV2/mircoBlaze_VC707_PCIeV2.gen/sources_1/bd/mb_preset/ip/mb_preset_util_ds_buf_0_0/util_ds_buf.vhd:220]
WARNING: [Synth 8-3848] Net MBUFG_GT_O1 in module/entity util_ds_buf does not have driver. [d:/Tony/Downloads/RainbowGhost/Code/mircoBlaze_VC707_PCIeV2/mircoBlaze_VC707_PCIeV2.gen/sources_1/bd/mb_preset/ip/mb_preset_util_ds_buf_0_0/util_ds_buf.vhd:232]
WARNING: [Synth 8-3848] Net MBUFG_GT_O2 in module/entity util_ds_buf does not have driver. [d:/Tony/Downloads/RainbowGhost/Code/mircoBlaze_VC707_PCIeV2/mircoBlaze_VC707_PCIeV2.gen/sources_1/bd/mb_preset/ip/mb_preset_util_ds_buf_0_0/util_ds_buf.vhd:233]
WARNING: [Synth 8-3848] Net MBUFG_GT_O3 in module/entity util_ds_buf does not have driver. [d:/Tony/Downloads/RainbowGhost/Code/mircoBlaze_VC707_PCIeV2/mircoBlaze_VC707_PCIeV2.gen/sources_1/bd/mb_preset/ip/mb_preset_util_ds_buf_0_0/util_ds_buf.vhd:234]
WARNING: [Synth 8-3848] Net MBUFG_GT_O4 in module/entity util_ds_buf does not have driver. [d:/Tony/Downloads/RainbowGhost/Code/mircoBlaze_VC707_PCIeV2/mircoBlaze_VC707_PCIeV2.gen/sources_1/bd/mb_preset/ip/mb_preset_util_ds_buf_0_0/util_ds_buf.vhd:235]
WARNING: [Synth 8-3848] Net MBUFG_PS_O1 in module/entity util_ds_buf does not have driver. [d:/Tony/Downloads/RainbowGhost/Code/mircoBlaze_VC707_PCIeV2/mircoBlaze_VC707_PCIeV2.gen/sources_1/bd/mb_preset/ip/mb_preset_util_ds_buf_0_0/util_ds_buf.vhd:240]
WARNING: [Synth 8-3848] Net MBUFG_PS_O2 in module/entity util_ds_buf does not have driver. [d:/Tony/Downloads/RainbowGhost/Code/mircoBlaze_VC707_PCIeV2/mircoBlaze_VC707_PCIeV2.gen/sources_1/bd/mb_preset/ip/mb_preset_util_ds_buf_0_0/util_ds_buf.vhd:241]
WARNING: [Synth 8-3848] Net MBUFG_PS_O3 in module/entity util_ds_buf does not have driver. [d:/Tony/Downloads/RainbowGhost/Code/mircoBlaze_VC707_PCIeV2/mircoBlaze_VC707_PCIeV2.gen/sources_1/bd/mb_preset/ip/mb_preset_util_ds_buf_0_0/util_ds_buf.vhd:242]
WARNING: [Synth 8-3848] Net MBUFG_PS_O4 in module/entity util_ds_buf does not have driver. [d:/Tony/Downloads/RainbowGhost/Code/mircoBlaze_VC707_PCIeV2/mircoBlaze_VC707_PCIeV2.gen/sources_1/bd/mb_preset/ip/mb_preset_util_ds_buf_0_0/util_ds_buf.vhd:243]
WARNING: [Synth 8-7129] Port BUFG_O[0] in module util_ds_buf is either unconnected or has no load
WARNING: [Synth 8-7129] Port BUFGCE_O[0] in module util_ds_buf is either unconnected or has no load
WARNING: [Synth 8-7129] Port BUFH_O[0] in module util_ds_buf is either unconnected or has no load
WARNING: [Synth 8-7129] Port BUFHCE_O[0] in module util_ds_buf is either unconnected or has no load
WARNING: [Synth 8-7129] Port BUFG_FABRIC_O[0] in module util_ds_buf is either unconnected or has no load
WARNING: [Synth 8-7129] Port OBUFDS_GTE5_O[0] in module util_ds_buf is either unconnected or has no load
WARNING: [Synth 8-7129] Port OBUFDS_GTE5_OB[0] in module util_ds_buf is either unconnected or has no load
WARNING: [Synth 8-7129] Port OBUFDS_GTE5_ADV_O[0] in module util_ds_buf is either unconnected or has no load
WARNING: [Synth 8-7129] Port OBUFDS_GTE5_ADV_OB[0] in module util_ds_buf is either unconnected or has no load
WARNING: [Synth 8-7129] Port OBUFDS_GTE3_O[0] in module util_ds_buf is either unconnected or has no load
WARNING: [Synth 8-7129] Port OBUFDS_GTE3_OB[0] in module util_ds_buf is either unconnected or has no load
WARNING: [Synth 8-7129] Port OBUFDS_GTE3_ADV_O[0] in module util_ds_buf is either unconnected or has no load
WARNING: [Synth 8-7129] Port OBUFDS_GTE3_ADV_OB[0] in module util_ds_buf is either unconnected or has no load
WARNING: [Synth 8-7129] Port OBUFDS_GTE4_O[0] in module util_ds_buf is either unconnected or has no load
WARNING: [Synth 8-7129] Port OBUFDS_GTE4_OB[0] in module util_ds_buf is either unconnected or has no load
WARNING: [Synth 8-7129] Port OBUFDS_GTE4_ADV_O[0] in module util_ds_buf is either unconnected or has no load
WARNING: [Synth 8-7129] Port OBUFDS_GTE4_ADV_OB[0] in module util_ds_buf is either unconnected or has no load
WARNING: [Synth 8-7129] Port IBUFDS_GTM_O[0] in module util_ds_buf is either unconnected or has no load
WARNING: [Synth 8-7129] Port IBUFDS_GTM_ODIV2[0] in module util_ds_buf is either unconnected or has no load
WARNING: [Synth 8-7129] Port OBUFDS_GTM_O[0] in module util_ds_buf is either unconnected or has no load
WARNING: [Synth 8-7129] Port OBUFDS_GTM_OB[0] in module util_ds_buf is either unconnected or has no load
WARNING: [Synth 8-7129] Port OBUFDS_GTM_ADV_O[0] in module util_ds_buf is either unconnected or has no load
WARNING: [Synth 8-7129] Port OBUFDS_GTM_ADV_OB[0] in module util_ds_buf is either unconnected or has no load
WARNING: [Synth 8-7129] Port IBUFDS_GTME5_O[0] in module util_ds_buf is either unconnected or has no load
WARNING: [Synth 8-7129] Port IBUFDS_GTME5_ODIV2[0] in module util_ds_buf is either unconnected or has no load
WARNING: [Synth 8-7129] Port OBUFDS_GTME5_O[0] in module util_ds_buf is either unconnected or has no load
WARNING: [Synth 8-7129] Port OBUFDS_GTME5_OB[0] in module util_ds_buf is either unconnected or has no load
WARNING: [Synth 8-7129] Port OBUFDS_GTME5_ADV_O[0] in module util_ds_buf is either unconnected or has no load
WARNING: [Synth 8-7129] Port OBUFDS_GTME5_ADV_OB[0] in module util_ds_buf is either unconnected or has no load
WARNING: [Synth 8-7129] Port BUFG_GT_O[0] in module util_ds_buf is either unconnected or has no load
WARNING: [Synth 8-7129] Port BUFG_PS_O[0] in module util_ds_buf is either unconnected or has no load
WARNING: [Synth 8-7129] Port MBUFG_GT_O1[0] in module util_ds_buf is either unconnected or has no load
WARNING: [Synth 8-7129] Port MBUFG_GT_O2[0] in module util_ds_buf is either unconnected or has no load
WARNING: [Synth 8-7129] Port MBUFG_GT_O3[0] in module util_ds_buf is either unconnected or has no load
WARNING: [Synth 8-7129] Port MBUFG_GT_O4[0] in module util_ds_buf is either unconnected or has no load
WARNING: [Synth 8-7129] Port MBUFG_PS_O1[0] in module util_ds_buf is either unconnected or has no load
WARNING: [Synth 8-7129] Port MBUFG_PS_O2[0] in module util_ds_buf is either unconnected or has no load
WARNING: [Synth 8-7129] Port MBUFG_PS_O3[0] in module util_ds_buf is either unconnected or has no load
WARNING: [Synth 8-7129] Port MBUFG_PS_O4[0] in module util_ds_buf is either unconnected or has no load
WARNING: [Synth 8-7129] Port IOBUF_IO_IO[0] in module util_ds_buf is either unconnected or has no load
WARNING: [Synth 8-7129] Port IBUF_DS_CEB[0] in module util_ds_buf is either unconnected or has no load
WARNING: [Synth 8-7129] Port OBUF_IN[0] in module util_ds_buf is either unconnected or has no load
WARNING: [Synth 8-7129] Port IOBUF_IO_T[0] in module util_ds_buf is either unconnected or has no load
WARNING: [Synth 8-7129] Port IOBUF_IO_I[0] in module util_ds_buf is either unconnected or has no load
WARNING: [Synth 8-7129] Port BUFG_I[0] in module util_ds_buf is either unconnected or has no load
WARNING: [Synth 8-7129] Port BUFGCE_I[0] in module util_ds_buf is either unconnected or has no load
WARNING: [Synth 8-7129] Port BUFGCE_CE[0] in module util_ds_buf is either unconnected or has no load
WARNING: [Synth 8-7129] Port BUFGCE_CLR[0] in module util_ds_buf is either unconnected or has no load
WARNING: [Synth 8-7129] Port BUFH_I[0] in module util_ds_buf is either unconnected or has no load
WARNING: [Synth 8-7129] Port BUFHCE_I[0] in module util_ds_buf is either unconnected or has no load
WARNING: [Synth 8-7129] Port BUFHCE_CE[0] in module util_ds_buf is either unconnected or has no load
WARNING: [Synth 8-7129] Port BUFG_FABRIC_I[0] in module util_ds_buf is either unconnected or has no load
WARNING: [Synth 8-7129] Port OBUFDS_GTE5_CEB[0] in module util_ds_buf is either unconnected or has no load
WARNING: [Synth 8-7129] Port OBUFDS_GTE5_I[0] in module util_ds_buf is either unconnected or has no load
WARNING: [Synth 8-7129] Port OBUFDS_GTE5_ADV_CEB[0] in module util_ds_buf is either unconnected or has no load
WARNING: [Synth 8-7129] Port OBUFDS_GTE5_ADV_I[3] in module util_ds_buf is either unconnected or has no load
WARNING: [Synth 8-7129] Port OBUFDS_GTE5_ADV_I[2] in module util_ds_buf is either unconnected or has no load
WARNING: [Synth 8-7129] Port OBUFDS_GTE5_ADV_I[1] in module util_ds_buf is either unconnected or has no load
WARNING: [Synth 8-7129] Port OBUFDS_GTE5_ADV_I[0] in module util_ds_buf is either unconnected or has no load
WARNING: [Synth 8-7129] Port OBUFDS_GTE5_ADV_RXRECCLKSEL[1] in module util_ds_buf is either unconnected or has no load
WARNING: [Synth 8-7129] Port OBUFDS_GTE5_ADV_RXRECCLKSEL[0] in module util_ds_buf is either unconnected or has no load
WARNING: [Synth 8-7129] Port OBUFDS_GTE3_CEB[0] in module util_ds_buf is either unconnected or has no load
WARNING: [Synth 8-7129] Port OBUFDS_GTE3_I[0] in module util_ds_buf is either unconnected or has no load
WARNING: [Synth 8-7129] Port OBUFDS_GTE3_ADV_CEB[0] in module util_ds_buf is either unconnected or has no load
WARNING: [Synth 8-7129] Port OBUFDS_GTE3_ADV_I[3] in module util_ds_buf is either unconnected or has no load
WARNING: [Synth 8-7129] Port OBUFDS_GTE3_ADV_I[2] in module util_ds_buf is either unconnected or has no load
WARNING: [Synth 8-7129] Port OBUFDS_GTE3_ADV_I[1] in module util_ds_buf is either unconnected or has no load
WARNING: [Synth 8-7129] Port OBUFDS_GTE3_ADV_I[0] in module util_ds_buf is either unconnected or has no load
WARNING: [Synth 8-7129] Port RXRECCLK_SEL_GTE3_ADV[1] in module util_ds_buf is either unconnected or has no load
WARNING: [Synth 8-7129] Port RXRECCLK_SEL_GTE3_ADV[0] in module util_ds_buf is either unconnected or has no load
WARNING: [Synth 8-7129] Port OBUFDS_GTE4_CEB[0] in module util_ds_buf is either unconnected or has no load
WARNING: [Synth 8-7129] Port OBUFDS_GTE4_I[0] in module util_ds_buf is either unconnected or has no load
WARNING: [Synth 8-7129] Port OBUFDS_GTE4_ADV_CEB[0] in module util_ds_buf is either unconnected or has no load
WARNING: [Synth 8-7129] Port OBUFDS_GTE4_ADV_I[3] in module util_ds_buf is either unconnected or has no load
WARNING: [Synth 8-7129] Port OBUFDS_GTE4_ADV_I[2] in module util_ds_buf is either unconnected or has no load
WARNING: [Synth 8-7129] Port OBUFDS_GTE4_ADV_I[1] in module util_ds_buf is either unconnected or has no load
WARNING: [Synth 8-7129] Port OBUFDS_GTE4_ADV_I[0] in module util_ds_buf is either unconnected or has no load
WARNING: [Synth 8-7129] Port RXRECCLK_SEL_GTE4_ADV[1] in module util_ds_buf is either unconnected or has no load
WARNING: [Synth 8-7129] Port RXRECCLK_SEL_GTE4_ADV[0] in module util_ds_buf is either unconnected or has no load
WARNING: [Synth 8-7129] Port IBUFDS_GTM_CEB[0] in module util_ds_buf is either unconnected or has no load
WARNING: [Synth 8-7129] Port IBUFDS_GTM_I[0] in module util_ds_buf is either unconnected or has no load
WARNING: [Synth 8-7129] Port IBUFDS_GTM_IB[0] in module util_ds_buf is either unconnected or has no load
WARNING: [Synth 8-7129] Port OBUFDS_GTM_CEB[0] in module util_ds_buf is either unconnected or has no load
WARNING: [Synth 8-7129] Port OBUFDS_GTM_I[0] in module util_ds_buf is either unconnected or has no load
WARNING: [Synth 8-7129] Port OBUFDS_GTM_ADV_CEB[0] in module util_ds_buf is either unconnected or has no load
WARNING: [Synth 8-7129] Port OBUFDS_GTM_ADV_I[3] in module util_ds_buf is either unconnected or has no load
WARNING: [Synth 8-7129] Port OBUFDS_GTM_ADV_I[2] in module util_ds_buf is either unconnected or has no load
WARNING: [Synth 8-7129] Port OBUFDS_GTM_ADV_I[1] in module util_ds_buf is either unconnected or has no load
WARNING: [Synth 8-7129] Port OBUFDS_GTM_ADV_I[0] in module util_ds_buf is either unconnected or has no load
WARNING: [Synth 8-7129] Port IBUFDS_GTME5_CEB[0] in module util_ds_buf is either unconnected or has no load
WARNING: [Synth 8-7129] Port IBUFDS_GTME5_I[0] in module util_ds_buf is either unconnected or has no load
WARNING: [Synth 8-7129] Port IBUFDS_GTME5_IB[0] in module util_ds_buf is either unconnected or has no load
WARNING: [Synth 8-7129] Port OBUFDS_GTME5_CEB[0] in module util_ds_buf is either unconnected or has no load
WARNING: [Synth 8-7129] Port OBUFDS_GTME5_I[0] in module util_ds_buf is either unconnected or has no load
WARNING: [Synth 8-7129] Port OBUFDS_GTME5_ADV_CEB[0] in module util_ds_buf is either unconnected or has no load
WARNING: [Synth 8-7129] Port OBUFDS_GTME5_ADV_I[3] in module util_ds_buf is either unconnected or has no load
WARNING: [Synth 8-7129] Port OBUFDS_GTME5_ADV_I[2] in module util_ds_buf is either unconnected or has no load
WARNING: [Synth 8-7129] Port OBUFDS_GTME5_ADV_I[1] in module util_ds_buf is either unconnected or has no load
WARNING: [Synth 8-7129] Port OBUFDS_GTME5_ADV_I[0] in module util_ds_buf is either unconnected or has no load
WARNING: [Synth 8-7129] Port OBUFDS_GTME5_ADV_RXRECCLKSEL[1] in module util_ds_buf is either unconnected or has no load
INFO: [Common 17-14] Message 'Synth 8-7129' appears 100 times and further instances of the messages will be disabled. Use the Tcl command set_msg_config to change the current settings.
---------------------------------------------------------------------------------
Finished RTL Elaboration : Time (s): cpu = 00:00:17 ; elapsed = 00:00:28 . Memory (MB): peak = 1525.289 ; gain = 503.660
---------------------------------------------------------------------------------
---------------------------------------------------------------------------------
Start Handling Custom Attributes
---------------------------------------------------------------------------------
---------------------------------------------------------------------------------
Finished Handling Custom Attributes : Time (s): cpu = 00:00:17 ; elapsed = 00:00:28 . Memory (MB): peak = 1525.289 ; gain = 503.660
---------------------------------------------------------------------------------
---------------------------------------------------------------------------------
Finished RTL Optimization Phase 1 : Time (s): cpu = 00:00:17 ; elapsed = 00:00:28 . Memory (MB): peak = 1525.289 ; gain = 503.660
---------------------------------------------------------------------------------
Netlist sorting complete. Time (s): cpu = 00:00:00 ; elapsed = 00:00:00.002 . Memory (MB): peak = 1525.289 ; gain = 0.000
WARNING: [Netlist 29-1115] Found multi-term driver net: U0/<const0>.
INFO: [Project 1-570] Preparing netlist for logic optimization

Processing XDC Constraints
Initializing timing engine
Parsing XDC File [d:/Tony/Downloads/RainbowGhost/Code/mircoBlaze_VC707_PCIeV2/mircoBlaze_VC707_PCIeV2.gen/sources_1/bd/mb_preset/ip/mb_preset_util_ds_buf_0_0/mb_preset_util_ds_buf_0_0_ooc.xdc] for cell 'U0'
Finished Parsing XDC File [d:/Tony/Downloads/RainbowGhost/Code/mircoBlaze_VC707_PCIeV2/mircoBlaze_VC707_PCIeV2.gen/sources_1/bd/mb_preset/ip/mb_preset_util_ds_buf_0_0/mb_preset_util_ds_buf_0_0_ooc.xdc] for cell 'U0'
Parsing XDC File [d:/Tony/Downloads/RainbowGhost/Code/mircoBlaze_VC707_PCIeV2/mircoBlaze_VC707_PCIeV2.gen/sources_1/bd/mb_preset/ip/mb_preset_util_ds_buf_0_0/mb_preset_util_ds_buf_0_0_board.xdc] for cell 'U0'
Finished Parsing XDC File [d:/Tony/Downloads/RainbowGhost/Code/mircoBlaze_VC707_PCIeV2/mircoBlaze_VC707_PCIeV2.gen/sources_1/bd/mb_preset/ip/mb_preset_util_ds_buf_0_0/mb_preset_util_ds_buf_0_0_board.xdc] for cell 'U0'
Parsing XDC File [D:/Tony/Downloads/RainbowGhost/Code/mircoBlaze_VC707_PCIeV2/mircoBlaze_VC707_PCIeV2.runs/mb_preset_util_ds_buf_0_0_synth_1/dont_touch.xdc]
Finished Parsing XDC File [D:/Tony/Downloads/RainbowGhost/Code/mircoBlaze_VC707_PCIeV2/mircoBlaze_VC707_PCIeV2.runs/mb_preset_util_ds_buf_0_0_synth_1/dont_touch.xdc]
Completed Processing XDC Constraints

Netlist sorting complete. Time (s): cpu = 00:00:00 ; elapsed = 00:00:00.001 . Memory (MB): peak = 1525.289 ; gain = 0.000
INFO: [Project 1-111] Unisim Transformation Summary:
No Unisim elements were transformed.

INFO: [Timing 38-2] Deriving generated clocks
Constraint Validation Runtime : Time (s): cpu = 00:00:00 ; elapsed = 00:00:00.159 . Memory (MB): peak = 1525.289 ; gain = 0.000
INFO: [Designutils 20-5008] Incremental synthesis strategy off
INFO: [Synth 8-11241] undeclared symbol 'REGCCE', assumed default net type 'wire' [D:/Xilinx/Vivado/2022.2/data/verilog/src/unimacro/BRAM_SINGLE_MACRO.v:2170]
---------------------------------------------------------------------------------
Finished Constraint Validation : Time (s): cpu = 00:00:39 ; elapsed = 00:00:58 . Memory (MB): peak = 1525.289 ; gain = 503.660
---------------------------------------------------------------------------------
---------------------------------------------------------------------------------
Start Loading Part and Timing Information
---------------------------------------------------------------------------------
Loading part: xc7vx485tffg1761-2
---------------------------------------------------------------------------------
Finished Loading Part and Timing Information : Time (s): cpu = 00:00:39 ; elapsed = 00:00:58 . Memory (MB): peak = 1525.289 ; gain = 503.660
---------------------------------------------------------------------------------
---------------------------------------------------------------------------------
Start Applying 'set_property' XDC Constraints
---------------------------------------------------------------------------------
Applied set_property KEEP_HIERARCHY = SOFT for U0. (constraint file  D:/Tony/Downloads/RainbowGhost/Code/mircoBlaze_VC707_PCIeV2/mircoBlaze_VC707_PCIeV2.runs/mb_preset_util_ds_buf_0_0_synth_1/dont_touch.xdc, line 9).
---------------------------------------------------------------------------------
Finished applying 'set_property' XDC Constraints : Time (s): cpu = 00:00:39 ; elapsed = 00:00:58 . Memory (MB): peak = 1525.289 ; gain = 503.660
---------------------------------------------------------------------------------
---------------------------------------------------------------------------------
Finished RTL Optimization Phase 2 : Time (s): cpu = 00:00:39 ; elapsed = 00:00:58 . Memory (MB): peak = 1525.289 ; gain = 503.660
---------------------------------------------------------------------------------
---------------------------------------------------------------------------------
Start RTL Component Statistics 
---------------------------------------------------------------------------------
Detailed RTL Component Info : 
---------------------------------------------------------------------------------
Finished RTL Component Statistics 
---------------------------------------------------------------------------------
---------------------------------------------------------------------------------
Start Part Resource Summary
---------------------------------------------------------------------------------
Part Resources:
DSPs: 2800 (col length:140)
BRAMs: 2060 (col length: RAMB18 140 RAMB36 70)
---------------------------------------------------------------------------------
Finished Part Resource Summary
---------------------------------------------------------------------------------
---------------------------------------------------------------------------------
Start Cross Boundary and Area Optimization
---------------------------------------------------------------------------------
WARNING: [Synth 8-7080] Parallel synthesis criteria is not met
---------------------------------------------------------------------------------
Finished Cross Boundary and Area Optimization : Time (s): cpu = 00:00:44 ; elapsed = 00:01:06 . Memory (MB): peak = 1525.289 ; gain = 503.660
---------------------------------------------------------------------------------
---------------------------------------------------------------------------------
Start Applying XDC Timing Constraints
---------------------------------------------------------------------------------
---------------------------------------------------------------------------------
Finished Applying XDC Timing Constraints : Time (s): cpu = 00:00:57 ; elapsed = 00:01:23 . Memory (MB): peak = 1525.289 ; gain = 503.660
---------------------------------------------------------------------------------
---------------------------------------------------------------------------------
Start Timing Optimization
---------------------------------------------------------------------------------
---------------------------------------------------------------------------------
Finished Timing Optimization : Time (s): cpu = 00:00:57 ; elapsed = 00:01:23 . Memory (MB): peak = 1525.289 ; gain = 503.660
---------------------------------------------------------------------------------
---------------------------------------------------------------------------------
Start Technology Mapping
---------------------------------------------------------------------------------
---------------------------------------------------------------------------------
Finished Technology Mapping : Time (s): cpu = 00:00:57 ; elapsed = 00:01:23 . Memory (MB): peak = 1525.289 ; gain = 503.660
---------------------------------------------------------------------------------
---------------------------------------------------------------------------------
Start IO Insertion
---------------------------------------------------------------------------------
---------------------------------------------------------------------------------
Start Flattening Before IO Insertion
---------------------------------------------------------------------------------
---------------------------------------------------------------------------------
Finished Flattening Before IO Insertion
---------------------------------------------------------------------------------
---------------------------------------------------------------------------------
Start Final Netlist Cleanup
---------------------------------------------------------------------------------
---------------------------------------------------------------------------------
Finished Final Netlist Cleanup
---------------------------------------------------------------------------------
---------------------------------------------------------------------------------
Finished IO Insertion : Time (s): cpu = 00:01:10 ; elapsed = 00:01:42 . Memory (MB): peak = 1525.289 ; gain = 503.660
---------------------------------------------------------------------------------
---------------------------------------------------------------------------------
Start Renaming Generated Instances
---------------------------------------------------------------------------------
---------------------------------------------------------------------------------
Finished Renaming Generated Instances : Time (s): cpu = 00:01:10 ; elapsed = 00:01:42 . Memory (MB): peak = 1525.289 ; gain = 503.660
---------------------------------------------------------------------------------
---------------------------------------------------------------------------------
Start Rebuilding User Hierarchy
---------------------------------------------------------------------------------
---------------------------------------------------------------------------------
Finished Rebuilding User Hierarchy : Time (s): cpu = 00:01:10 ; elapsed = 00:01:42 . Memory (MB): peak = 1525.289 ; gain = 503.660
---------------------------------------------------------------------------------
---------------------------------------------------------------------------------
Start Renaming Generated Ports
---------------------------------------------------------------------------------
---------------------------------------------------------------------------------
Finished Renaming Generated Ports : Time (s): cpu = 00:01:10 ; elapsed = 00:01:42 . Memory (MB): peak = 1525.289 ; gain = 503.660
---------------------------------------------------------------------------------
---------------------------------------------------------------------------------
Start Handling Custom Attributes
---------------------------------------------------------------------------------
---------------------------------------------------------------------------------
Finished Handling Custom Attributes : Time (s): cpu = 00:01:10 ; elapsed = 00:01:42 . Memory (MB): peak = 1525.289 ; gain = 503.660
---------------------------------------------------------------------------------
---------------------------------------------------------------------------------
Start Renaming Generated Nets
---------------------------------------------------------------------------------
---------------------------------------------------------------------------------
Finished Renaming Generated Nets : Time (s): cpu = 00:01:10 ; elapsed = 00:01:42 . Memory (MB): peak = 1525.289 ; gain = 503.660
---------------------------------------------------------------------------------
---------------------------------------------------------------------------------
Start Writing Synthesis Report
---------------------------------------------------------------------------------

Report BlackBoxes: 
+-+--------------+----------+
| |BlackBox name |Instances |
+-+--------------+----------+
+-+--------------+----------+

Report Cell Usage: 
+------+------------+------+
|      |Cell        |Count |
+------+------------+------+
|1     |IBUFDS_GTE2 |     1|
|2     |IBUF        |     2|
+------+------------+------+
---------------------------------------------------------------------------------
Finished Writing Synthesis Report : Time (s): cpu = 00:01:10 ; elapsed = 00:01:42 . Memory (MB): peak = 1525.289 ; gain = 503.660
---------------------------------------------------------------------------------
Synthesis finished with 0 errors, 0 critical warnings and 122 warnings.
Synthesis Optimization Runtime : Time (s): cpu = 00:00:45 ; elapsed = 00:01:31 . Memory (MB): peak = 1525.289 ; gain = 503.660
Synthesis Optimization Complete : Time (s): cpu = 00:01:10 ; elapsed = 00:01:43 . Memory (MB): peak = 1525.289 ; gain = 503.660
INFO: [Project 1-571] Translating synthesized netlist
Netlist sorting complete. Time (s): cpu = 00:00:00 ; elapsed = 00:00:00.002 . Memory (MB): peak = 1525.289 ; gain = 0.000
WARNING: [Netlist 29-1115] Found multi-term driver net: U0/<const0>.
INFO: [Project 1-570] Preparing netlist for logic optimization
INFO: [Opt 31-138] Pushed 0 inverter(s) to 0 load pin(s).
Netlist sorting complete. Time (s): cpu = 00:00:00 ; elapsed = 00:00:00 . Memory (MB): peak = 1550.988 ; gain = 0.000
INFO: [Project 1-111] Unisim Transformation Summary:
No Unisim elements were transformed.

Synth Design complete, checksum: b02cf0da
INFO: [Common 17-83] Releasing license: Synthesis
27 Infos, 142 Warnings, 0 Critical Warnings and 0 Errors encountered.
synth_design completed successfully
synth_design: Time (s): cpu = 00:01:29 ; elapsed = 00:02:14 . Memory (MB): peak = 1550.988 ; gain = 1083.047
INFO: [Common 17-1381] The checkpoint 'D:/Tony/Downloads/RainbowGhost/Code/mircoBlaze_VC707_PCIeV2/mircoBlaze_VC707_PCIeV2.runs/mb_preset_util_ds_buf_0_0_synth_1/mb_preset_util_ds_buf_0_0.dcp' has been generated.
INFO: [Coretcl 2-1648] Added synthesis output to IP cache for IP mb_preset_util_ds_buf_0_0, cache-ID = 5b529855d0ee5c1c
INFO: [Common 17-1381] The checkpoint 'D:/Tony/Downloads/RainbowGhost/Code/mircoBlaze_VC707_PCIeV2/mircoBlaze_VC707_PCIeV2.runs/mb_preset_util_ds_buf_0_0_synth_1/mb_preset_util_ds_buf_0_0.dcp' has been generated.
INFO: [runtcl-4] Executing : report_utilization -file mb_preset_util_ds_buf_0_0_utilization_synth.rpt -pb mb_preset_util_ds_buf_0_0_utilization_synth.pb
INFO: [Common 17-206] Exiting Vivado at Sat Feb 18 02:12:39 2023...
